#
# There is insufficient memory for the Java Runtime Environment to continue.
# Native memory allocation (malloc) failed to allocate 981616 bytes for Chunk::new
# Possible reasons:
#   The system is out of physical RAM or swap space
#   The process is running with CompressedOops enabled, and the Java Heap may be blocking the growth of the native heap
# Possible solutions:
#   Reduce memory load on the system
#   Increase physical memory or swap space
#   Check if swap backing store is full
#   Decrease Java heap size (-Xmx/-Xms)
#   Decrease number of Java threads
#   Decrease Java thread stack sizes (-Xss)
#   Set larger code cache with -XX:ReservedCodeCacheSize=
#   JVM is running with Unscaled Compressed Oops mode in which the Java heap is
#     placed in the first 4GB address space. The Java Heap base address is the
#     maximum limit for the native heap growth. Please use -XX:HeapBaseMinAddress
#     to set the Java Heap base and to place the Java Heap above 4GB virtual address.
# This output file may be truncated or incomplete.
#
#  Out of Memory Error (arena.cpp:189), pid=5680, tid=6452
#
# JRE version: OpenJDK Runtime Environment Temurin-17.0.4.1+1 (17.0.4.1+1) (build 17.0.4.1+1)
# Java VM: OpenJDK 64-Bit Server VM Temurin-17.0.4.1+1 (17.0.4.1+1, mixed mode, tiered, compressed oops, compressed class ptrs, parallel gc, windows-amd64)
# No core dump will be written. Minidumps are not enabled by default on client versions of Windows
#

---------------  S U M M A R Y ------------

Command Line: --add-modules=ALL-SYSTEM --add-opens=java.base/java.util=ALL-UNNAMED --add-opens=java.base/java.lang=ALL-UNNAMED --add-opens=java.base/sun.nio.fs=ALL-UNNAMED -Declipse.application=org.eclipse.jdt.ls.core.id1 -Dosgi.bundles.defaultStartLevel=4 -Declipse.product=org.eclipse.jdt.ls.core.product -Djava.import.generatesMetadataFilesAtProjectRoot=false -Dfile.encoding=utf8 -DwatchParentProcess=false -XX:+UseParallelGC -XX:GCTimeRatio=4 -XX:AdaptiveSizePolicyWeight=90 -Dsun.zip.disableMemoryMapping=true -Xmx1G -Xms100m -Xlog:disable -javaagent:c:\Users\DELL\.vscode\extensions\redhat.java-1.11.0-win32-x64\lombok\lombok-1.18.24.jar c:\Users\DELL\.vscode\extensions\redhat.java-1.11.0-win32-x64\server\plugins\org.eclipse.equinox.launcher_1.6.400.v20210924-0641.jar -configuration c:\Users\DELL\AppData\Roaming\Code\User\globalStorage\redhat.java\1.11.0\config_ss_win -data c:\Users\DELL\AppData\Roaming\Code\User\workspaceStorage\33bd1648870debec2126c90b78d4fd85\redhat.java\ss_ws

Host: Intel(R) Core(TM) i5-6500 CPU @ 3.20GHz, 4 cores, 7G,  Windows 10 , 64 bit Build 16299 (10.0.16299.15)
Time: Sun Oct  2 19:52:23 2022 Hora oficial do Brasil elapsed time: 1.766140 seconds (0d 0h 0m 1s)

---------------  T H R E A D  ---------------

Current thread (0x000002338ec0bb10):  JavaThread "C2 CompilerThread1" daemon [_thread_in_native, id=6452, stack(0x000000d491100000,0x000000d491200000)]


Current CompileTask:
C2:   1766 2184       4       org.objectweb.asm.ClassReader::readMethod (1066 bytes)

Stack: [0x000000d491100000,0x000000d491200000]
Native frames: (J=compiled Java code, j=interpreted, Vv=VM code, C=native code)
V  [jvm.dll+0x67731a]
V  [jvm.dll+0x832284]
V  [jvm.dll+0x833a2e]
V  [jvm.dll+0x834093]
V  [jvm.dll+0x245775]
V  [jvm.dll+0xabd7b]
V  [jvm.dll+0xac30c]
V  [jvm.dll+0x2ac80f]
V  [jvm.dll+0x57dd77]
V  [jvm.dll+0x220892]
V  [jvm.dll+0x220c6f]
V  [jvm.dll+0x21a4d5]
V  [jvm.dll+0x21799b]
V  [jvm.dll+0x1a3f8d]
V  [jvm.dll+0x227498]
V  [jvm.dll+0x2255e5]
V  [jvm.dll+0x7e7e9b]
V  [jvm.dll+0x7e240a]
V  [jvm.dll+0x6761a5]
C  [ucrtbase.dll+0x1d885]
C  [KERNEL32.DLL+0x11fe4]
C  [ntdll.dll+0x6ef91]


---------------  P R O C E S S  ---------------

Threads class SMR info:
_java_thread_list=0x00000233a829fe60, length=23, elements={
0x000002338eba4650, 0x000002338ec680e0, 0x000002338ec6ab20, 0x00000233a48f1df0,
0x00000233a48f2c60, 0x00000233a48f56a0, 0x00000233a4924bf0, 0x00000233a49263a0,
0x00000233a492ae50, 0x00000233a492c400, 0x00000233a633ec30, 0x000002338ec0bb10,
0x00000233a65f62c0, 0x00000233a7c226c0, 0x00000233a7c1dc60, 0x00000233a7c6e290,
0x00000233a7c07210, 0x00000233a7bc00f0, 0x00000233a6edd810, 0x00000233a69faea0,
0x00000233a69fd050, 0x00000233a69f9b60, 0x00000233a69fbd10
}

Java Threads: ( => current thread )
  0x000002338eba4650 JavaThread "main" [_thread_blocked, id=10264, stack(0x000000d490300000,0x000000d490400000)]
  0x000002338ec680e0 JavaThread "Reference Handler" daemon [_thread_blocked, id=7788, stack(0x000000d490600000,0x000000d490700000)]
  0x000002338ec6ab20 JavaThread "Finalizer" daemon [_thread_blocked, id=7780, stack(0x000000d490700000,0x000000d490800000)]
  0x00000233a48f1df0 JavaThread "Signal Dispatcher" daemon [_thread_blocked, id=10344, stack(0x000000d490900000,0x000000d490a00000)]
  0x00000233a48f2c60 JavaThread "Attach Listener" daemon [_thread_blocked, id=7132, stack(0x000000d490a00000,0x000000d490b00000)]
  0x00000233a48f56a0 JavaThread "Service Thread" daemon [_thread_blocked, id=2320, stack(0x000000d490b00000,0x000000d490c00000)]
  0x00000233a4924bf0 JavaThread "Monitor Deflation Thread" daemon [_thread_blocked, id=6432, stack(0x000000d490c00000,0x000000d490d00000)]
  0x00000233a49263a0 JavaThread "C2 CompilerThread0" daemon [_thread_blocked, id=3584, stack(0x000000d490d00000,0x000000d490e00000)]
  0x00000233a492ae50 JavaThread "C1 CompilerThread0" daemon [_thread_blocked, id=5380, stack(0x000000d490e00000,0x000000d490f00000)]
  0x00000233a492c400 JavaThread "Sweeper thread" daemon [_thread_blocked, id=5128, stack(0x000000d490f00000,0x000000d491000000)]
  0x00000233a633ec30 JavaThread "Common-Cleaner" daemon [_thread_blocked, id=6848, stack(0x000000d491000000,0x000000d491100000)]
=>0x000002338ec0bb10 JavaThread "C2 CompilerThread1" daemon [_thread_in_native, id=6452, stack(0x000000d491100000,0x000000d491200000)]
  0x00000233a65f62c0 JavaThread "Notification Thread" daemon [_thread_blocked, id=8940, stack(0x000000d491200000,0x000000d491300000)]
  0x00000233a7c226c0 JavaThread "Active Thread: Equinox Container: 3011a3a6-efa8-45ff-a3a7-513fddea2bee" [_thread_blocked, id=8552, stack(0x000000d491700000,0x000000d491800000)]
  0x00000233a7c1dc60 JavaThread "Framework Event Dispatcher: Equinox Container: 3011a3a6-efa8-45ff-a3a7-513fddea2bee" daemon [_thread_blocked, id=900, stack(0x000000d491800000,0x000000d491900000)]
  0x00000233a7c6e290 JavaThread "Start Level: Equinox Container: 3011a3a6-efa8-45ff-a3a7-513fddea2bee" daemon [_thread_blocked, id=1732, stack(0x000000d491900000,0x000000d491a00000)]
  0x00000233a7c07210 JavaThread "SCR Component Actor" daemon [_thread_blocked, id=6928, stack(0x000000d491a00000,0x000000d491b00000)]
  0x00000233a7bc00f0 JavaThread "SCR Component Registry" daemon [_thread_blocked, id=3356, stack(0x000000d491b00000,0x000000d491c00000)]
  0x00000233a6edd810 JavaThread "Worker-JM" [_thread_blocked, id=8768, stack(0x000000d491c00000,0x000000d491d00000)]
  0x00000233a69faea0 JavaThread "Worker-0" [_thread_blocked, id=7480, stack(0x000000d491d00000,0x000000d491e00000)]
  0x00000233a69fd050 JavaThread "Worker-1" [_thread_blocked, id=2012, stack(0x000000d491e00000,0x000000d491f00000)]
  0x00000233a69f9b60 JavaThread "Worker-2" [_thread_blocked, id=9908, stack(0x000000d491f00000,0x000000d492000000)]
  0x00000233a69fbd10 JavaThread "Java indexing" daemon [_thread_blocked, id=2208, stack(0x000000d492000000,0x000000d492100000)]

Other Threads:
  0x00000233a48d1910 VMThread "VM Thread" [stack: 0x000000d490500000,0x000000d490600000] [id=10860]
  0x00000233a65abc10 WatcherThread [stack: 0x000000d491300000,0x000000d491400000] [id=8512]
  0x000002338ebbd910 GCTaskThread "GC Thread#0" [stack: 0x000000d490400000,0x000000d490500000] [id=3128]
  0x00000233a6db43d0 GCTaskThread "GC Thread#1" [stack: 0x000000d491400000,0x000000d491500000] [id=6132]
  0x00000233a6db4680 GCTaskThread "GC Thread#2" [stack: 0x000000d491500000,0x000000d491600000] [id=3804]
  0x00000233a6db4930 GCTaskThread "GC Thread#3" [stack: 0x000000d491600000,0x000000d491700000] [id=4760]

Threads with active compile tasks:
C2 CompilerThread1     1777 2184       4       org.objectweb.asm.ClassReader::readMethod (1066 bytes)

VM state: not at safepoint (normal execution)

VM Mutex/Monitor currently owned by a thread: None

Heap address: 0x00000000c0000000, size: 1024 MB, Compressed Oops mode: 32-bit

CDS archive(s) not mapped
Compressed class space mapped at: 0x0000000100000000-0x0000000140000000, reserved size: 1073741824
Narrow klass base: 0x0000000000000000, Narrow klass shift: 3, Narrow klass range: 0x140000000

GC Precious Log:
 CPUs: 4 total, 4 available
 Memory: 8094M
 Large Page Support: Disabled
 NUMA Support: Disabled
 Compressed Oops: Enabled (32-bit)
 Alignments: Space 512K, Generation 512K, Heap 2M
 Heap Min Capacity: 100M
 Heap Initial Capacity: 100M
 Heap Max Capacity: 1G
 Pre-touch: Disabled
 Parallel Workers: 4

Heap:
 PSYoungGen      total 26624K, used 19203K [0x00000000eab00000, 0x00000000ec880000, 0x0000000100000000)
  eden space 25088K, 72% used [0x00000000eab00000,0x00000000ebcb6e90,0x00000000ec380000)
  from space 1536K, 69% used [0x00000000ec400000,0x00000000ec50a160,0x00000000ec580000)
  to   space 2560K, 0% used [0x00000000ec600000,0x00000000ec600000,0x00000000ec880000)
 ParOldGen       total 68608K, used 6992K [0x00000000c0000000, 0x00000000c4300000, 0x00000000eab00000)
  object space 68608K, 10% used [0x00000000c0000000,0x00000000c06d42f8,0x00000000c4300000)
 Metaspace       used 25952K, committed 26368K, reserved 1073152K
  class space    used 2501K, committed 2688K, reserved 1048576K

Card table byte_map: [0x00000233a21e0000,0x00000233a23f0000] _byte_map_base: 0x00000233a1be0000

Marking Bits: (ParMarkBitMap*) 0x00007ffa95a82cc0
 Begin Bits: [0x00000233a2550000, 0x00000233a3550000)
 End Bits:   [0x00000233a3550000, 0x00000233a4550000)

Polling page: 0x000002338ea30000

Metaspace:

Usage:
  Non-class:     22.90 MB used.
      Class:      2.44 MB used.
       Both:     25.34 MB used.

Virtual space:
  Non-class space:       24.00 MB reserved,      23.13 MB ( 96%) committed,  3 nodes.
      Class space:        1.00 GB reserved,       2.63 MB ( <1%) committed,  1 nodes.
             Both:        1.02 GB reserved,      25.75 MB (  2%) committed. 

Chunk freelists:
   Non-Class:  205.00 KB
       Class:  1.39 MB
        Both:  1.59 MB

MaxMetaspaceSize: unlimited
CompressedClassSpaceSize: 1.00 GB
Initial GC threshold: 21.00 MB
Current GC threshold: 35.00 MB
CDS: off
MetaspaceReclaimPolicy: balanced
 - commit_granule_bytes: 65536.
 - commit_granule_words: 8192.
 - virtual_space_node_default_size: 1048576.
 - enlarge_chunks_in_place: 1.
 - new_chunks_are_fully_committed: 0.
 - uncommit_free_chunks: 1.
 - use_allocation_guard: 0.
 - handle_deallocations: 1.


Internal statistics:

num_allocs_failed_limit: 3.
num_arena_births: 170.
num_arena_deaths: 14.
num_vsnodes_births: 4.
num_vsnodes_deaths: 0.
num_space_committed: 412.
num_space_uncommitted: 0.
num_chunks_returned_to_freelist: 17.
num_chunks_taken_from_freelist: 823.
num_chunk_merges: 7.
num_chunk_splits: 579.
num_chunks_enlarged: 428.
num_purges: 2.
num_inconsistent_stats: 0.

CodeHeap 'non-profiled nmethods': size=120000Kb used=851Kb max_used=851Kb free=119149Kb
 bounds [0x000002339aad0000, 0x000002339ad40000, 0x00000233a2000000]
CodeHeap 'profiled nmethods': size=120000Kb used=4578Kb max_used=4578Kb free=115421Kb
 bounds [0x00000233935a0000, 0x0000023393a20000, 0x000002339aad0000]
CodeHeap 'non-nmethods': size=5760Kb used=1221Kb max_used=1240Kb free=4539Kb
 bounds [0x0000023393000000, 0x0000023393270000, 0x00000233935a0000]
 total_blobs=2804 nmethods=2272 adapters=446
 compilation: enabled
              stopped_count=0, restarted_count=0
 full_count=0

Compilation events (20 events):
Event: 1.733 Thread 0x00000233a492ae50 nmethod 2267 0x0000023393a15290 code [0x0000023393a15420, 0x0000023393a15598]
Event: 1.733 Thread 0x00000233a492ae50 2269       3       java.lang.Character::toUpperCase (9 bytes)
Event: 1.733 Thread 0x00000233a492ae50 nmethod 2269 0x0000023393a15690 code [0x0000023393a15840, 0x0000023393a15a38]
Event: 1.733 Thread 0x00000233a492ae50 2271       3       java.lang.ProcessEnvironment$NameComparator::compare (90 bytes)
Event: 1.734 Thread 0x00000233a492ae50 nmethod 2271 0x0000023393a15b10 code [0x0000023393a15e20, 0x0000023393a17038]
Event: 1.734 Thread 0x00000233a492ae50 2272       3       java.util.HashSet::contains (9 bytes)
Event: 1.734 Thread 0x00000233a492ae50 nmethod 2272 0x0000023393a17910 code [0x0000023393a17ac0, 0x0000023393a17c88]
Event: 1.734 Thread 0x00000233a492ae50 2268       3       java.lang.Character::toUpperCase (6 bytes)
Event: 1.734 Thread 0x00000233a492ae50 nmethod 2268 0x0000023393a17d90 code [0x0000023393a17f40, 0x0000023393a18198]
Event: 1.734 Thread 0x00000233a492ae50 2270       3       java.lang.ProcessEnvironment$NameComparator::compare (13 bytes)
Event: 1.734 Thread 0x00000233a492ae50 nmethod 2270 0x0000023393a18290 code [0x0000023393a18440, 0x0000023393a18748]
Event: 1.736 Thread 0x00000233a49263a0 nmethod 2249 0x000002339aba2810 code [0x000002339aba2a20, 0x000002339aba37f0]
Event: 1.736 Thread 0x00000233a49263a0 2258       4       java.lang.Character::digit (6 bytes)
Event: 1.737 Thread 0x00000233a49263a0 nmethod 2258 0x000002339aba4190 code [0x000002339aba4320, 0x000002339aba4498]
Event: 1.737 Thread 0x00000233a49263a0 2256       4       java.util.HashMap::afterNodeRemoval (1 bytes)
Event: 1.737 Thread 0x00000233a49263a0 nmethod 2256 0x000002339aba4610 code [0x000002339aba4780, 0x000002339aba47f8]
Event: 1.749 Thread 0x00000233a492ae50 2273       3       jdk.internal.reflect.ClassFileAssembler::setStack (25 bytes)
Event: 1.750 Thread 0x00000233a492ae50 nmethod 2273 0x0000023393a18810 code [0x0000023393a189a0, 0x0000023393a18af8]
Event: 1.750 Thread 0x00000233a492ae50 2274       1       jdk.internal.reflect.NativeConstructorAccessorImpl::setParent (6 bytes)
Event: 1.750 Thread 0x00000233a492ae50 nmethod 2274 0x000002339aba4910 code [0x000002339aba4aa0, 0x000002339aba4b78]

GC Heap History (12 events):
Event: 0.613 GC heap before
{Heap before GC invocations=1 (full 0):
 PSYoungGen      total 29696K, used 25600K [0x00000000eab00000, 0x00000000ecc00000, 0x0000000100000000)
  eden space 25600K, 100% used [0x00000000eab00000,0x00000000ec400000,0x00000000ec400000)
  from space 4096K, 0% used [0x00000000ec800000,0x00000000ec800000,0x00000000ecc00000)
  to   space 4096K, 0% used [0x00000000ec400000,0x00000000ec400000,0x00000000ec800000)
 ParOldGen       total 68608K, used 0K [0x00000000c0000000, 0x00000000c4300000, 0x00000000eab00000)
  object space 68608K, 0% used [0x00000000c0000000,0x00000000c0000000,0x00000000c4300000)
 Metaspace       used 10830K, committed 11008K, reserved 1064960K
  class space    used 1089K, committed 1152K, reserved 1048576K
}
Event: 0.618 GC heap after
{Heap after GC invocations=1 (full 0):
 PSYoungGen      total 29696K, used 3224K [0x00000000eab00000, 0x00000000ecc00000, 0x0000000100000000)
  eden space 25600K, 0% used [0x00000000eab00000,0x00000000eab00000,0x00000000ec400000)
  from space 4096K, 78% used [0x00000000ec400000,0x00000000ec726218,0x00000000ec800000)
  to   space 4096K, 0% used [0x00000000ec800000,0x00000000ec800000,0x00000000ecc00000)
 ParOldGen       total 68608K, used 16K [0x00000000c0000000, 0x00000000c4300000, 0x00000000eab00000)
  object space 68608K, 0% used [0x00000000c0000000,0x00000000c0004000,0x00000000c4300000)
 Metaspace       used 10830K, committed 11008K, reserved 1064960K
  class space    used 1089K, committed 1152K, reserved 1048576K
}
Event: 1.082 GC heap before
{Heap before GC invocations=2 (full 0):
 PSYoungGen      total 29696K, used 28824K [0x00000000eab00000, 0x00000000ecc00000, 0x0000000100000000)
  eden space 25600K, 100% used [0x00000000eab00000,0x00000000ec400000,0x00000000ec400000)
  from space 4096K, 78% used [0x00000000ec400000,0x00000000ec726218,0x00000000ec800000)
  to   space 4096K, 0% used [0x00000000ec800000,0x00000000ec800000,0x00000000ecc00000)
 ParOldGen       total 68608K, used 16K [0x00000000c0000000, 0x00000000c4300000, 0x00000000eab00000)
  object space 68608K, 0% used [0x00000000c0000000,0x00000000c0004000,0x00000000c4300000)
 Metaspace       used 15210K, committed 15424K, reserved 1064960K
  class space    used 1557K, committed 1664K, reserved 1048576K
}
Event: 1.086 GC heap after
{Heap after GC invocations=2 (full 0):
 PSYoungGen      total 29696K, used 4093K [0x00000000eab00000, 0x00000000ecc00000, 0x0000000100000000)
  eden space 25600K, 0% used [0x00000000eab00000,0x00000000eab00000,0x00000000ec400000)
  from space 4096K, 99% used [0x00000000ec800000,0x00000000ecbff718,0x00000000ecc00000)
  to   space 4096K, 0% used [0x00000000ec400000,0x00000000ec400000,0x00000000ec800000)
 ParOldGen       total 68608K, used 696K [0x00000000c0000000, 0x00000000c4300000, 0x00000000eab00000)
  object space 68608K, 1% used [0x00000000c0000000,0x00000000c00ae350,0x00000000c4300000)
 Metaspace       used 15210K, committed 15424K, reserved 1064960K
  class space    used 1557K, committed 1664K, reserved 1048576K
}
Event: 1.428 GC heap before
{Heap before GC invocations=3 (full 0):
 PSYoungGen      total 29696K, used 29693K [0x00000000eab00000, 0x00000000ecc00000, 0x0000000100000000)
  eden space 25600K, 100% used [0x00000000eab00000,0x00000000ec400000,0x00000000ec400000)
  from space 4096K, 99% used [0x00000000ec800000,0x00000000ecbff718,0x00000000ecc00000)
  to   space 4096K, 0% used [0x00000000ec400000,0x00000000ec400000,0x00000000ec800000)
 ParOldGen       total 68608K, used 707K [0x00000000c0000000, 0x00000000c4300000, 0x00000000eab00000)
  object space 68608K, 1% used [0x00000000c0000000,0x00000000c00b0ec0,0x00000000c4300000)
 Metaspace       used 20236K, committed 20608K, reserved 1073152K
  class space    used 2074K, committed 2240K, reserved 1048576K
}
Event: 1.433 GC heap after
{Heap after GC invocations=3 (full 0):
 PSYoungGen      total 29696K, used 4082K [0x00000000eab00000, 0x00000000ecc00000, 0x0000000100000000)
  eden space 25600K, 0% used [0x00000000eab00000,0x00000000eab00000,0x00000000ec400000)
  from space 4096K, 99% used [0x00000000ec400000,0x00000000ec7fca60,0x00000000ec800000)
  to   space 4096K, 0% used [0x00000000ec800000,0x00000000ec800000,0x00000000ecc00000)
 ParOldGen       total 68608K, used 2722K [0x00000000c0000000, 0x00000000c4300000, 0x00000000eab00000)
  object space 68608K, 3% used [0x00000000c0000000,0x00000000c02a8b40,0x00000000c4300000)
 Metaspace       used 20236K, committed 20608K, reserved 1073152K
  class space    used 2074K, committed 2240K, reserved 1048576K
}
Event: 1.471 GC heap before
{Heap before GC invocations=4 (full 0):
 PSYoungGen      total 29696K, used 9360K [0x00000000eab00000, 0x00000000ecc00000, 0x0000000100000000)
  eden space 25600K, 20% used [0x00000000eab00000,0x00000000eb027640,0x00000000ec400000)
  from space 4096K, 99% used [0x00000000ec400000,0x00000000ec7fca60,0x00000000ec800000)
  to   space 4096K, 0% used [0x00000000ec800000,0x00000000ec800000,0x00000000ecc00000)
 ParOldGen       total 68608K, used 2722K [0x00000000c0000000, 0x00000000c4300000, 0x00000000eab00000)
  object space 68608K, 3% used [0x00000000c0000000,0x00000000c02a8b40,0x00000000c4300000)
 Metaspace       used 21131K, committed 21504K, reserved 1073152K
  class space    used 2157K, committed 2368K, reserved 1048576K
}
Event: 1.475 GC heap after
{Heap after GC invocations=4 (full 0):
 PSYoungGen      total 29696K, used 4077K [0x00000000eab00000, 0x00000000ecc00000, 0x0000000100000000)
  eden space 25600K, 0% used [0x00000000eab00000,0x00000000eab00000,0x00000000ec400000)
  from space 4096K, 99% used [0x00000000ec800000,0x00000000ecbfb7f8,0x00000000ecc00000)
  to   space 4096K, 0% used [0x00000000ec400000,0x00000000ec400000,0x00000000ec800000)
 ParOldGen       total 68608K, used 3046K [0x00000000c0000000, 0x00000000c4300000, 0x00000000eab00000)
  object space 68608K, 4% used [0x00000000c0000000,0x00000000c02f9b50,0x00000000c4300000)
 Metaspace       used 21131K, committed 21504K, reserved 1073152K
  class space    used 2157K, committed 2368K, reserved 1048576K
}
Event: 1.475 GC heap before
{Heap before GC invocations=5 (full 1):
 PSYoungGen      total 29696K, used 4077K [0x00000000eab00000, 0x00000000ecc00000, 0x0000000100000000)
  eden space 25600K, 0% used [0x00000000eab00000,0x00000000eab00000,0x00000000ec400000)
  from space 4096K, 99% used [0x00000000ec800000,0x00000000ecbfb7f8,0x00000000ecc00000)
  to   space 4096K, 0% used [0x00000000ec400000,0x00000000ec400000,0x00000000ec800000)
 ParOldGen       total 68608K, used 3046K [0x00000000c0000000, 0x00000000c4300000, 0x00000000eab00000)
  object space 68608K, 4% used [0x00000000c0000000,0x00000000c02f9b50,0x00000000c4300000)
 Metaspace       used 21131K, committed 21504K, reserved 1073152K
  class space    used 2157K, committed 2368K, reserved 1048576K
}
Event: 1.495 GC heap after
{Heap after GC invocations=5 (full 1):
 PSYoungGen      total 29696K, used 0K [0x00000000eab00000, 0x00000000ecc00000, 0x0000000100000000)
  eden space 25600K, 0% used [0x00000000eab00000,0x00000000eab00000,0x00000000ec400000)
  from space 4096K, 0% used [0x00000000ec800000,0x00000000ec800000,0x00000000ecc00000)
  to   space 4096K, 0% used [0x00000000ec400000,0x00000000ec400000,0x00000000ec800000)
 ParOldGen       total 68608K, used 6981K [0x00000000c0000000, 0x00000000c4300000, 0x00000000eab00000)
  object space 68608K, 10% used [0x00000000c0000000,0x00000000c06d17b0,0x00000000c4300000)
 Metaspace       used 21118K, committed 21504K, reserved 1073152K
  class space    used 2153K, committed 2368K, reserved 1048576K
}
Event: 1.644 GC heap before
{Heap before GC invocations=6 (full 1):
 PSYoungGen      total 29696K, used 25600K [0x00000000eab00000, 0x00000000ecc00000, 0x0000000100000000)
  eden space 25600K, 100% used [0x00000000eab00000,0x00000000ec400000,0x00000000ec400000)
  from space 4096K, 0% used [0x00000000ec800000,0x00000000ec800000,0x00000000ecc00000)
  to   space 4096K, 0% used [0x00000000ec400000,0x00000000ec400000,0x00000000ec800000)
 ParOldGen       total 68608K, used 6984K [0x00000000c0000000, 0x00000000c4300000, 0x00000000eab00000)
  object space 68608K, 10% used [0x00000000c0000000,0x00000000c06d22f8,0x00000000c4300000)
 Metaspace       used 24506K, committed 24832K, reserved 1073152K
  class space    used 2400K, committed 2560K, reserved 1048576K
}
Event: 1.645 GC heap after
{Heap after GC invocations=6 (full 1):
 PSYoungGen      total 26624K, used 1064K [0x00000000eab00000, 0x00000000ec880000, 0x0000000100000000)
  eden space 25088K, 0% used [0x00000000eab00000,0x00000000eab00000,0x00000000ec380000)
  from space 1536K, 69% used [0x00000000ec400000,0x00000000ec50a160,0x00000000ec580000)
  to   space 2560K, 0% used [0x00000000ec600000,0x00000000ec600000,0x00000000ec880000)
 ParOldGen       total 68608K, used 6992K [0x00000000c0000000, 0x00000000c4300000, 0x00000000eab00000)
  object space 68608K, 10% used [0x00000000c0000000,0x00000000c06d42f8,0x00000000c4300000)
 Metaspace       used 24506K, committed 24832K, reserved 1073152K
  class space    used 2400K, committed 2560K, reserved 1048576K
}

Deoptimization events (20 events):
Event: 1.321 Thread 0x00000233a7c6e290 Uncommon trap: trap_request=0xffffff45 fr.pc=0x000002339aafec70 relative=0x0000000000000c50
Event: 1.321 Thread 0x00000233a7c6e290 Uncommon trap: reason=unstable_if action=reinterpret pc=0x000002339aafec70 method=lombok.patcher.PatchScript.classMatches(Ljava/lang/String;Ljava/util/Collection;)Z @ 25 c2
Event: 1.321 Thread 0x00000233a7c6e290 DEOPT PACKING pc=0x000002339aafec70 sp=0x000000d4919f7110
Event: 1.321 Thread 0x00000233a7c6e290 DEOPT UNPACKING pc=0x00000233930520a3 sp=0x000000d4919f70d0 mode 2
Event: 1.732 Thread 0x00000233a7c6e290 Uncommon trap: trap_request=0xffffffc6 fr.pc=0x000002339ab4f9d0 relative=0x0000000000000990
Event: 1.732 Thread 0x00000233a7c6e290 Uncommon trap: reason=bimorphic_or_optimized_type_check action=maybe_recompile pc=0x000002339ab4f9d0 method=java.util.HashMap.putVal(ILjava/lang/Object;Ljava/lang/Object;ZZ)Ljava/lang/Object; @ 56 c2
Event: 1.732 Thread 0x00000233a7c6e290 DEOPT PACKING pc=0x000002339ab4f9d0 sp=0x000000d4919fdf50
Event: 1.732 Thread 0x00000233a7c6e290 DEOPT UNPACKING pc=0x00000233930520a3 sp=0x000000d4919fdea8 mode 2
Event: 1.732 Thread 0x00000233a7c6e290 Uncommon trap: trap_request=0xffffffc6 fr.pc=0x000002339ab4f9d0 relative=0x0000000000000990
Event: 1.732 Thread 0x00000233a7c6e290 Uncommon trap: reason=bimorphic_or_optimized_type_check action=maybe_recompile pc=0x000002339ab4f9d0 method=java.util.HashMap.putVal(ILjava/lang/Object;Ljava/lang/Object;ZZ)Ljava/lang/Object; @ 56 c2
Event: 1.732 Thread 0x00000233a7c6e290 DEOPT PACKING pc=0x000002339ab4f9d0 sp=0x000000d4919fdf50
Event: 1.732 Thread 0x00000233a7c6e290 DEOPT UNPACKING pc=0x00000233930520a3 sp=0x000000d4919fdea8 mode 2
Event: 1.732 Thread 0x00000233a7c6e290 Uncommon trap: trap_request=0xffffffc6 fr.pc=0x000002339ab4f9d0 relative=0x0000000000000990
Event: 1.732 Thread 0x00000233a7c6e290 Uncommon trap: reason=bimorphic_or_optimized_type_check action=maybe_recompile pc=0x000002339ab4f9d0 method=java.util.HashMap.putVal(ILjava/lang/Object;Ljava/lang/Object;ZZ)Ljava/lang/Object; @ 56 c2
Event: 1.732 Thread 0x00000233a7c6e290 DEOPT PACKING pc=0x000002339ab4f9d0 sp=0x000000d4919fdf50
Event: 1.732 Thread 0x00000233a7c6e290 DEOPT UNPACKING pc=0x00000233930520a3 sp=0x000000d4919fdea8 mode 2
Event: 1.732 Thread 0x00000233a7c6e290 Uncommon trap: trap_request=0xffffffc6 fr.pc=0x000002339ab4f9d0 relative=0x0000000000000990
Event: 1.732 Thread 0x00000233a7c6e290 Uncommon trap: reason=bimorphic_or_optimized_type_check action=maybe_recompile pc=0x000002339ab4f9d0 method=java.util.HashMap.putVal(ILjava/lang/Object;Ljava/lang/Object;ZZ)Ljava/lang/Object; @ 56 c2
Event: 1.732 Thread 0x00000233a7c6e290 DEOPT PACKING pc=0x000002339ab4f9d0 sp=0x000000d4919fdf50
Event: 1.732 Thread 0x00000233a7c6e290 DEOPT UNPACKING pc=0x00000233930520a3 sp=0x000000d4919fdea8 mode 2

Classes unloaded (7 events):
Event: 1.479 Thread 0x00000233a48d1910 Unloading class 0x0000000100210800 'java/lang/invoke/LambdaForm$MH+0x0000000100210800'
Event: 1.479 Thread 0x00000233a48d1910 Unloading class 0x0000000100210400 'java/lang/invoke/LambdaForm$MH+0x0000000100210400'
Event: 1.479 Thread 0x00000233a48d1910 Unloading class 0x0000000100210000 'java/lang/invoke/LambdaForm$MH+0x0000000100210000'
Event: 1.479 Thread 0x00000233a48d1910 Unloading class 0x000000010020f800 'java/lang/invoke/LambdaForm$MH+0x000000010020f800'
Event: 1.479 Thread 0x00000233a48d1910 Unloading class 0x000000010020f400 'java/lang/invoke/LambdaForm$BMH+0x000000010020f400'
Event: 1.479 Thread 0x00000233a48d1910 Unloading class 0x000000010020f000 'java/lang/invoke/LambdaForm$DMH+0x000000010020f000'
Event: 1.479 Thread 0x00000233a48d1910 Unloading class 0x000000010020c400 'java/lang/invoke/LambdaForm$DMH+0x000000010020c400'

Classes redefined (0 events):
No events

Internal exceptions (20 events):
Event: 1.278 Thread 0x00000233a7c6e290 Exception <a 'java/lang/NoSuchMethodError'{0x00000000eb8a05d0}: 'void java.lang.invoke.DirectMethodHandle$Holder.invokeInterface(java.lang.Object, java.lang.Object, java.lang.Object)'> (0x00000000eb8a05d0) 
thrown [s\src\hotspot\share\interpreter\linkResolver.cpp, line 759]
Event: 1.319 Thread 0x00000233a7c6e290 Exception <a 'java/lang/NoSuchMethodError'{0x00000000ebbc1ce0}: 'java.lang.Object java.lang.invoke.Invokers$Holder.invokeExact_MT(java.lang.Object, java.lang.Object, java.lang.Object, java.lang.Object, java.lang.Object, java.lang.Object)'> (0x00000000ebbc1ce0) 
thrown [s\src\hotspot\share\interpreter\linkResolver.cpp, line 759]
Event: 1.330 Thread 0x00000233a7c6e290 Exception <a 'java/lang/NoSuchMethodError'{0x00000000ebcad8b0}: 'java.lang.Object java.lang.invoke.DirectMethodHandle$Holder.invokeStatic(java.lang.Object, java.lang.Object, int)'> (0x00000000ebcad8b0) 
thrown [s\src\hotspot\share\interpreter\linkResolver.cpp, line 759]
Event: 1.331 Thread 0x00000233a7c6e290 Exception <a 'java/lang/NoSuchMethodError'{0x00000000ebcb2460}: 'void java.lang.invoke.DirectMethodHandle$Holder.invokeStatic(java.lang.Object, java.lang.Object, int, java.lang.Object)'> (0x00000000ebcb2460) 
thrown [s\src\hotspot\share\interpreter\linkResolver.cpp, line 759]
Event: 1.331 Thread 0x00000233a7c6e290 Exception <a 'java/lang/NoSuchMethodError'{0x00000000ebcb9b90}: 'void java.lang.invoke.DelegatingMethodHandle$Holder.delegate(java.lang.Object, java.lang.Object, int, java.lang.Object)'> (0x00000000ebcb9b90) 
thrown [s\src\hotspot\share\interpreter\linkResolver.cpp, line 759]
Event: 1.332 Thread 0x00000233a7c6e290 Exception <a 'java/lang/NoSuchMethodError'{0x00000000ebcbdf78}: 'int java.lang.invoke.DirectMethodHandle$Holder.invokeSpecial(java.lang.Object, java.lang.Object, java.lang.Object)'> (0x00000000ebcbdf78) 
thrown [s\src\hotspot\share\interpreter\linkResolver.cpp, line 759]
Event: 1.333 Thread 0x00000233a7c6e290 Exception <a 'java/lang/NoSuchMethodError'{0x00000000ebccf850}: 'int java.lang.invoke.DirectMethodHandle$Holder.invokeStatic(java.lang.Object, java.lang.Object, int)'> (0x00000000ebccf850) 
thrown [s\src\hotspot\share\interpreter\linkResolver.cpp, line 759]
Event: 1.333 Thread 0x00000233a7c6e290 Exception <a 'java/lang/NoSuchMethodError'{0x00000000ebcd3878}: 'int java.lang.invoke.DirectMethodHandle$Holder.invokeSpecial(java.lang.Object, java.lang.Object, java.lang.Object, int)'> (0x00000000ebcd3878) 
thrown [s\src\hotspot\share\interpreter\linkResolver.cpp, line 759]
Event: 1.334 Thread 0x00000233a7c6e290 Exception <a 'java/lang/NoSuchMethodError'{0x00000000ebcef318}: 'java.lang.Object java.lang.invoke.DirectMethodHandle$Holder.invokeStatic(java.lang.Object, java.lang.Object, java.lang.Object, java.lang.Object, int)'> (0x00000000ebcef318) 
thrown [s\src\hotspot\share\interpreter\linkResolver.cpp, line 759]
Event: 1.335 Thread 0x00000233a7c6e290 Exception <a 'java/lang/NoSuchMethodError'{0x00000000ebcfb710}: 'java.lang.Object java.lang.invoke.DelegatingMethodHandle$Holder.reinvoke_L(java.lang.Object, java.lang.Object, java.lang.Object, java.lang.Object, int, int)'> (0x00000000ebcfb710) 
thrown [s\src\hotspot\share\interpreter\linkResolver.cpp, line 759]
Event: 1.337 Thread 0x00000233a7c6e290 Exception <a 'java/lang/NoSuchMethodError'{0x00000000ebd138d8}: 'java.lang.Object java.lang.invoke.Invokers$Holder.invokeExact_MT(java.lang.Object, java.lang.Object, java.lang.Object, java.lang.Object)'> (0x00000000ebd138d8) 
thrown [s\src\hotspot\share\interpreter\linkResolver.cpp, line 759]
Event: 1.355 Thread 0x00000233a7c6e290 Exception <a 'java/io/FileNotFoundException'{0x00000000ebe2b9f8}> (0x00000000ebe2b9f8) 
thrown [s\src\hotspot\share\prims\jni.cpp, line 516]
Event: 1.411 Thread 0x00000233a7c6e290 Exception <a 'java/lang/IncompatibleClassChangeError'{0x00000000ec2cce60}: Found class java.lang.Object, but interface was expected> (0x00000000ec2cce60) 
thrown [s\src\hotspot\share\interpreter\linkResolver.cpp, line 826]
Event: 1.540 Thread 0x00000233a7c6e290 Exception <a 'java/io/FileNotFoundException'{0x00000000eb61fad0}> (0x00000000eb61fad0) 
thrown [s\src\hotspot\share\prims\jni.cpp, line 516]
Event: 1.540 Thread 0x00000233a7c6e290 Exception <a 'java/io/FileNotFoundException'{0x00000000eb620910}> (0x00000000eb620910) 
thrown [s\src\hotspot\share\prims\jni.cpp, line 516]
Event: 1.540 Thread 0x00000233a7c6e290 Exception <a 'java/io/FileNotFoundException'{0x00000000eb621760}> (0x00000000eb621760) 
thrown [s\src\hotspot\share\prims\jni.cpp, line 516]
Event: 1.610 Thread 0x00000233a7c6e290 Exception <a 'java/lang/NoSuchMethodError'{0x00000000ebed65e8}: 'int java.lang.invoke.DirectMethodHandle$Holder.invokeStaticInit(java.lang.Object, java.lang.Object, java.lang.Object)'> (0x00000000ebed65e8) 
thrown [s\src\hotspot\share\interpreter\linkResolver.cpp, line 759]
Event: 1.679 Thread 0x00000233a7c6e290 Exception <a 'java/io/FileNotFoundException'{0x00000000eb039728}> (0x00000000eb039728) 
thrown [s\src\hotspot\share\prims\jni.cpp, line 516]
Event: 1.702 Thread 0x00000233a7c6e290 Exception <a 'java/io/FileNotFoundException'{0x00000000eba00378}> (0x00000000eba00378) 
thrown [s\src\hotspot\share\prims\jni.cpp, line 516]
Event: 1.731 Thread 0x00000233a7c6e290 Exception <a 'java/io/FileNotFoundException'{0x00000000ebc26380}> (0x00000000ebc26380) 
thrown [s\src\hotspot\share\prims\jni.cpp, line 516]

VM Operations (20 events):
Event: 1.082 Executing VM operation: ParallelGCFailedAllocation
Event: 1.086 Executing VM operation: ParallelGCFailedAllocation done
Event: 1.260 Executing VM operation: HandshakeAllThreads
Event: 1.260 Executing VM operation: HandshakeAllThreads done
Event: 1.263 Executing VM operation: HandshakeAllThreads
Event: 1.263 Executing VM operation: HandshakeAllThreads done
Event: 1.330 Executing VM operation: HandshakeAllThreads
Event: 1.330 Executing VM operation: HandshakeAllThreads done
Event: 1.422 Executing VM operation: HandshakeAllThreads
Event: 1.422 Executing VM operation: HandshakeAllThreads done
Event: 1.428 Executing VM operation: ParallelGCFailedAllocation
Event: 1.428 Executing VM operation: ParallelGCFailedAllocation done
Event: 1.428 Executing VM operation: ParallelGCSystemGC
Event: 1.433 Executing VM operation: ParallelGCSystemGC done
Event: 1.471 Executing VM operation: CollectForMetadataAllocation
Event: 1.495 Executing VM operation: CollectForMetadataAllocation done
Event: 1.644 Executing VM operation: ParallelGCFailedAllocation
Event: 1.645 Executing VM operation: ParallelGCFailedAllocation done
Event: 1.732 Executing VM operation: HandshakeAllThreads
Event: 1.732 Executing VM operation: HandshakeAllThreads done

Events (20 events):
Event: 1.725 loading class java/net/SocketAddress
Event: 1.725 loading class java/net/SocketAddress done
Event: 1.725 loading class java/net/InetSocketAddress
Event: 1.725 loading class java/net/InetSocketAddress done
Event: 1.725 loading class java/nio/channels/AsynchronousByteChannel
Event: 1.725 loading class java/nio/channels/AsynchronousChannel
Event: 1.725 loading class java/nio/channels/AsynchronousChannel done
Event: 1.725 loading class java/nio/channels/AsynchronousByteChannel done
Event: 1.731 loading class java/lang/ProcessEnvironment
Event: 1.731 loading class java/lang/ProcessEnvironment done
Event: 1.732 loading class java/lang/ProcessEnvironment$NameComparator
Event: 1.732 loading class java/lang/ProcessEnvironment$NameComparator done
Event: 1.732 loading class java/lang/ProcessEnvironment$EntryComparator
Event: 1.732 loading class java/lang/ProcessEnvironment$EntryComparator done
Event: 1.732 loading class java/lang/ProcessEnvironment$CheckedEntrySet
Event: 1.732 loading class java/lang/ProcessEnvironment$CheckedEntrySet done
Event: 1.733 loading class java/lang/ProcessEnvironment$CheckedEntrySet$1
Event: 1.733 loading class java/lang/ProcessEnvironment$CheckedEntrySet$1 done
Event: 1.733 loading class java/lang/ProcessEnvironment$CheckedEntry
Event: 1.733 loading class java/lang/ProcessEnvironment$CheckedEntry done


Dynamic libraries:
0x00007ff626310000 - 0x00007ff62631e000 	c:\Users\DELL\.vscode\extensions\redhat.java-1.11.0-win32-x64\jre\17.0.4.1-win32-x86_64\bin\java.exe
0x00007ffaedf30000 - 0x00007ffaee110000 	C:\Windows\SYSTEM32\ntdll.dll
0x00007ffaede50000 - 0x00007ffaedefe000 	C:\Windows\System32\KERNEL32.DLL
0x00007ffaeb190000 - 0x00007ffaeb3f6000 	C:\Windows\System32\KERNELBASE.dll
0x00007ffaeafb0000 - 0x00007ffaeb0a6000 	C:\Windows\System32\ucrtbase.dll
0x00007ffae6f40000 - 0x00007ffae6f58000 	c:\Users\DELL\.vscode\extensions\redhat.java-1.11.0-win32-x64\jre\17.0.4.1-win32-x86_64\bin\jli.dll
0x00007ffadec20000 - 0x00007ffadec39000 	c:\Users\DELL\.vscode\extensions\redhat.java-1.11.0-win32-x64\jre\17.0.4.1-win32-x86_64\bin\VCRUNTIME140.dll
0x00007ffaeda90000 - 0x00007ffaedc1f000 	C:\Windows\System32\USER32.dll
0x00007ffaeaad0000 - 0x00007ffaeaaf0000 	C:\Windows\System32\win32u.dll
0x00007ffaeb490000 - 0x00007ffaeb4b8000 	C:\Windows\System32\GDI32.dll
0x00007ffacaa00000 - 0x00007ffacac69000 	C:\Windows\WinSxS\amd64_microsoft.windows.common-controls_6595b64144ccf1df_6.0.16299.125_none_15cbcf8893620c09\COMCTL32.dll
0x00007ffaeae10000 - 0x00007ffaeafa3000 	C:\Windows\System32\gdi32full.dll
0x00007ffaed1d0000 - 0x00007ffaed26d000 	C:\Windows\System32\msvcrt.dll
0x00007ffaeaba0000 - 0x00007ffaeac3b000 	C:\Windows\System32\msvcp_win.dll
0x00007ffaeccb0000 - 0x00007ffaecfb8000 	C:\Windows\System32\combase.dll
0x00007ffaeb580000 - 0x00007ffaeb69f000 	C:\Windows\System32\RPCRT4.dll
0x00007ffaeb0b0000 - 0x00007ffaeb122000 	C:\Windows\System32\bcryptPrimitives.dll
0x00007ffaeb840000 - 0x00007ffaeb86d000 	C:\Windows\System32\IMM32.DLL
0x00007ffae6f30000 - 0x00007ffae6f3c000 	c:\Users\DELL\.vscode\extensions\redhat.java-1.11.0-win32-x64\jre\17.0.4.1-win32-x86_64\bin\vcruntime140_1.dll
0x00007ffaa3e70000 - 0x00007ffaa3f01000 	c:\Users\DELL\.vscode\extensions\redhat.java-1.11.0-win32-x64\jre\17.0.4.1-win32-x86_64\bin\msvcp140.dll
0x00007ffa94f00000 - 0x00007ffa95b46000 	c:\Users\DELL\.vscode\extensions\redhat.java-1.11.0-win32-x64\jre\17.0.4.1-win32-x86_64\bin\server\jvm.dll
0x00007ffaed450000 - 0x00007ffaed4f1000 	C:\Windows\System32\ADVAPI32.dll
0x00007ffaed500000 - 0x00007ffaed55b000 	C:\Windows\System32\sechost.dll
0x00007ffaeb480000 - 0x00007ffaeb488000 	C:\Windows\System32\PSAPI.DLL
0x00007ffae8620000 - 0x00007ffae8643000 	C:\Windows\SYSTEM32\WINMM.dll
0x00007ffad33f0000 - 0x00007ffad33f9000 	C:\Windows\SYSTEM32\WSOCK32.dll
0x00007ffaed270000 - 0x00007ffaed2dc000 	C:\Windows\System32\WS2_32.dll
0x00007ffade580000 - 0x00007ffade58a000 	C:\Windows\SYSTEM32\VERSION.dll
0x00007ffae85c0000 - 0x00007ffae85ea000 	C:\Windows\SYSTEM32\WINMMBASE.dll
0x00007ffaeaa80000 - 0x00007ffaeaaca000 	C:\Windows\System32\cfgmgr32.dll
0x00007ffaea2d0000 - 0x00007ffaea2e1000 	C:\Windows\System32\kernel.appcore.dll
0x00007ffae1890000 - 0x00007ffae189a000 	c:\Users\DELL\.vscode\extensions\redhat.java-1.11.0-win32-x64\jre\17.0.4.1-win32-x86_64\bin\jimage.dll
0x00007ffadda30000 - 0x00007ffaddbf8000 	C:\Windows\SYSTEM32\DBGHELP.DLL
0x00007ffadd9e0000 - 0x00007ffadda09000 	C:\Windows\SYSTEM32\dbgcore.DLL
0x00007ffae16a0000 - 0x00007ffae16ae000 	c:\Users\DELL\.vscode\extensions\redhat.java-1.11.0-win32-x64\jre\17.0.4.1-win32-x86_64\bin\instrument.dll
0x00007ffadeac0000 - 0x00007ffadeae5000 	c:\Users\DELL\.vscode\extensions\redhat.java-1.11.0-win32-x64\jre\17.0.4.1-win32-x86_64\bin\java.dll
0x00007ffad33a0000 - 0x00007ffad33b8000 	c:\Users\DELL\.vscode\extensions\redhat.java-1.11.0-win32-x64\jre\17.0.4.1-win32-x86_64\bin\zip.dll
0x00007ffaeb870000 - 0x00007ffaecca6000 	C:\Windows\System32\SHELL32.dll
0x00007ffaedda0000 - 0x00007ffaede46000 	C:\Windows\System32\shcore.dll
0x00007ffaea330000 - 0x00007ffaeaa77000 	C:\Windows\System32\windows.storage.dll
0x00007ffaedd40000 - 0x00007ffaedd91000 	C:\Windows\System32\shlwapi.dll
0x00007ffaea280000 - 0x00007ffaea2cc000 	C:\Windows\System32\powrprof.dll
0x00007ffaea310000 - 0x00007ffaea32b000 	C:\Windows\System32\profapi.dll
0x00007ffacaeb0000 - 0x00007ffacaec9000 	C:\Users\DELL\.vscode\extensions\redhat.java-1.11.0-win32-x64\jre\17.0.4.1-win32-x86_64\bin\net.dll
0x00007ffadf600000 - 0x00007ffadf6de000 	C:\Windows\SYSTEM32\WINHTTP.dll
0x00007ffae9b10000 - 0x00007ffae9b76000 	C:\Windows\system32\mswsock.dll
0x00007ffacae50000 - 0x00007ffacae65000 	C:\Users\DELL\.vscode\extensions\redhat.java-1.11.0-win32-x64\jre\17.0.4.1-win32-x86_64\bin\nio.dll
0x00007ffae1660000 - 0x00007ffae1670000 	c:\Users\DELL\.vscode\extensions\redhat.java-1.11.0-win32-x64\jre\17.0.4.1-win32-x86_64\bin\verify.dll
0x00007ffaca020000 - 0x00007ffaca05e000 	C:\Users\DELL\AppData\Roaming\Code\User\globalStorage\redhat.java\1.11.0\config_ss_win\org.eclipse.equinox.launcher\org.eclipse.equinox.launcher.win32.win32.x86_64_1.2.600.v20220720-1916\eclipse_11700.dll
0x00007ffaed300000 - 0x00007ffaed449000 	C:\Windows\System32\ole32.dll

dbghelp: loaded successfully - version: 4.0.5 - missing functions: none
symbol engine: initialized successfully - sym options: 0x614 - pdb path: .;c:\Users\DELL\.vscode\extensions\redhat.java-1.11.0-win32-x64\jre\17.0.4.1-win32-x86_64\bin;C:\Windows\SYSTEM32;C:\Windows\WinSxS\amd64_microsoft.windows.common-controls_6595b64144ccf1df_6.0.16299.125_none_15cbcf8893620c09;c:\Users\DELL\.vscode\extensions\redhat.java-1.11.0-win32-x64\jre\17.0.4.1-win32-x86_64\bin\server;C:\Users\DELL\AppData\Roaming\Code\User\globalStorage\redhat.java\1.11.0\config_ss_win\org.eclipse.equinox.launcher\org.eclipse.equinox.launcher.win32.win32.x86_64_1.2.600.v20220720-1916

VM Arguments:
jvm_args: --add-modules=ALL-SYSTEM --add-opens=java.base/java.util=ALL-UNNAMED --add-opens=java.base/java.lang=ALL-UNNAMED --add-opens=java.base/sun.nio.fs=ALL-UNNAMED -Declipse.application=org.eclipse.jdt.ls.core.id1 -Dosgi.bundles.defaultStartLevel=4 -Declipse.product=org.eclipse.jdt.ls.core.product -Djava.import.generatesMetadataFilesAtProjectRoot=false -Dfile.encoding=utf8 -DwatchParentProcess=false -XX:+UseParallelGC -XX:GCTimeRatio=4 -XX:AdaptiveSizePolicyWeight=90 -Dsun.zip.disableMemoryMapping=true -Xmx1G -Xms100m -Xlog:disable -javaagent:c:\Users\DELL\.vscode\extensions\redhat.java-1.11.0-win32-x64\lombok\lombok-1.18.24.jar 
java_command: c:\Users\DELL\.vscode\extensions\redhat.java-1.11.0-win32-x64\server\plugins\org.eclipse.equinox.launcher_1.6.400.v20210924-0641.jar -configuration c:\Users\DELL\AppData\Roaming\Code\User\globalStorage\redhat.java\1.11.0\config_ss_win -data c:\Users\DELL\AppData\Roaming\Code\User\workspaceStorage\33bd1648870debec2126c90b78d4fd85\redhat.java\ss_ws
java_class_path (initial): c:\Users\DELL\.vscode\extensions\redhat.java-1.11.0-win32-x64\server\plugins\org.eclipse.equinox.launcher_1.6.400.v20210924-0641.jar
Launcher Type: SUN_STANDARD

[Global flags]
    uintx AdaptiveSizePolicyWeight                 = 90                                        {product} {command line}
     intx CICompilerCount                          = 3                                         {product} {ergonomic}
    uintx GCTimeRatio                              = 4                                         {product} {command line}
   size_t InitialHeapSize                          = 104857600                                 {product} {command line}
   size_t MaxHeapSize                              = 1073741824                                {product} {command line}
   size_t MaxNewSize                               = 357564416                                 {product} {ergonomic}
   size_t MinHeapDeltaBytes                        = 524288                                    {product} {ergonomic}
   size_t MinHeapSize                              = 104857600                                 {product} {command line}
   size_t NewSize                                  = 34603008                                  {product} {ergonomic}
    uintx NonNMethodCodeHeapSize                   = 5832780                                {pd product} {ergonomic}
    uintx NonProfiledCodeHeapSize                  = 122912730                              {pd product} {ergonomic}
   size_t OldSize                                  = 70254592                                  {product} {ergonomic}
    uintx ProfiledCodeHeapSize                     = 122912730                              {pd product} {ergonomic}
    uintx ReservedCodeCacheSize                    = 251658240                              {pd product} {ergonomic}
     bool SegmentedCodeCache                       = true                                      {product} {ergonomic}
   size_t SoftMaxHeapSize                          = 1073741824                             {manageable} {ergonomic}
     bool UseCompressedClassPointers               = true                           {product lp64_product} {ergonomic}
     bool UseCompressedOops                        = true                           {product lp64_product} {ergonomic}
     bool UseLargePagesIndividualAllocation        = false                                  {pd product} {ergonomic}
     bool UseParallelGC                            = true                                      {product} {command line}

Logging:
Log output configuration:
 #0: stdout all=off uptime,level,tags
 #1: stderr all=off uptime,level,tags

Environment Variables:
JAVA_HOME=C:\Program Files\Java\jdk1.8.0_211
CLASSPATH=.;
PATH=C:\Users\DELL\bin;C:\Program Files\Git\mingw64\bin;C:\Program Files\Git\usr\local\bin;C:\Program Files\Git\usr\bin;C:\Program Files\Git\usr\bin;C:\Program Files\Git\mingw64\bin;C:\Program Files\Git\usr\bin;C:\Users\DELL\bin;C:\Program Files\Common Files\Oracle\Java\javapath;C:\Program Files (x86)\Common Files\Oracle\Java\javapath;C:\Python39\Scripts;C:\Python39;C:\ProgramData\Oracle\Java\javapath;C:\Program Files (x86)\Intel\iCLS Client;C:\Program Files\Intel\iCLS Client;C:\Windows\system32;C:\Windows;C:\Windows\System32\Wbem;C:\Windows\System32\WindowsPowerShell\v1.0;C:\Program Files\Intel\Intel(R) Management Engine Components\DAL;C:\Program Files\Intel\Intel(R) Management Engine Components\IPT;C:\Program Files (x86)\Intel\Intel(R) Management Engine Components\DAL;C:\Program Files (x86)\Intel\Intel(R) Management Engine Components\IPT;C:\Program Files\Microsoft SQL Server\Client SDK\ODBC\170\Tools\Binn;C:\Program Files\Microsoft VS Code\bin;C:\ProgramData\chocolatey\bin;C:\Program Files\Java\jdk1.8.0_211\bin;C:\Program Files\dotnet;C:\Program Files\Microsoft SQL Server\130\Tools\Binn;C:\Program Files (x86)\Microsoft SQL Server\150\Tools\Binn;C:\Program Files\Microsoft SQL Server\150\Tools\Binn;C:\Program Files\Microsoft SQL Server\150\DTS\Binn;C:\Program Files (x86)\Microsoft SQL Server\150\DTS\Binn;C:\Program Files\Git\cmd;C:\Program Files (x86)\dotnet;C:\Program Files\MySQL\MySQL Shell 8.0\bin;C:\Users\DELL\AppData\Local\Programs\Python\Python310\Scripts;C:\Users\DELL\AppData\Local\Programs\Python\Python310;C:\Windows\System32;C:\Users\DELL\AppData\Local\Microsoft\WindowsApps;C:\Program Files\Azure Data Studio\bin;C:\Users\DELL\.dotnet\tools;C:\Program Files\Azure Data Studio\bin;C:\Program Files\Git\usr\bin\vendor_perl;C:\Program Files\Git\usr\bin\core_perl
USERNAME=DELL
SHELL=C:\Program Files\Git\usr\bin\bash.exe
DISPLAY=needs-to-be-defined
LC_CTYPE=pt_BR.UTF-8
TERM=xterm
TMPDIR=C:\Windows\TEMP
OS=Windows_NT
PROCESSOR_IDENTIFIER=Intel64 Family 6 Model 94 Stepping 3, GenuineIntel
TMP=C:\Windows\TEMP
TEMP=C:\Windows\TEMP



---------------  S Y S T E M  ---------------

OS:
 Windows 10 , 64 bit Build 16299 (10.0.16299.15)
OS uptime: 0 days 8:32 hours

CPU: total 4 (initial active 4) (4 cores per cpu, 1 threads per core) family 6 model 94 stepping 3 microcode 0xba, cx8, cmov, fxsr, mmx, 3dnowpref, sse, sse2, sse3, ssse3, sse4.1, sse4.2, popcnt, lzcnt, tsc, tscinvbit, avx, avx2, aes, erms, clmul, bmi1, bmi2, rtm, adx, fma, vzeroupper, clflush, clflushopt

Memory: 4k page, system-wide physical 8094M (1284M free)
TotalPageFile size 8094M (AvailPageFile size 4M)
current process WorkingSet (physical memory assigned to process): 122M, peak: 122M
current process commit charge ("private bytes"): 217M, peak: 218M

vm_info: OpenJDK 64-Bit Server VM (17.0.4.1+1) for windows-amd64 JRE (17.0.4.1+1), built on Aug 17 2022 07:42:43 by "temurin" with MS VC++ 16.7 (VS2019)

END.
