#
# There is insufficient memory for the Java Runtime Environment to continue.
# Native memory allocation (malloc) failed to allocate 32744 bytes for ChunkPool::allocate
# Possible reasons:
#   The system is out of physical RAM or swap space
#   The process is running with CompressedOops enabled, and the Java Heap may be blocking the growth of the native heap
# Possible solutions:
#   Reduce memory load on the system
#   Increase physical memory or swap space
#   Check if swap backing store is full
#   Decrease Java heap size (-Xmx/-Xms)
#   Decrease number of Java threads
#   Decrease Java thread stack sizes (-Xss)
#   Set larger code cache with -XX:ReservedCodeCacheSize=
#   JVM is running with Unscaled Compressed Oops mode in which the Java heap is
#     placed in the first 4GB address space. The Java Heap base address is the
#     maximum limit for the native heap growth. Please use -XX:HeapBaseMinAddress
#     to set the Java Heap base and to place the Java Heap above 4GB virtual address.
# This output file may be truncated or incomplete.
#
#  Out of Memory Error (arena.cpp:78), pid=2172, tid=676
#
# JRE version: OpenJDK Runtime Environment Temurin-17.0.4.1+1 (17.0.4.1+1) (build 17.0.4.1+1)
# Java VM: OpenJDK 64-Bit Server VM Temurin-17.0.4.1+1 (17.0.4.1+1, mixed mode, tiered, compressed oops, compressed class ptrs, parallel gc, windows-amd64)
# No core dump will be written. Minidumps are not enabled by default on client versions of Windows
#

---------------  S U M M A R Y ------------

Command Line: --add-modules=ALL-SYSTEM --add-opens=java.base/java.util=ALL-UNNAMED --add-opens=java.base/java.lang=ALL-UNNAMED --add-opens=java.base/sun.nio.fs=ALL-UNNAMED -Declipse.application=org.eclipse.jdt.ls.core.id1 -Dosgi.bundles.defaultStartLevel=4 -Declipse.product=org.eclipse.jdt.ls.core.product -Djava.import.generatesMetadataFilesAtProjectRoot=false -Dfile.encoding=utf8 -DwatchParentProcess=false -XX:+UseParallelGC -XX:GCTimeRatio=4 -XX:AdaptiveSizePolicyWeight=90 -Dsun.zip.disableMemoryMapping=true -Xmx1G -Xms100m -Xlog:disable -javaagent:c:\Users\DELL\.vscode\extensions\redhat.java-1.11.0-win32-x64\lombok\lombok-1.18.24.jar c:\Users\DELL\.vscode\extensions\redhat.java-1.11.0-win32-x64\server\plugins\org.eclipse.equinox.launcher_1.6.400.v20210924-0641.jar -configuration c:\Users\DELL\AppData\Roaming\Code\User\globalStorage\redhat.java\1.11.0\config_ss_win -data c:\Users\DELL\AppData\Roaming\Code\User\workspaceStorage\33bd1648870debec2126c90b78d4fd85\redhat.java\ss_ws

Host: Intel(R) Core(TM) i5-6500 CPU @ 3.20GHz, 4 cores, 7G,  Windows 10 , 64 bit Build 16299 (10.0.16299.15)
Time: Sun Oct  2 19:52:18 2022 Hora oficial do Brasil elapsed time: 4.500230 seconds (0d 0h 0m 4s)

---------------  T H R E A D  ---------------

Current thread (0x0000019676d37030):  JavaThread "C2 CompilerThread0" daemon [_thread_in_native, id=676, stack(0x0000000154400000,0x0000000154500000)]


Current CompileTask:
C2:   4501 2173       4       org.objectweb.asm.ClassReader::readMethod (1066 bytes)

Stack: [0x0000000154400000,0x0000000154500000]
Native frames: (J=compiled Java code, j=interpreted, Vv=VM code, C=native code)
V  [jvm.dll+0x67731a]
V  [jvm.dll+0x832284]
V  [jvm.dll+0x833a2e]
V  [jvm.dll+0x834093]
V  [jvm.dll+0x245775]
V  [jvm.dll+0xabfc0]
V  [jvm.dll+0xac30c]
V  [jvm.dll+0x11dae8]
V  [jvm.dll+0x6a0691]
V  [jvm.dll+0x1bc004]
V  [jvm.dll+0x2187d9]
V  [jvm.dll+0x217aa1]
V  [jvm.dll+0x1a3f8d]
V  [jvm.dll+0x227498]
V  [jvm.dll+0x2255e5]
V  [jvm.dll+0x7e7e9b]
V  [jvm.dll+0x7e240a]
V  [jvm.dll+0x6761a5]
C  [ucrtbase.dll+0x1d885]
C  [KERNEL32.DLL+0x11fe4]
C  [ntdll.dll+0x6ef91]


---------------  P R O C E S S  ---------------

Threads class SMR info:
_java_thread_list=0x000001967a0e5d50, length=21, elements={
0x000001966ff821f0, 0x0000019676cef8c0, 0x0000019676cf1200, 0x0000019676d04d20,
0x0000019676d059a0, 0x0000019676d07b40, 0x0000019676d08400, 0x0000019676d37030,
0x0000019676d385a0, 0x0000019676d58c20, 0x00000196787b3970, 0x0000019678941cb0,
0x000001967904ac40, 0x000001967a069270, 0x00000196791f1db0, 0x0000019679154b70,
0x0000019679140be0, 0x000001967a112450, 0x000001967a066590, 0x000001967a1e5440,
0x000001967a868a00
}

Java Threads: ( => current thread )
  0x000001966ff821f0 JavaThread "main" [_thread_blocked, id=3816, stack(0x0000000153a00000,0x0000000153b00000)]
  0x0000019676cef8c0 JavaThread "Reference Handler" daemon [_thread_blocked, id=9836, stack(0x0000000153d00000,0x0000000153e00000)]
  0x0000019676cf1200 JavaThread "Finalizer" daemon [_thread_blocked, id=6584, stack(0x0000000153e00000,0x0000000153f00000)]
  0x0000019676d04d20 JavaThread "Signal Dispatcher" daemon [_thread_blocked, id=7304, stack(0x0000000154000000,0x0000000154100000)]
  0x0000019676d059a0 JavaThread "Attach Listener" daemon [_thread_blocked, id=8600, stack(0x0000000154100000,0x0000000154200000)]
  0x0000019676d07b40 JavaThread "Service Thread" daemon [_thread_blocked, id=10588, stack(0x0000000154200000,0x0000000154300000)]
  0x0000019676d08400 JavaThread "Monitor Deflation Thread" daemon [_thread_blocked, id=6952, stack(0x0000000154300000,0x0000000154400000)]
=>0x0000019676d37030 JavaThread "C2 CompilerThread0" daemon [_thread_in_native, id=676, stack(0x0000000154400000,0x0000000154500000)]
  0x0000019676d385a0 JavaThread "C1 CompilerThread0" daemon [_thread_blocked, id=9312, stack(0x0000000154500000,0x0000000154600000)]
  0x0000019676d58c20 JavaThread "Sweeper thread" daemon [_thread_blocked, id=6444, stack(0x0000000154600000,0x0000000154700000)]
  0x00000196787b3970 JavaThread "Common-Cleaner" daemon [_thread_blocked, id=10280, stack(0x0000000154700000,0x0000000154800000)]
  0x0000019678941cb0 JavaThread "Notification Thread" daemon [_thread_blocked, id=3868, stack(0x0000000154800000,0x0000000154900000)]
  0x000001967904ac40 JavaThread "Active Thread: Equinox Container: b8bd518a-e31e-447f-97eb-629ef4c1b62a" [_thread_blocked, id=1564, stack(0x0000000154f00000,0x0000000155000000)]
  0x000001967a069270 JavaThread "Framework Event Dispatcher: Equinox Container: b8bd518a-e31e-447f-97eb-629ef4c1b62a" daemon [_thread_blocked, id=9456, stack(0x0000000155000000,0x0000000155100000)]
  0x00000196791f1db0 JavaThread "Start Level: Equinox Container: b8bd518a-e31e-447f-97eb-629ef4c1b62a" daemon [_thread_blocked, id=9576, stack(0x0000000155100000,0x0000000155200000)]
  0x0000019679154b70 JavaThread "SCR Component Actor" daemon [_thread_blocked, id=7276, stack(0x0000000155200000,0x0000000155300000)]
  0x0000019679140be0 JavaThread "SCR Component Registry" daemon [_thread_blocked, id=6256, stack(0x0000000155300000,0x0000000155400000)]
  0x000001967a112450 JavaThread "Worker-JM" [_thread_blocked, id=9464, stack(0x0000000155400000,0x0000000155500000)]
  0x000001967a066590 JavaThread "Worker-0" [_thread_blocked, id=7044, stack(0x0000000155500000,0x0000000155600000)]
  0x000001967a1e5440 JavaThread "Worker-1" [_thread_blocked, id=4088, stack(0x0000000155600000,0x0000000155700000)]
  0x000001967a868a00 JavaThread "Java indexing" daemon [_thread_blocked, id=10100, stack(0x0000000155800000,0x0000000155900000)]

Other Threads:
  0x0000019676cda1c0 VMThread "VM Thread" [stack: 0x0000000153c00000,0x0000000153d00000] [id=8012]
  0x00000196789409f0 WatcherThread [stack: 0x0000000154900000,0x0000000154a00000] [id=4892]
  0x000001966ff9b140 GCTaskThread "GC Thread#0" [stack: 0x0000000153b00000,0x0000000153c00000] [id=5368]
  0x0000019678f7d4e0 GCTaskThread "GC Thread#1" [stack: 0x0000000154b00000,0x0000000154c00000] [id=1492]
  0x0000019678b11cf0 GCTaskThread "GC Thread#2" [stack: 0x0000000154c00000,0x0000000154d00000] [id=10720]
  0x0000019678b10430 GCTaskThread "GC Thread#3" [stack: 0x0000000154d00000,0x0000000154e00000] [id=8344]

Threads with active compile tasks:
C2 CompilerThread0     4569 2173       4       org.objectweb.asm.ClassReader::readMethod (1066 bytes)

VM state: not at safepoint (normal execution)

VM Mutex/Monitor currently owned by a thread: None

Heap address: 0x00000000c0000000, size: 1024 MB, Compressed Oops mode: 32-bit

CDS archive(s) not mapped
Compressed class space mapped at: 0x0000000100000000-0x0000000140000000, reserved size: 1073741824
Narrow klass base: 0x0000000000000000, Narrow klass shift: 3, Narrow klass range: 0x140000000

GC Precious Log:
 CPUs: 4 total, 4 available
 Memory: 8094M
 Large Page Support: Disabled
 NUMA Support: Disabled
 Compressed Oops: Enabled (32-bit)
 Alignments: Space 512K, Generation 512K, Heap 2M
 Heap Min Capacity: 100M
 Heap Initial Capacity: 100M
 Heap Max Capacity: 1G
 Pre-touch: Disabled
 Parallel Workers: 4

Heap:
 PSYoungGen      total 25600K, used 20068K [0x00000000eab00000, 0x00000000ec880000, 0x0000000100000000)
  eden space 25088K, 79% used [0x00000000eab00000,0x00000000ebe610d8,0x00000000ec380000)
  from space 512K, 43% used [0x00000000ec400000,0x00000000ec438000,0x00000000ec480000)
  to   space 2048K, 0% used [0x00000000ec680000,0x00000000ec680000,0x00000000ec880000)
 ParOldGen       total 68608K, used 7153K [0x00000000c0000000, 0x00000000c4300000, 0x00000000eab00000)
  object space 68608K, 10% used [0x00000000c0000000,0x00000000c06fc628,0x00000000c4300000)
 Metaspace       used 26482K, committed 26880K, reserved 1073152K
  class space    used 2563K, committed 2752K, reserved 1048576K

Card table byte_map: [0x00000196745d0000,0x00000196747e0000] _byte_map_base: 0x0000019673fd0000

Marking Bits: (ParMarkBitMap*) 0x00007ffa95a82cc0
 Begin Bits: [0x0000019674940000, 0x0000019675940000)
 End Bits:   [0x0000019675940000, 0x0000019676940000)

Polling page: 0x0000019670050000

Metaspace:

Usage:
  Non-class:     23.36 MB used.
      Class:      2.50 MB used.
       Both:     25.86 MB used.

Virtual space:
  Non-class space:       24.00 MB reserved,      23.56 MB ( 98%) committed,  3 nodes.
      Class space:        1.00 GB reserved,       2.69 MB ( <1%) committed,  1 nodes.
             Both:        1.02 GB reserved,      26.25 MB (  3%) committed. 

Chunk freelists:
   Non-Class:  208.00 KB
       Class:  1.14 MB
        Both:  1.34 MB

MaxMetaspaceSize: unlimited
CompressedClassSpaceSize: 1.00 GB
Initial GC threshold: 21.00 MB
Current GC threshold: 35.00 MB
CDS: off
MetaspaceReclaimPolicy: balanced
 - commit_granule_bytes: 65536.
 - commit_granule_words: 8192.
 - virtual_space_node_default_size: 1048576.
 - enlarge_chunks_in_place: 1.
 - new_chunks_are_fully_committed: 0.
 - uncommit_free_chunks: 1.
 - use_allocation_guard: 0.
 - handle_deallocations: 1.


Internal statistics:

num_allocs_failed_limit: 3.
num_arena_births: 172.
num_arena_deaths: 14.
num_vsnodes_births: 4.
num_vsnodes_deaths: 0.
num_space_committed: 420.
num_space_uncommitted: 0.
num_chunks_returned_to_freelist: 17.
num_chunks_taken_from_freelist: 816.
num_chunk_merges: 7.
num_chunk_splits: 571.
num_chunks_enlarged: 435.
num_purges: 2.
num_inconsistent_stats: 0.

CodeHeap 'non-profiled nmethods': size=120000Kb used=859Kb max_used=859Kb free=119140Kb
 bounds [0x0000019607ad0000, 0x0000019607d40000, 0x000001960f000000]
CodeHeap 'profiled nmethods': size=120000Kb used=4558Kb max_used=4558Kb free=115441Kb
 bounds [0x00000196005a0000, 0x0000019600a20000, 0x0000019607ad0000]
CodeHeap 'non-nmethods': size=5760Kb used=1226Kb max_used=1247Kb free=4533Kb
 bounds [0x0000019600000000, 0x0000019600270000, 0x00000196005a0000]
 total_blobs=2797 nmethods=2263 adapters=448
 compilation: enabled
              stopped_count=0, restarted_count=0
 full_count=0

Compilation events (20 events):
Event: 4.370 Thread 0x000001967ab0f030 2180       4       org.objectweb.asm.ByteVector::putByteArray (49 bytes)
Event: 4.371 Thread 0x000001967ab0f030 nmethod 2180 0x0000019607ba6310 code [0x0000019607ba6480, 0x0000019607ba65f8]
Event: 4.371 Thread 0x000001967ab0f030 2175       4       java.util.WeakHashMap::hash (28 bytes)
Event: 4.372 Thread 0x000001967ab0f030 nmethod 2175 0x0000019607ba6710 code [0x0000019607ba68a0, 0x0000019607ba69b8]
Event: 4.374 Thread 0x0000019676d385a0 2257  s    3       org.eclipse.core.internal.registry.RegistryObjectManager::getObject (7 bytes)
Event: 4.374 Thread 0x0000019676d385a0 nmethod 2257 0x0000019600a0f590 code [0x0000019600a0f740, 0x0000019600a0f928]
Event: 4.374 Thread 0x0000019676d385a0 2258       3       org.eclipse.core.internal.registry.RegistryObjectManager::basicGetObject (52 bytes)
Event: 4.374 Thread 0x0000019676d385a0 nmethod 2258 0x0000019600a0fa10 code [0x0000019600a0fc00, 0x0000019600a0ffb8]
Event: 4.374 Thread 0x000001967ab0f030 2260       4       java.util.ArrayList$SubList$1::next (85 bytes)
Event: 4.374 Thread 0x0000019676d385a0 2259       3       org.eclipse.osgi.container.ModuleRequirement::<init> (32 bytes)
Event: 4.375 Thread 0x0000019676d385a0 nmethod 2259 0x0000019600a10190 code [0x0000019600a10340, 0x0000019600a10578]
Event: 4.376 Thread 0x000001967ab0f030 nmethod 2260 0x0000019607ba6a90 code [0x0000019607ba6c20, 0x0000019607ba6d78]
Event: 4.399 Thread 0x0000019676d385a0 2262       3       java.lang.Character::toUpperCase (9 bytes)
Event: 4.399 Thread 0x0000019676d385a0 nmethod 2262 0x0000019600a10690 code [0x0000019600a10840, 0x0000019600a10a38]
Event: 4.399 Thread 0x0000019676d385a0 2264       3       java.lang.ProcessEnvironment$NameComparator::compare (90 bytes)
Event: 4.400 Thread 0x0000019676d385a0 nmethod 2264 0x0000019600a10b10 code [0x0000019600a10e20, 0x0000019600a12038]
Event: 4.400 Thread 0x0000019676d385a0 2261       3       java.lang.Character::toUpperCase (6 bytes)
Event: 4.400 Thread 0x0000019676d385a0 nmethod 2261 0x0000019600a12910 code [0x0000019600a12ac0, 0x0000019600a12d18]
Event: 4.401 Thread 0x0000019676d385a0 2263       3       java.lang.ProcessEnvironment$NameComparator::compare (13 bytes)
Event: 4.401 Thread 0x0000019676d385a0 nmethod 2263 0x0000019600a12e10 code [0x0000019600a12fc0, 0x0000019600a132c8]

GC Heap History (12 events):
Event: 1.017 GC heap before
{Heap before GC invocations=1 (full 0):
 PSYoungGen      total 29696K, used 25600K [0x00000000eab00000, 0x00000000ecc00000, 0x0000000100000000)
  eden space 25600K, 100% used [0x00000000eab00000,0x00000000ec400000,0x00000000ec400000)
  from space 4096K, 0% used [0x00000000ec800000,0x00000000ec800000,0x00000000ecc00000)
  to   space 4096K, 0% used [0x00000000ec400000,0x00000000ec400000,0x00000000ec800000)
 ParOldGen       total 68608K, used 0K [0x00000000c0000000, 0x00000000c4300000, 0x00000000eab00000)
  object space 68608K, 0% used [0x00000000c0000000,0x00000000c0000000,0x00000000c4300000)
 Metaspace       used 10844K, committed 11008K, reserved 1064960K
  class space    used 1089K, committed 1152K, reserved 1048576K
}
Event: 1.022 GC heap after
{Heap after GC invocations=1 (full 0):
 PSYoungGen      total 29696K, used 3256K [0x00000000eab00000, 0x00000000ecc00000, 0x0000000100000000)
  eden space 25600K, 0% used [0x00000000eab00000,0x00000000eab00000,0x00000000ec400000)
  from space 4096K, 79% used [0x00000000ec400000,0x00000000ec72e218,0x00000000ec800000)
  to   space 4096K, 0% used [0x00000000ec800000,0x00000000ec800000,0x00000000ecc00000)
 ParOldGen       total 68608K, used 16K [0x00000000c0000000, 0x00000000c4300000, 0x00000000eab00000)
  object space 68608K, 0% used [0x00000000c0000000,0x00000000c0004000,0x00000000c4300000)
 Metaspace       used 10844K, committed 11008K, reserved 1064960K
  class space    used 1089K, committed 1152K, reserved 1048576K
}
Event: 1.550 GC heap before
{Heap before GC invocations=2 (full 0):
 PSYoungGen      total 29696K, used 28856K [0x00000000eab00000, 0x00000000ecc00000, 0x0000000100000000)
  eden space 25600K, 100% used [0x00000000eab00000,0x00000000ec400000,0x00000000ec400000)
  from space 4096K, 79% used [0x00000000ec400000,0x00000000ec72e218,0x00000000ec800000)
  to   space 4096K, 0% used [0x00000000ec800000,0x00000000ec800000,0x00000000ecc00000)
 ParOldGen       total 68608K, used 16K [0x00000000c0000000, 0x00000000c4300000, 0x00000000eab00000)
  object space 68608K, 0% used [0x00000000c0000000,0x00000000c0004000,0x00000000c4300000)
 Metaspace       used 15118K, committed 15360K, reserved 1064960K
  class space    used 1547K, committed 1664K, reserved 1048576K
}
Event: 1.554 GC heap after
{Heap after GC invocations=2 (full 0):
 PSYoungGen      total 29696K, used 4077K [0x00000000eab00000, 0x00000000ecc00000, 0x0000000100000000)
  eden space 25600K, 0% used [0x00000000eab00000,0x00000000eab00000,0x00000000ec400000)
  from space 4096K, 99% used [0x00000000ec800000,0x00000000ecbfb708,0x00000000ecc00000)
  to   space 4096K, 0% used [0x00000000ec400000,0x00000000ec400000,0x00000000ec800000)
 ParOldGen       total 68608K, used 712K [0x00000000c0000000, 0x00000000c4300000, 0x00000000eab00000)
  object space 68608K, 1% used [0x00000000c0000000,0x00000000c00b2370,0x00000000c4300000)
 Metaspace       used 15118K, committed 15360K, reserved 1064960K
  class space    used 1547K, committed 1664K, reserved 1048576K
}
Event: 3.202 GC heap before
{Heap before GC invocations=3 (full 0):
 PSYoungGen      total 29696K, used 29677K [0x00000000eab00000, 0x00000000ecc00000, 0x0000000100000000)
  eden space 25600K, 100% used [0x00000000eab00000,0x00000000ec400000,0x00000000ec400000)
  from space 4096K, 99% used [0x00000000ec800000,0x00000000ecbfb708,0x00000000ecc00000)
  to   space 4096K, 0% used [0x00000000ec400000,0x00000000ec400000,0x00000000ec800000)
 ParOldGen       total 68608K, used 712K [0x00000000c0000000, 0x00000000c4300000, 0x00000000eab00000)
  object space 68608K, 1% used [0x00000000c0000000,0x00000000c00b2370,0x00000000c4300000)
 Metaspace       used 20274K, committed 20672K, reserved 1073152K
  class space    used 2080K, committed 2240K, reserved 1048576K
}
Event: 3.206 GC heap after
{Heap after GC invocations=3 (full 0):
 PSYoungGen      total 29696K, used 4082K [0x00000000eab00000, 0x00000000ecc00000, 0x0000000100000000)
  eden space 25600K, 0% used [0x00000000eab00000,0x00000000eab00000,0x00000000ec400000)
  from space 4096K, 99% used [0x00000000ec400000,0x00000000ec7fca60,0x00000000ec800000)
  to   space 4096K, 0% used [0x00000000ec800000,0x00000000ec800000,0x00000000ecc00000)
 ParOldGen       total 68608K, used 2645K [0x00000000c0000000, 0x00000000c4300000, 0x00000000eab00000)
  object space 68608K, 3% used [0x00000000c0000000,0x00000000c0295508,0x00000000c4300000)
 Metaspace       used 20274K, committed 20672K, reserved 1073152K
  class space    used 2080K, committed 2240K, reserved 1048576K
}
Event: 3.458 GC heap before
{Heap before GC invocations=4 (full 0):
 PSYoungGen      total 29696K, used 9698K [0x00000000eab00000, 0x00000000ecc00000, 0x0000000100000000)
  eden space 25600K, 21% used [0x00000000eab00000,0x00000000eb07c140,0x00000000ec400000)
  from space 4096K, 99% used [0x00000000ec400000,0x00000000ec7fca60,0x00000000ec800000)
  to   space 4096K, 0% used [0x00000000ec800000,0x00000000ec800000,0x00000000ecc00000)
 ParOldGen       total 68608K, used 2645K [0x00000000c0000000, 0x00000000c4300000, 0x00000000eab00000)
  object space 68608K, 3% used [0x00000000c0000000,0x00000000c0295508,0x00000000c4300000)
 Metaspace       used 21134K, committed 21504K, reserved 1073152K
  class space    used 2164K, committed 2304K, reserved 1048576K
}
Event: 3.461 GC heap after
{Heap after GC invocations=4 (full 0):
 PSYoungGen      total 29696K, used 4076K [0x00000000eab00000, 0x00000000ecc00000, 0x0000000100000000)
  eden space 25600K, 0% used [0x00000000eab00000,0x00000000eab00000,0x00000000ec400000)
  from space 4096K, 99% used [0x00000000ec800000,0x00000000ecbfb3a0,0x00000000ecc00000)
  to   space 4096K, 0% used [0x00000000ec400000,0x00000000ec400000,0x00000000ec800000)
 ParOldGen       total 68608K, used 3189K [0x00000000c0000000, 0x00000000c4300000, 0x00000000eab00000)
  object space 68608K, 4% used [0x00000000c0000000,0x00000000c031d528,0x00000000c4300000)
 Metaspace       used 21134K, committed 21504K, reserved 1073152K
  class space    used 2164K, committed 2304K, reserved 1048576K
}
Event: 3.461 GC heap before
{Heap before GC invocations=5 (full 1):
 PSYoungGen      total 29696K, used 4076K [0x00000000eab00000, 0x00000000ecc00000, 0x0000000100000000)
  eden space 25600K, 0% used [0x00000000eab00000,0x00000000eab00000,0x00000000ec400000)
  from space 4096K, 99% used [0x00000000ec800000,0x00000000ecbfb3a0,0x00000000ecc00000)
  to   space 4096K, 0% used [0x00000000ec400000,0x00000000ec400000,0x00000000ec800000)
 ParOldGen       total 68608K, used 3189K [0x00000000c0000000, 0x00000000c4300000, 0x00000000eab00000)
  object space 68608K, 4% used [0x00000000c0000000,0x00000000c031d528,0x00000000c4300000)
 Metaspace       used 21134K, committed 21504K, reserved 1073152K
  class space    used 2164K, committed 2304K, reserved 1048576K
}
Event: 3.482 GC heap after
{Heap after GC invocations=5 (full 1):
 PSYoungGen      total 29696K, used 0K [0x00000000eab00000, 0x00000000ecc00000, 0x0000000100000000)
  eden space 25600K, 0% used [0x00000000eab00000,0x00000000eab00000,0x00000000ec400000)
  from space 4096K, 0% used [0x00000000ec800000,0x00000000ec800000,0x00000000ecc00000)
  to   space 4096K, 0% used [0x00000000ec400000,0x00000000ec400000,0x00000000ec800000)
 ParOldGen       total 68608K, used 7145K [0x00000000c0000000, 0x00000000c4300000, 0x00000000eab00000)
  object space 68608K, 10% used [0x00000000c0000000,0x00000000c06fa628,0x00000000c4300000)
 Metaspace       used 21120K, committed 21504K, reserved 1073152K
  class space    used 2160K, committed 2304K, reserved 1048576K
}
Event: 4.070 GC heap before
{Heap before GC invocations=6 (full 1):
 PSYoungGen      total 29696K, used 25600K [0x00000000eab00000, 0x00000000ecc00000, 0x0000000100000000)
  eden space 25600K, 100% used [0x00000000eab00000,0x00000000ec400000,0x00000000ec400000)
  from space 4096K, 0% used [0x00000000ec800000,0x00000000ec800000,0x00000000ecc00000)
  to   space 4096K, 0% used [0x00000000ec400000,0x00000000ec400000,0x00000000ec800000)
 ParOldGen       total 68608K, used 7145K [0x00000000c0000000, 0x00000000c4300000, 0x00000000eab00000)
  object space 68608K, 10% used [0x00000000c0000000,0x00000000c06fa628,0x00000000c4300000)
 Metaspace       used 24772K, committed 25152K, reserved 1073152K
  class space    used 2440K, committed 2560K, reserved 1048576K
}
Event: 4.071 GC heap after
{Heap after GC invocations=6 (full 1):
 PSYoungGen      total 25600K, used 224K [0x00000000eab00000, 0x00000000ec880000, 0x0000000100000000)
  eden space 25088K, 0% used [0x00000000eab00000,0x00000000eab00000,0x00000000ec380000)
  from space 512K, 43% used [0x00000000ec400000,0x00000000ec438000,0x00000000ec480000)
  to   space 2048K, 0% used [0x00000000ec680000,0x00000000ec680000,0x00000000ec880000)
 ParOldGen       total 68608K, used 7153K [0x00000000c0000000, 0x00000000c4300000, 0x00000000eab00000)
  object space 68608K, 10% used [0x00000000c0000000,0x00000000c06fc628,0x00000000c4300000)
 Metaspace       used 24772K, committed 25152K, reserved 1073152K
  class space    used 2440K, committed 2560K, reserved 1048576K
}

Deoptimization events (20 events):
Event: 4.240 Thread 0x00000196791f1db0 Uncommon trap: trap_request=0xffffff45 fr.pc=0x0000019607b8e5c0 relative=0x0000000000000f80
Event: 4.240 Thread 0x00000196791f1db0 Uncommon trap: reason=unstable_if action=reinterpret pc=0x0000019607b8e5c0 method=java.util.Properties.loadConvert([CIILjava/lang/StringBuilder;)Ljava/lang/String; @ 463 c2
Event: 4.240 Thread 0x00000196791f1db0 DEOPT PACKING pc=0x0000019607b8e5c0 sp=0x00000001551f7c80
Event: 4.241 Thread 0x00000196791f1db0 DEOPT UNPACKING pc=0x00000196000520a3 sp=0x00000001551f7c70 mode 2
Event: 4.398 Thread 0x00000196791f1db0 Uncommon trap: trap_request=0xffffffc6 fr.pc=0x0000019607b4c134 relative=0x00000000000009f4
Event: 4.398 Thread 0x00000196791f1db0 Uncommon trap: reason=bimorphic_or_optimized_type_check action=maybe_recompile pc=0x0000019607b4c134 method=java.util.HashMap.putVal(ILjava/lang/Object;Ljava/lang/Object;ZZ)Ljava/lang/Object; @ 56 c2
Event: 4.398 Thread 0x00000196791f1db0 DEOPT PACKING pc=0x0000019607b4c134 sp=0x00000001551fd950
Event: 4.398 Thread 0x00000196791f1db0 DEOPT UNPACKING pc=0x00000196000520a3 sp=0x00000001551fd850 mode 2
Event: 4.398 Thread 0x00000196791f1db0 Uncommon trap: trap_request=0xffffffc6 fr.pc=0x0000019607b4c134 relative=0x00000000000009f4
Event: 4.398 Thread 0x00000196791f1db0 Uncommon trap: reason=bimorphic_or_optimized_type_check action=maybe_recompile pc=0x0000019607b4c134 method=java.util.HashMap.putVal(ILjava/lang/Object;Ljava/lang/Object;ZZ)Ljava/lang/Object; @ 56 c2
Event: 4.398 Thread 0x00000196791f1db0 DEOPT PACKING pc=0x0000019607b4c134 sp=0x00000001551fd950
Event: 4.398 Thread 0x00000196791f1db0 DEOPT UNPACKING pc=0x00000196000520a3 sp=0x00000001551fd850 mode 2
Event: 4.398 Thread 0x00000196791f1db0 Uncommon trap: trap_request=0xffffffc6 fr.pc=0x0000019607b4c134 relative=0x00000000000009f4
Event: 4.398 Thread 0x00000196791f1db0 Uncommon trap: reason=bimorphic_or_optimized_type_check action=maybe_recompile pc=0x0000019607b4c134 method=java.util.HashMap.putVal(ILjava/lang/Object;Ljava/lang/Object;ZZ)Ljava/lang/Object; @ 56 c2
Event: 4.398 Thread 0x00000196791f1db0 DEOPT PACKING pc=0x0000019607b4c134 sp=0x00000001551fd950
Event: 4.398 Thread 0x00000196791f1db0 DEOPT UNPACKING pc=0x00000196000520a3 sp=0x00000001551fd850 mode 2
Event: 4.398 Thread 0x00000196791f1db0 Uncommon trap: trap_request=0xffffffc6 fr.pc=0x0000019607b4c134 relative=0x00000000000009f4
Event: 4.398 Thread 0x00000196791f1db0 Uncommon trap: reason=bimorphic_or_optimized_type_check action=maybe_recompile pc=0x0000019607b4c134 method=java.util.HashMap.putVal(ILjava/lang/Object;Ljava/lang/Object;ZZ)Ljava/lang/Object; @ 56 c2
Event: 4.398 Thread 0x00000196791f1db0 DEOPT PACKING pc=0x0000019607b4c134 sp=0x00000001551fd950
Event: 4.398 Thread 0x00000196791f1db0 DEOPT UNPACKING pc=0x00000196000520a3 sp=0x00000001551fd850 mode 2

Classes unloaded (7 events):
Event: 3.466 Thread 0x0000019676cda1c0 Unloading class 0x0000000100210800 'java/lang/invoke/LambdaForm$MH+0x0000000100210800'
Event: 3.466 Thread 0x0000019676cda1c0 Unloading class 0x0000000100210400 'java/lang/invoke/LambdaForm$MH+0x0000000100210400'
Event: 3.466 Thread 0x0000019676cda1c0 Unloading class 0x0000000100210000 'java/lang/invoke/LambdaForm$MH+0x0000000100210000'
Event: 3.466 Thread 0x0000019676cda1c0 Unloading class 0x000000010020f800 'java/lang/invoke/LambdaForm$MH+0x000000010020f800'
Event: 3.466 Thread 0x0000019676cda1c0 Unloading class 0x000000010020f400 'java/lang/invoke/LambdaForm$BMH+0x000000010020f400'
Event: 3.466 Thread 0x0000019676cda1c0 Unloading class 0x000000010020f000 'java/lang/invoke/LambdaForm$DMH+0x000000010020f000'
Event: 3.466 Thread 0x0000019676cda1c0 Unloading class 0x000000010020c400 'java/lang/invoke/LambdaForm$DMH+0x000000010020c400'

Classes redefined (0 events):
No events

Internal exceptions (20 events):
Event: 2.869 Thread 0x00000196791f1db0 Exception <a 'java/lang/NoSuchMethodError'{0x00000000ebd586d8}: 'java.lang.Object java.lang.invoke.DirectMethodHandle$Holder.invokeStatic(java.lang.Object, java.lang.Object, java.lang.Object, java.lang.Object, int)'> (0x00000000ebd586d8) 
thrown [s\src\hotspot\share\interpreter\linkResolver.cpp, line 759]
Event: 2.870 Thread 0x00000196791f1db0 Exception <a 'java/lang/NoSuchMethodError'{0x00000000ebd646d0}: 'java.lang.Object java.lang.invoke.DelegatingMethodHandle$Holder.reinvoke_L(java.lang.Object, java.lang.Object, java.lang.Object, java.lang.Object, int, int)'> (0x00000000ebd646d0) 
thrown [s\src\hotspot\share\interpreter\linkResolver.cpp, line 759]
Event: 2.871 Thread 0x00000196791f1db0 Exception <a 'java/lang/NoSuchMethodError'{0x00000000ebd7c6f8}: 'java.lang.Object java.lang.invoke.Invokers$Holder.invokeExact_MT(java.lang.Object, java.lang.Object, java.lang.Object, java.lang.Object)'> (0x00000000ebd7c6f8) 
thrown [s\src\hotspot\share\interpreter\linkResolver.cpp, line 759]
Event: 2.923 Thread 0x00000196791f1db0 Exception <a 'java/io/FileNotFoundException'{0x00000000ebe7ab80}> (0x00000000ebe7ab80) 
thrown [s\src\hotspot\share\prims\jni.cpp, line 516]
Event: 2.933 Thread 0x00000196791f1db0 Exception <a 'java/io/FileNotFoundException'{0x00000000ebe93180}> (0x00000000ebe93180) 
thrown [s\src\hotspot\share\prims\jni.cpp, line 516]
Event: 3.219 Thread 0x00000196791f1db0 Exception <a 'java/lang/IncompatibleClassChangeError'{0x00000000eab0a520}: Found class java.lang.Object, but interface was expected> (0x00000000eab0a520) 
thrown [s\src\hotspot\share\interpreter\linkResolver.cpp, line 826]
Event: 3.841 Thread 0x00000196791f1db0 Exception <a 'java/io/FileNotFoundException'{0x00000000eb742e30}> (0x00000000eb742e30) 
thrown [s\src\hotspot\share\prims\jni.cpp, line 516]
Event: 3.841 Thread 0x00000196791f1db0 Exception <a 'java/io/FileNotFoundException'{0x00000000eb743c70}> (0x00000000eb743c70) 
thrown [s\src\hotspot\share\prims\jni.cpp, line 516]
Event: 3.842 Thread 0x00000196791f1db0 Exception <a 'java/io/FileNotFoundException'{0x00000000eb744ac0}> (0x00000000eb744ac0) 
thrown [s\src\hotspot\share\prims\jni.cpp, line 516]
Event: 3.987 Thread 0x00000196791f1db0 Exception <a 'java/lang/NoSuchMethodError'{0x00000000ebfdc5e0}: 'int java.lang.invoke.DirectMethodHandle$Holder.invokeStaticInit(java.lang.Object, java.lang.Object, java.lang.Object)'> (0x00000000ebfdc5e0) 
thrown [s\src\hotspot\share\interpreter\linkResolver.cpp, line 759]
Event: 4.129 Thread 0x00000196791f1db0 Exception <a 'java/io/FileNotFoundException'{0x00000000eb13f288}> (0x00000000eb13f288) 
thrown [s\src\hotspot\share\prims\jni.cpp, line 516]
Event: 4.225 Thread 0x00000196791f1db0 Exception <a 'java/io/FileNotFoundException'{0x00000000ebb0a740}> (0x00000000ebb0a740) 
thrown [s\src\hotspot\share\prims\jni.cpp, line 516]
Event: 4.311 Thread 0x00000196791f1db0 Exception <a 'sun/nio/fs/WindowsException'{0x00000000ebcabc10}> (0x00000000ebcabc10) 
thrown [s\src\hotspot\share\prims\jni.cpp, line 516]
Event: 4.312 Thread 0x00000196791f1db0 Exception <a 'sun/nio/fs/WindowsException'{0x00000000ebcb5b48}> (0x00000000ebcb5b48) 
thrown [s\src\hotspot\share\prims\jni.cpp, line 516]
Event: 4.312 Thread 0x00000196791f1db0 Exception <a 'sun/nio/fs/WindowsException'{0x00000000ebcbcb80}> (0x00000000ebcbcb80) 
thrown [s\src\hotspot\share\prims\jni.cpp, line 516]
Event: 4.312 Thread 0x00000196791f1db0 Exception <a 'sun/nio/fs/WindowsException'{0x00000000ebcbd8c0}> (0x00000000ebcbd8c0) 
thrown [s\src\hotspot\share\prims\jni.cpp, line 516]
Event: 4.344 Thread 0x00000196791f1db0 Exception <a 'java/lang/NoSuchMethodError'{0x00000000ebd67108}: 'java.lang.Object java.lang.invoke.DirectMethodHandle$Holder.invokeStaticInit(java.lang.Object, int)'> (0x00000000ebd67108) 
thrown [s\src\hotspot\share\interpreter\linkResolver.cpp, line 759]
Event: 4.351 Thread 0x00000196791f1db0 Exception <a 'sun/nio/fs/WindowsException'{0x00000000ebdc7578}> (0x00000000ebdc7578) 
thrown [s\src\hotspot\share\prims\jni.cpp, line 516]
Event: 4.351 Thread 0x00000196791f1db0 Exception <a 'sun/nio/fs/WindowsException'{0x00000000ebdc7b38}> (0x00000000ebdc7b38) 
thrown [s\src\hotspot\share\prims\jni.cpp, line 516]
Event: 4.384 Thread 0x00000196791f1db0 Exception <a 'java/io/FileNotFoundException'{0x00000000ebe07908}> (0x00000000ebe07908) 
thrown [s\src\hotspot\share\prims\jni.cpp, line 516]

VM Operations (20 events):
Event: 1.550 Executing VM operation: ParallelGCFailedAllocation
Event: 1.554 Executing VM operation: ParallelGCFailedAllocation done
Event: 2.531 Executing VM operation: HandshakeAllThreads
Event: 2.531 Executing VM operation: HandshakeAllThreads done
Event: 2.542 Executing VM operation: HandshakeAllThreads
Event: 2.542 Executing VM operation: HandshakeAllThreads done
Event: 2.864 Executing VM operation: HandshakeAllThreads
Event: 2.864 Executing VM operation: HandshakeAllThreads done
Event: 2.864 Executing VM operation: Cleanup
Event: 2.864 Executing VM operation: Cleanup done
Event: 3.202 Executing VM operation: ParallelGCFailedAllocation
Event: 3.206 Executing VM operation: ParallelGCFailedAllocation done
Event: 3.240 Executing VM operation: HandshakeAllThreads
Event: 3.241 Executing VM operation: HandshakeAllThreads done
Event: 3.457 Executing VM operation: CollectForMetadataAllocation
Event: 3.482 Executing VM operation: CollectForMetadataAllocation done
Event: 4.070 Executing VM operation: ParallelGCFailedAllocation
Event: 4.071 Executing VM operation: ParallelGCFailedAllocation done
Event: 4.398 Executing VM operation: HandshakeAllThreads
Event: 4.398 Executing VM operation: HandshakeAllThreads done

Events (20 events):
Event: 4.357 loading class sun/nio/ch/Util$1
Event: 4.358 loading class sun/nio/ch/Util$1 done
Event: 4.358 loading class sun/nio/ch/Util$BufferCache
Event: 4.359 loading class sun/nio/ch/Util$BufferCache done
Event: 4.359 loading class java/nio/DirectByteBuffer$Deallocator
Event: 4.359 loading class java/nio/DirectByteBuffer$Deallocator done
Event: 4.359 loading class sun/nio/ch/IOStatus
Event: 4.359 loading class sun/nio/ch/IOStatus done
Event: 4.398 loading class java/lang/ProcessEnvironment
Event: 4.398 loading class java/lang/ProcessEnvironment done
Event: 4.398 loading class java/lang/ProcessEnvironment$NameComparator
Event: 4.398 loading class java/lang/ProcessEnvironment$NameComparator done
Event: 4.398 loading class java/lang/ProcessEnvironment$EntryComparator
Event: 4.398 loading class java/lang/ProcessEnvironment$EntryComparator done
Event: 4.399 loading class java/lang/ProcessEnvironment$CheckedEntrySet
Event: 4.399 loading class java/lang/ProcessEnvironment$CheckedEntrySet done
Event: 4.399 loading class java/lang/ProcessEnvironment$CheckedEntrySet$1
Event: 4.399 loading class java/lang/ProcessEnvironment$CheckedEntrySet$1 done
Event: 4.399 loading class java/lang/ProcessEnvironment$CheckedEntry
Event: 4.399 loading class java/lang/ProcessEnvironment$CheckedEntry done


Dynamic libraries:
0x00007ff626310000 - 0x00007ff62631e000 	c:\Users\DELL\.vscode\extensions\redhat.java-1.11.0-win32-x64\jre\17.0.4.1-win32-x86_64\bin\java.exe
0x00007ffaedf30000 - 0x00007ffaee110000 	C:\Windows\SYSTEM32\ntdll.dll
0x00007ffaede50000 - 0x00007ffaedefe000 	C:\Windows\System32\KERNEL32.DLL
0x00007ffaeb190000 - 0x00007ffaeb3f6000 	C:\Windows\System32\KERNELBASE.dll
0x00007ffaeafb0000 - 0x00007ffaeb0a6000 	C:\Windows\System32\ucrtbase.dll
0x00007ffae6f40000 - 0x00007ffae6f58000 	c:\Users\DELL\.vscode\extensions\redhat.java-1.11.0-win32-x64\jre\17.0.4.1-win32-x86_64\bin\jli.dll
0x00007ffadec20000 - 0x00007ffadec39000 	c:\Users\DELL\.vscode\extensions\redhat.java-1.11.0-win32-x64\jre\17.0.4.1-win32-x86_64\bin\VCRUNTIME140.dll
0x00007ffaeda90000 - 0x00007ffaedc1f000 	C:\Windows\System32\USER32.dll
0x00007ffaeaad0000 - 0x00007ffaeaaf0000 	C:\Windows\System32\win32u.dll
0x00007ffaeb490000 - 0x00007ffaeb4b8000 	C:\Windows\System32\GDI32.dll
0x00007ffacaa00000 - 0x00007ffacac69000 	C:\Windows\WinSxS\amd64_microsoft.windows.common-controls_6595b64144ccf1df_6.0.16299.125_none_15cbcf8893620c09\COMCTL32.dll
0x00007ffaeae10000 - 0x00007ffaeafa3000 	C:\Windows\System32\gdi32full.dll
0x00007ffaed1d0000 - 0x00007ffaed26d000 	C:\Windows\System32\msvcrt.dll
0x00007ffaeaba0000 - 0x00007ffaeac3b000 	C:\Windows\System32\msvcp_win.dll
0x00007ffaeccb0000 - 0x00007ffaecfb8000 	C:\Windows\System32\combase.dll
0x00007ffaeb580000 - 0x00007ffaeb69f000 	C:\Windows\System32\RPCRT4.dll
0x00007ffaeb0b0000 - 0x00007ffaeb122000 	C:\Windows\System32\bcryptPrimitives.dll
0x00007ffaeb840000 - 0x00007ffaeb86d000 	C:\Windows\System32\IMM32.DLL
0x00007ffae6f30000 - 0x00007ffae6f3c000 	c:\Users\DELL\.vscode\extensions\redhat.java-1.11.0-win32-x64\jre\17.0.4.1-win32-x86_64\bin\vcruntime140_1.dll
0x00007ffa9f8f0000 - 0x00007ffa9f981000 	c:\Users\DELL\.vscode\extensions\redhat.java-1.11.0-win32-x64\jre\17.0.4.1-win32-x86_64\bin\msvcp140.dll
0x00007ffa94f00000 - 0x00007ffa95b46000 	c:\Users\DELL\.vscode\extensions\redhat.java-1.11.0-win32-x64\jre\17.0.4.1-win32-x86_64\bin\server\jvm.dll
0x00007ffaed450000 - 0x00007ffaed4f1000 	C:\Windows\System32\ADVAPI32.dll
0x00007ffaed500000 - 0x00007ffaed55b000 	C:\Windows\System32\sechost.dll
0x00007ffaeb480000 - 0x00007ffaeb488000 	C:\Windows\System32\PSAPI.DLL
0x00007ffae8620000 - 0x00007ffae8643000 	C:\Windows\SYSTEM32\WINMM.dll
0x00007ffad33f0000 - 0x00007ffad33f9000 	C:\Windows\SYSTEM32\WSOCK32.dll
0x00007ffade580000 - 0x00007ffade58a000 	C:\Windows\SYSTEM32\VERSION.dll
0x00007ffaed270000 - 0x00007ffaed2dc000 	C:\Windows\System32\WS2_32.dll
0x00007ffae85c0000 - 0x00007ffae85ea000 	C:\Windows\SYSTEM32\WINMMBASE.dll
0x00007ffaeaa80000 - 0x00007ffaeaaca000 	C:\Windows\System32\cfgmgr32.dll
0x00007ffaea2d0000 - 0x00007ffaea2e1000 	C:\Windows\System32\kernel.appcore.dll
0x00007ffae1890000 - 0x00007ffae189a000 	c:\Users\DELL\.vscode\extensions\redhat.java-1.11.0-win32-x64\jre\17.0.4.1-win32-x86_64\bin\jimage.dll
0x00007ffadda30000 - 0x00007ffaddbf8000 	C:\Windows\SYSTEM32\DBGHELP.DLL
0x00007ffadd9e0000 - 0x00007ffadda09000 	C:\Windows\SYSTEM32\dbgcore.DLL
0x00007ffae16a0000 - 0x00007ffae16ae000 	c:\Users\DELL\.vscode\extensions\redhat.java-1.11.0-win32-x64\jre\17.0.4.1-win32-x86_64\bin\instrument.dll
0x00007ffadeac0000 - 0x00007ffadeae5000 	c:\Users\DELL\.vscode\extensions\redhat.java-1.11.0-win32-x64\jre\17.0.4.1-win32-x86_64\bin\java.dll
0x00007ffad33a0000 - 0x00007ffad33b8000 	c:\Users\DELL\.vscode\extensions\redhat.java-1.11.0-win32-x64\jre\17.0.4.1-win32-x86_64\bin\zip.dll
0x00007ffaeb870000 - 0x00007ffaecca6000 	C:\Windows\System32\SHELL32.dll
0x00007ffaedda0000 - 0x00007ffaede46000 	C:\Windows\System32\shcore.dll
0x00007ffaea330000 - 0x00007ffaeaa77000 	C:\Windows\System32\windows.storage.dll
0x00007ffaedd40000 - 0x00007ffaedd91000 	C:\Windows\System32\shlwapi.dll
0x00007ffaea280000 - 0x00007ffaea2cc000 	C:\Windows\System32\powrprof.dll
0x00007ffaea310000 - 0x00007ffaea32b000 	C:\Windows\System32\profapi.dll
0x00007ffaca020000 - 0x00007ffaca039000 	C:\Users\DELL\.vscode\extensions\redhat.java-1.11.0-win32-x64\jre\17.0.4.1-win32-x86_64\bin\net.dll
0x00007ffadf600000 - 0x00007ffadf6de000 	C:\Windows\SYSTEM32\WINHTTP.dll
0x00007ffae9b10000 - 0x00007ffae9b76000 	C:\Windows\system32\mswsock.dll
0x00007ffac8af0000 - 0x00007ffac8b05000 	C:\Users\DELL\.vscode\extensions\redhat.java-1.11.0-win32-x64\jre\17.0.4.1-win32-x86_64\bin\nio.dll
0x00007ffae1660000 - 0x00007ffae1670000 	c:\Users\DELL\.vscode\extensions\redhat.java-1.11.0-win32-x64\jre\17.0.4.1-win32-x86_64\bin\verify.dll
0x00007ffac8ab0000 - 0x00007ffac8aee000 	C:\Users\DELL\AppData\Roaming\Code\User\globalStorage\redhat.java\1.11.0\config_ss_win\org.eclipse.equinox.launcher\org.eclipse.equinox.launcher.win32.win32.x86_64_1.2.600.v20220720-1916\eclipse_11700.dll
0x00007ffaed300000 - 0x00007ffaed449000 	C:\Windows\System32\ole32.dll
0x00007ffae0810000 - 0x00007ffae0819000 	C:\Users\DELL\.vscode\extensions\redhat.java-1.11.0-win32-x64\jre\17.0.4.1-win32-x86_64\bin\management.dll
0x00007ffae0750000 - 0x00007ffae075b000 	C:\Users\DELL\.vscode\extensions\redhat.java-1.11.0-win32-x64\jre\17.0.4.1-win32-x86_64\bin\management_ext.dll

dbghelp: loaded successfully - version: 4.0.5 - missing functions: none
symbol engine: initialized successfully - sym options: 0x614 - pdb path: .;c:\Users\DELL\.vscode\extensions\redhat.java-1.11.0-win32-x64\jre\17.0.4.1-win32-x86_64\bin;C:\Windows\SYSTEM32;C:\Windows\WinSxS\amd64_microsoft.windows.common-controls_6595b64144ccf1df_6.0.16299.125_none_15cbcf8893620c09;c:\Users\DELL\.vscode\extensions\redhat.java-1.11.0-win32-x64\jre\17.0.4.1-win32-x86_64\bin\server;C:\Users\DELL\AppData\Roaming\Code\User\globalStorage\redhat.java\1.11.0\config_ss_win\org.eclipse.equinox.launcher\org.eclipse.equinox.launcher.win32.win32.x86_64_1.2.600.v20220720-1916

VM Arguments:
jvm_args: --add-modules=ALL-SYSTEM --add-opens=java.base/java.util=ALL-UNNAMED --add-opens=java.base/java.lang=ALL-UNNAMED --add-opens=java.base/sun.nio.fs=ALL-UNNAMED -Declipse.application=org.eclipse.jdt.ls.core.id1 -Dosgi.bundles.defaultStartLevel=4 -Declipse.product=org.eclipse.jdt.ls.core.product -Djava.import.generatesMetadataFilesAtProjectRoot=false -Dfile.encoding=utf8 -DwatchParentProcess=false -XX:+UseParallelGC -XX:GCTimeRatio=4 -XX:AdaptiveSizePolicyWeight=90 -Dsun.zip.disableMemoryMapping=true -Xmx1G -Xms100m -Xlog:disable -javaagent:c:\Users\DELL\.vscode\extensions\redhat.java-1.11.0-win32-x64\lombok\lombok-1.18.24.jar 
java_command: c:\Users\DELL\.vscode\extensions\redhat.java-1.11.0-win32-x64\server\plugins\org.eclipse.equinox.launcher_1.6.400.v20210924-0641.jar -configuration c:\Users\DELL\AppData\Roaming\Code\User\globalStorage\redhat.java\1.11.0\config_ss_win -data c:\Users\DELL\AppData\Roaming\Code\User\workspaceStorage\33bd1648870debec2126c90b78d4fd85\redhat.java\ss_ws
java_class_path (initial): c:\Users\DELL\.vscode\extensions\redhat.java-1.11.0-win32-x64\server\plugins\org.eclipse.equinox.launcher_1.6.400.v20210924-0641.jar
Launcher Type: SUN_STANDARD

[Global flags]
    uintx AdaptiveSizePolicyWeight                 = 90                                        {product} {command line}
     intx CICompilerCount                          = 3                                         {product} {ergonomic}
    uintx GCTimeRatio                              = 4                                         {product} {command line}
   size_t InitialHeapSize                          = 104857600                                 {product} {command line}
   size_t MaxHeapSize                              = 1073741824                                {product} {command line}
   size_t MaxNewSize                               = 357564416                                 {product} {ergonomic}
   size_t MinHeapDeltaBytes                        = 524288                                    {product} {ergonomic}
   size_t MinHeapSize                              = 104857600                                 {product} {command line}
   size_t NewSize                                  = 34603008                                  {product} {ergonomic}
    uintx NonNMethodCodeHeapSize                   = 5832780                                {pd product} {ergonomic}
    uintx NonProfiledCodeHeapSize                  = 122912730                              {pd product} {ergonomic}
   size_t OldSize                                  = 70254592                                  {product} {ergonomic}
    uintx ProfiledCodeHeapSize                     = 122912730                              {pd product} {ergonomic}
    uintx ReservedCodeCacheSize                    = 251658240                              {pd product} {ergonomic}
     bool SegmentedCodeCache                       = true                                      {product} {ergonomic}
   size_t SoftMaxHeapSize                          = 1073741824                             {manageable} {ergonomic}
     bool UseCompressedClassPointers               = true                           {product lp64_product} {ergonomic}
     bool UseCompressedOops                        = true                           {product lp64_product} {ergonomic}
     bool UseLargePagesIndividualAllocation        = false                                  {pd product} {ergonomic}
     bool UseParallelGC                            = true                                      {product} {command line}

Logging:
Log output configuration:
 #0: stdout all=off uptime,level,tags
 #1: stderr all=off uptime,level,tags

Environment Variables:
JAVA_HOME=C:\Program Files\Java\jdk1.8.0_211
CLASSPATH=.;
PATH=C:\Users\DELL\bin;C:\Program Files\Git\mingw64\bin;C:\Program Files\Git\usr\local\bin;C:\Program Files\Git\usr\bin;C:\Program Files\Git\usr\bin;C:\Program Files\Git\mingw64\bin;C:\Program Files\Git\usr\bin;C:\Users\DELL\bin;C:\Program Files\Common Files\Oracle\Java\javapath;C:\Program Files (x86)\Common Files\Oracle\Java\javapath;C:\Python39\Scripts;C:\Python39;C:\ProgramData\Oracle\Java\javapath;C:\Program Files (x86)\Intel\iCLS Client;C:\Program Files\Intel\iCLS Client;C:\Windows\system32;C:\Windows;C:\Windows\System32\Wbem;C:\Windows\System32\WindowsPowerShell\v1.0;C:\Program Files\Intel\Intel(R) Management Engine Components\DAL;C:\Program Files\Intel\Intel(R) Management Engine Components\IPT;C:\Program Files (x86)\Intel\Intel(R) Management Engine Components\DAL;C:\Program Files (x86)\Intel\Intel(R) Management Engine Components\IPT;C:\Program Files\Microsoft SQL Server\Client SDK\ODBC\170\Tools\Binn;C:\Program Files\Microsoft VS Code\bin;C:\ProgramData\chocolatey\bin;C:\Program Files\Java\jdk1.8.0_211\bin;C:\Program Files\dotnet;C:\Program Files\Microsoft SQL Server\130\Tools\Binn;C:\Program Files (x86)\Microsoft SQL Server\150\Tools\Binn;C:\Program Files\Microsoft SQL Server\150\Tools\Binn;C:\Program Files\Microsoft SQL Server\150\DTS\Binn;C:\Program Files (x86)\Microsoft SQL Server\150\DTS\Binn;C:\Program Files\Git\cmd;C:\Program Files (x86)\dotnet;C:\Program Files\MySQL\MySQL Shell 8.0\bin;C:\Users\DELL\AppData\Local\Programs\Python\Python310\Scripts;C:\Users\DELL\AppData\Local\Programs\Python\Python310;C:\Windows\System32;C:\Users\DELL\AppData\Local\Microsoft\WindowsApps;C:\Program Files\Azure Data Studio\bin;C:\Users\DELL\.dotnet\tools;C:\Program Files\Azure Data Studio\bin;C:\Program Files\Git\usr\bin\vendor_perl;C:\Program Files\Git\usr\bin\core_perl
USERNAME=DELL
SHELL=C:\Program Files\Git\usr\bin\bash.exe
DISPLAY=needs-to-be-defined
LC_CTYPE=pt_BR.UTF-8
TERM=xterm
TMPDIR=C:\Windows\TEMP
OS=Windows_NT
PROCESSOR_IDENTIFIER=Intel64 Family 6 Model 94 Stepping 3, GenuineIntel
TMP=C:\Windows\TEMP
TEMP=C:\Windows\TEMP



---------------  S Y S T E M  ---------------

OS:
 Windows 10 , 64 bit Build 16299 (10.0.16299.15)
OS uptime: 0 days 8:32 hours

CPU: total 4 (initial active 4) (4 cores per cpu, 1 threads per core) family 6 model 94 stepping 3 microcode 0xba, cx8, cmov, fxsr, mmx, 3dnowpref, sse, sse2, sse3, ssse3, sse4.1, sse4.2, popcnt, lzcnt, tsc, tscinvbit, avx, avx2, aes, erms, clmul, bmi1, bmi2, rtm, adx, fma, vzeroupper, clflush, clflushopt

Memory: 4k page, system-wide physical 8094M (1281M free)
TotalPageFile size 8094M (AvailPageFile size 3M)
current process WorkingSet (physical memory assigned to process): 139M, peak: 139M
current process commit charge ("private bytes"): 234M, peak: 234M

vm_info: OpenJDK 64-Bit Server VM (17.0.4.1+1) for windows-amd64 JRE (17.0.4.1+1), built on Aug 17 2022 07:42:43 by "temurin" with MS VC++ 16.7 (VS2019)

END.
