#
# There is insufficient memory for the Java Runtime Environment to continue.
# Native memory allocation (malloc) failed to allocate 1510576 bytes for Chunk::new
# Possible reasons:
#   The system is out of physical RAM or swap space
#   The process is running with CompressedOops enabled, and the Java Heap may be blocking the growth of the native heap
# Possible solutions:
#   Reduce memory load on the system
#   Increase physical memory or swap space
#   Check if swap backing store is full
#   Decrease Java heap size (-Xmx/-Xms)
#   Decrease number of Java threads
#   Decrease Java thread stack sizes (-Xss)
#   Set larger code cache with -XX:ReservedCodeCacheSize=
#   JVM is running with Unscaled Compressed Oops mode in which the Java heap is
#     placed in the first 4GB address space. The Java Heap base address is the
#     maximum limit for the native heap growth. Please use -XX:HeapBaseMinAddress
#     to set the Java Heap base and to place the Java Heap above 4GB virtual address.
# This output file may be truncated or incomplete.
#
#  Out of Memory Error (arena.cpp:189), pid=2632, tid=5312
#
# JRE version: OpenJDK Runtime Environment Temurin-17.0.4.1+1 (17.0.4.1+1) (build 17.0.4.1+1)
# Java VM: OpenJDK 64-Bit Server VM Temurin-17.0.4.1+1 (17.0.4.1+1, mixed mode, tiered, compressed oops, compressed class ptrs, parallel gc, windows-amd64)
# No core dump will be written. Minidumps are not enabled by default on client versions of Windows
#

---------------  S U M M A R Y ------------

Command Line: --add-modules=ALL-SYSTEM --add-opens=java.base/java.util=ALL-UNNAMED --add-opens=java.base/java.lang=ALL-UNNAMED --add-opens=java.base/sun.nio.fs=ALL-UNNAMED -Declipse.application=org.eclipse.jdt.ls.core.id1 -Dosgi.bundles.defaultStartLevel=4 -Declipse.product=org.eclipse.jdt.ls.core.product -Djava.import.generatesMetadataFilesAtProjectRoot=false -Dfile.encoding=utf8 -DwatchParentProcess=false -XX:+UseParallelGC -XX:GCTimeRatio=4 -XX:AdaptiveSizePolicyWeight=90 -Dsun.zip.disableMemoryMapping=true -Xmx1G -Xms100m -Xlog:disable -javaagent:c:\Users\DELL\.vscode\extensions\redhat.java-1.11.0-win32-x64\lombok\lombok-1.18.24.jar c:\Users\DELL\.vscode\extensions\redhat.java-1.11.0-win32-x64\server\plugins\org.eclipse.equinox.launcher_1.6.400.v20210924-0641.jar -configuration c:\Users\DELL\AppData\Roaming\Code\User\globalStorage\redhat.java\1.11.0\config_ss_win -data c:\Users\DELL\AppData\Roaming\Code\User\workspaceStorage\33bd1648870debec2126c90b78d4fd85\redhat.java\ss_ws

Host: Intel(R) Core(TM) i5-6500 CPU @ 3.20GHz, 4 cores, 7G,  Windows 10 , 64 bit Build 16299 (10.0.16299.15)
Time: Sun Oct  2 19:52:21 2022 Hora oficial do Brasil elapsed time: 1.624406 seconds (0d 0h 0m 1s)

---------------  T H R E A D  ---------------

Current thread (0x00000254a3973400):  JavaThread "C2 CompilerThread1" daemon [_thread_in_native, id=5312, stack(0x000000afa2a00000,0x000000afa2b00000)]


Current CompileTask:
C2:   1625 2168       4       org.objectweb.asm.ClassReader::readMethod (1066 bytes)

Stack: [0x000000afa2a00000,0x000000afa2b00000]
Native frames: (J=compiled Java code, j=interpreted, Vv=VM code, C=native code)
V  [jvm.dll+0x67731a]
V  [jvm.dll+0x832284]
V  [jvm.dll+0x833a2e]
V  [jvm.dll+0x834093]
V  [jvm.dll+0x245775]
V  [jvm.dll+0xabd7b]
V  [jvm.dll+0xac30c]
V  [jvm.dll+0x363a42]
V  [jvm.dll+0x32e011]
V  [jvm.dll+0x32d4ba]
V  [jvm.dll+0x218681]
V  [jvm.dll+0x217aa1]
V  [jvm.dll+0x1a3f8d]
V  [jvm.dll+0x227498]
V  [jvm.dll+0x2255e5]
V  [jvm.dll+0x7e7e9b]
V  [jvm.dll+0x7e240a]
V  [jvm.dll+0x6761a5]
C  [ucrtbase.dll+0x1d885]
C  [KERNEL32.DLL+0x11fe4]
C  [ntdll.dll+0x6ef91]


---------------  P R O C E S S  ---------------

Threads class SMR info:
_java_thread_list=0x00000254a53c1840, length=22, elements={
0x000002548df26de0, 0x00000254a1d3d060, 0x00000254a1d3f7e0, 0x00000254a1d535d0,
0x00000254a1d54180, 0x00000254a1d55d40, 0x00000254a1d567f0, 0x00000254a1d847c0,
0x00000254a1d8bca0, 0x00000254a1d9c580, 0x00000254a379d010, 0x00000254a3956e00,
0x00000254a3973400, 0x00000254a3cd7a80, 0x00000254a3d7fe70, 0x00000254a42295b0,
0x00000254a412e890, 0x00000254a4225440, 0x00000254a515eae0, 0x00000254a4221540,
0x00000254a4224a30, 0x00000254a4224090
}

Java Threads: ( => current thread )
  0x000002548df26de0 JavaThread "main" [_thread_blocked, id=2604, stack(0x000000afa1a00000,0x000000afa1b00000)]
  0x00000254a1d3d060 JavaThread "Reference Handler" daemon [_thread_blocked, id=10908, stack(0x000000afa1d00000,0x000000afa1e00000)]
  0x00000254a1d3f7e0 JavaThread "Finalizer" daemon [_thread_blocked, id=9596, stack(0x000000afa1e00000,0x000000afa1f00000)]
  0x00000254a1d535d0 JavaThread "Signal Dispatcher" daemon [_thread_blocked, id=6168, stack(0x000000afa2000000,0x000000afa2100000)]
  0x00000254a1d54180 JavaThread "Attach Listener" daemon [_thread_blocked, id=7564, stack(0x000000afa2100000,0x000000afa2200000)]
  0x00000254a1d55d40 JavaThread "Service Thread" daemon [_thread_blocked, id=9764, stack(0x000000afa2200000,0x000000afa2300000)]
  0x00000254a1d567f0 JavaThread "Monitor Deflation Thread" daemon [_thread_blocked, id=3840, stack(0x000000afa2300000,0x000000afa2400000)]
  0x00000254a1d847c0 JavaThread "C2 CompilerThread0" daemon [_thread_blocked, id=3320, stack(0x000000afa2400000,0x000000afa2500000)]
  0x00000254a1d8bca0 JavaThread "C1 CompilerThread0" daemon [_thread_blocked, id=10764, stack(0x000000afa2500000,0x000000afa2600000)]
  0x00000254a1d9c580 JavaThread "Sweeper thread" daemon [_thread_blocked, id=5436, stack(0x000000afa2600000,0x000000afa2700000)]
  0x00000254a379d010 JavaThread "Common-Cleaner" daemon [_thread_blocked, id=3664, stack(0x000000afa2700000,0x000000afa2800000)]
  0x00000254a3956e00 JavaThread "Notification Thread" daemon [_thread_blocked, id=5168, stack(0x000000afa2800000,0x000000afa2900000)]
=>0x00000254a3973400 JavaThread "C2 CompilerThread1" daemon [_thread_in_native, id=5312, stack(0x000000afa2a00000,0x000000afa2b00000)]
  0x00000254a3cd7a80 JavaThread "Active Thread: Equinox Container: ab58923c-cdcf-47ce-b59b-5229700d6576" [_thread_blocked, id=1580, stack(0x000000afa2e00000,0x000000afa2f00000)]
  0x00000254a3d7fe70 JavaThread "Framework Event Dispatcher: Equinox Container: ab58923c-cdcf-47ce-b59b-5229700d6576" daemon [_thread_blocked, id=6404, stack(0x000000afa2f00000,0x000000afa3000000)]
  0x00000254a42295b0 JavaThread "Start Level: Equinox Container: ab58923c-cdcf-47ce-b59b-5229700d6576" daemon [_thread_blocked, id=2560, stack(0x000000afa3000000,0x000000afa3100000)]
  0x00000254a412e890 JavaThread "SCR Component Actor" daemon [_thread_blocked, id=8276, stack(0x000000afa3100000,0x000000afa3200000)]
  0x00000254a4225440 JavaThread "SCR Component Registry" daemon [_thread_blocked, id=10820, stack(0x000000afa3200000,0x000000afa3300000)]
  0x00000254a515eae0 JavaThread "Worker-JM" [_thread_blocked, id=1540, stack(0x000000afa3300000,0x000000afa3400000)]
  0x00000254a4221540 JavaThread "Worker-0" [_thread_blocked, id=6824, stack(0x000000afa3400000,0x000000afa3500000)]
  0x00000254a4224a30 JavaThread "Worker-1" [_thread_blocked, id=4900, stack(0x000000afa3500000,0x000000afa3600000)]
  0x00000254a4224090 JavaThread "Java indexing" daemon [_thread_blocked, id=4476, stack(0x000000afa3600000,0x000000afa3700000)]

Other Threads:
  0x00000254a1d39960 VMThread "VM Thread" [stack: 0x000000afa1c00000,0x000000afa1d00000] [id=10180]
  0x00000254a39572d0 WatcherThread [stack: 0x000000afa2900000,0x000000afa2a00000] [id=1712]
  0x000002548df3f5c0 GCTaskThread "GC Thread#0" [stack: 0x000000afa1b00000,0x000000afa1c00000] [id=7316]
  0x00000254a3f12420 GCTaskThread "GC Thread#1" [stack: 0x000000afa2b00000,0x000000afa2c00000] [id=4988]
  0x00000254a3f126d0 GCTaskThread "GC Thread#2" [stack: 0x000000afa2c00000,0x000000afa2d00000] [id=9592]
  0x00000254a3f12980 GCTaskThread "GC Thread#3" [stack: 0x000000afa2d00000,0x000000afa2e00000] [id=9716]

Threads with active compile tasks:
C2 CompilerThread1     1637 2168       4       org.objectweb.asm.ClassReader::readMethod (1066 bytes)

VM state: not at safepoint (normal execution)

VM Mutex/Monitor currently owned by a thread: None

Heap address: 0x00000000c0000000, size: 1024 MB, Compressed Oops mode: 32-bit

CDS archive(s) not mapped
Compressed class space mapped at: 0x0000000100000000-0x0000000140000000, reserved size: 1073741824
Narrow klass base: 0x0000000000000000, Narrow klass shift: 3, Narrow klass range: 0x140000000

GC Precious Log:
 CPUs: 4 total, 4 available
 Memory: 8094M
 Large Page Support: Disabled
 NUMA Support: Disabled
 Compressed Oops: Enabled (32-bit)
 Alignments: Space 512K, Generation 512K, Heap 2M
 Heap Min Capacity: 100M
 Heap Initial Capacity: 100M
 Heap Max Capacity: 1G
 Pre-touch: Disabled
 Parallel Workers: 4

Heap:
 PSYoungGen      total 26112K, used 18360K [0x00000000eab00000, 0x00000000ec880000, 0x0000000100000000)
  eden space 25088K, 69% used [0x00000000eab00000,0x00000000ebc213d8,0x00000000ec380000)
  from space 1024K, 80% used [0x00000000ec400000,0x00000000ec4ccd88,0x00000000ec500000)
  to   space 2560K, 0% used [0x00000000ec600000,0x00000000ec600000,0x00000000ec880000)
 ParOldGen       total 68608K, used 7167K [0x00000000c0000000, 0x00000000c4300000, 0x00000000eab00000)
  object space 68608K, 10% used [0x00000000c0000000,0x00000000c06fff20,0x00000000c4300000)
 Metaspace       used 25935K, committed 26368K, reserved 1073152K
  class space    used 2502K, committed 2688K, reserved 1048576K

Card table byte_map: [0x000002548d900000,0x000002548db10000] _byte_map_base: 0x000002548d300000

Marking Bits: (ParMarkBitMap*) 0x00007ffa95a82cc0
 Begin Bits: [0x000002549fbb0000, 0x00000254a0bb0000)
 End Bits:   [0x00000254a0bb0000, 0x00000254a1bb0000)

Polling page: 0x000002548d6f0000

Metaspace:

Usage:
  Non-class:     22.88 MB used.
      Class:      2.44 MB used.
       Both:     25.33 MB used.

Virtual space:
  Non-class space:       24.00 MB reserved,      23.13 MB ( 96%) committed,  3 nodes.
      Class space:        1.00 GB reserved,       2.63 MB ( <1%) committed,  1 nodes.
             Both:        1.02 GB reserved,      25.75 MB (  2%) committed. 

Chunk freelists:
   Non-Class:  221.00 KB
       Class:  1.41 MB
        Both:  1.62 MB

MaxMetaspaceSize: unlimited
CompressedClassSpaceSize: 1.00 GB
Initial GC threshold: 21.00 MB
Current GC threshold: 35.00 MB
CDS: off
MetaspaceReclaimPolicy: balanced
 - commit_granule_bytes: 65536.
 - commit_granule_words: 8192.
 - virtual_space_node_default_size: 1048576.
 - enlarge_chunks_in_place: 1.
 - new_chunks_are_fully_committed: 0.
 - uncommit_free_chunks: 1.
 - use_allocation_guard: 0.
 - handle_deallocations: 1.


Internal statistics:

num_allocs_failed_limit: 3.
num_arena_births: 170.
num_arena_deaths: 14.
num_vsnodes_births: 4.
num_vsnodes_deaths: 0.
num_space_committed: 412.
num_space_uncommitted: 0.
num_chunks_returned_to_freelist: 17.
num_chunks_taken_from_freelist: 818.
num_chunk_merges: 7.
num_chunk_splits: 577.
num_chunks_enlarged: 436.
num_purges: 2.
num_inconsistent_stats: 0.

CodeHeap 'non-profiled nmethods': size=120000Kb used=851Kb max_used=851Kb free=119148Kb
 bounds [0x0000025498680000, 0x00000254988f0000, 0x000002549fbb0000]
CodeHeap 'profiled nmethods': size=120000Kb used=4492Kb max_used=4492Kb free=115507Kb
 bounds [0x0000025491150000, 0x00000254915c0000, 0x0000025498680000]
CodeHeap 'non-nmethods': size=5760Kb used=1221Kb max_used=1239Kb free=4539Kb
 bounds [0x0000025490bb0000, 0x0000025490e20000, 0x0000025491150000]
 total_blobs=2782 nmethods=2250 adapters=446
 compilation: enabled
              stopped_count=0, restarted_count=0
 full_count=0

Compilation events (20 events):
Event: 1.545 Thread 0x00000254a1d847c0 2246       4       java.util.HashMap::putVal (300 bytes)
Event: 1.546 Thread 0x00000254a1d8bca0 2247       3       java.util.TreeMap::leftOf (13 bytes)
Event: 1.546 Thread 0x00000254a1d8bca0 nmethod 2247 0x00000254915af810 code [0x00000254915af9a0, 0x00000254915afb18]
Event: 1.546 Thread 0x00000254a1d8bca0 2249       3       java.lang.Character::toUpperCase (9 bytes)
Event: 1.546 Thread 0x00000254a1d8bca0 nmethod 2249 0x00000254915afc10 code [0x00000254915afdc0, 0x00000254915affb8]
Event: 1.546 Thread 0x00000254a1d8bca0 2251       3       java.lang.ProcessEnvironment$NameComparator::compare (90 bytes)
Event: 1.547 Thread 0x00000254a1d8bca0 nmethod 2251 0x00000254915b0090 code [0x00000254915b03a0, 0x00000254915b15b8]
Event: 1.547 Thread 0x00000254a1d8bca0 2253       3       java.util.HashSet::contains (9 bytes)
Event: 1.547 Thread 0x00000254a1d8bca0 nmethod 2253 0x00000254915b1e90 code [0x00000254915b2040, 0x00000254915b2208]
Event: 1.547 Thread 0x00000254a1d8bca0 2248       3       java.lang.Character::toUpperCase (6 bytes)
Event: 1.547 Thread 0x00000254a1d8bca0 nmethod 2248 0x00000254915b2310 code [0x00000254915b24c0, 0x00000254915b2718]
Event: 1.547 Thread 0x00000254a1d8bca0 2250       3       java.lang.ProcessEnvironment$NameComparator::compare (13 bytes)
Event: 1.547 Thread 0x00000254a1d8bca0 nmethod 2250 0x00000254915b2810 code [0x00000254915b29c0, 0x00000254915b2cc8]
Event: 1.548 Thread 0x00000254a1d8bca0 2254       3       jdk.internal.reflect.ClassFileAssembler::setStack (25 bytes)
Event: 1.548 Thread 0x00000254a1d8bca0 nmethod 2254 0x00000254915b2d90 code [0x00000254915b2f20, 0x00000254915b3078]
Event: 1.548 Thread 0x00000254a1d8bca0 2255       1       jdk.internal.reflect.NativeConstructorAccessorImpl::setParent (6 bytes)
Event: 1.548 Thread 0x00000254a1d8bca0 nmethod 2255 0x0000025498753610 code [0x00000254987537a0, 0x0000025498753878]
Event: 1.555 Thread 0x00000254a1d847c0 nmethod 2246 0x0000025498753910 code [0x0000025498753b20, 0x0000025498754460]
Event: 1.555 Thread 0x00000254a1d847c0 2252       4       java.lang.CharacterDataLatin1::toUpperCase (53 bytes)
Event: 1.556 Thread 0x00000254a1d847c0 nmethod 2252 0x0000025498754b10 code [0x0000025498754c80, 0x0000025498754d98]

GC Heap History (12 events):
Event: 0.525 GC heap before
{Heap before GC invocations=1 (full 0):
 PSYoungGen      total 29696K, used 25600K [0x00000000eab00000, 0x00000000ecc00000, 0x0000000100000000)
  eden space 25600K, 100% used [0x00000000eab00000,0x00000000ec400000,0x00000000ec400000)
  from space 4096K, 0% used [0x00000000ec800000,0x00000000ec800000,0x00000000ecc00000)
  to   space 4096K, 0% used [0x00000000ec400000,0x00000000ec400000,0x00000000ec800000)
 ParOldGen       total 68608K, used 0K [0x00000000c0000000, 0x00000000c4300000, 0x00000000eab00000)
  object space 68608K, 0% used [0x00000000c0000000,0x00000000c0000000,0x00000000c4300000)
 Metaspace       used 10830K, committed 11008K, reserved 1064960K
  class space    used 1089K, committed 1152K, reserved 1048576K
}
Event: 0.529 GC heap after
{Heap after GC invocations=1 (full 0):
 PSYoungGen      total 29696K, used 3256K [0x00000000eab00000, 0x00000000ecc00000, 0x0000000100000000)
  eden space 25600K, 0% used [0x00000000eab00000,0x00000000eab00000,0x00000000ec400000)
  from space 4096K, 79% used [0x00000000ec400000,0x00000000ec72e238,0x00000000ec800000)
  to   space 4096K, 0% used [0x00000000ec800000,0x00000000ec800000,0x00000000ecc00000)
 ParOldGen       total 68608K, used 16K [0x00000000c0000000, 0x00000000c4300000, 0x00000000eab00000)
  object space 68608K, 0% used [0x00000000c0000000,0x00000000c0004000,0x00000000c4300000)
 Metaspace       used 10830K, committed 11008K, reserved 1064960K
  class space    used 1089K, committed 1152K, reserved 1048576K
}
Event: 0.883 GC heap before
{Heap before GC invocations=2 (full 0):
 PSYoungGen      total 29696K, used 28856K [0x00000000eab00000, 0x00000000ecc00000, 0x0000000100000000)
  eden space 25600K, 100% used [0x00000000eab00000,0x00000000ec400000,0x00000000ec400000)
  from space 4096K, 79% used [0x00000000ec400000,0x00000000ec72e238,0x00000000ec800000)
  to   space 4096K, 0% used [0x00000000ec800000,0x00000000ec800000,0x00000000ecc00000)
 ParOldGen       total 68608K, used 16K [0x00000000c0000000, 0x00000000c4300000, 0x00000000eab00000)
  object space 68608K, 0% used [0x00000000c0000000,0x00000000c0004000,0x00000000c4300000)
 Metaspace       used 15112K, committed 15360K, reserved 1064960K
  class space    used 1549K, committed 1664K, reserved 1048576K
}
Event: 0.886 GC heap after
{Heap after GC invocations=2 (full 0):
 PSYoungGen      total 29696K, used 4093K [0x00000000eab00000, 0x00000000ecc00000, 0x0000000100000000)
  eden space 25600K, 0% used [0x00000000eab00000,0x00000000eab00000,0x00000000ec400000)
  from space 4096K, 99% used [0x00000000ec800000,0x00000000ecbff6c8,0x00000000ecc00000)
  to   space 4096K, 0% used [0x00000000ec400000,0x00000000ec400000,0x00000000ec800000)
 ParOldGen       total 68608K, used 720K [0x00000000c0000000, 0x00000000c4300000, 0x00000000eab00000)
  object space 68608K, 1% used [0x00000000c0000000,0x00000000c00b4370,0x00000000c4300000)
 Metaspace       used 15112K, committed 15360K, reserved 1064960K
  class space    used 1549K, committed 1664K, reserved 1048576K
}
Event: 1.224 GC heap before
{Heap before GC invocations=3 (full 0):
 PSYoungGen      total 29696K, used 29693K [0x00000000eab00000, 0x00000000ecc00000, 0x0000000100000000)
  eden space 25600K, 100% used [0x00000000eab00000,0x00000000ec400000,0x00000000ec400000)
  from space 4096K, 99% used [0x00000000ec800000,0x00000000ecbff6c8,0x00000000ecc00000)
  to   space 4096K, 0% used [0x00000000ec400000,0x00000000ec400000,0x00000000ec800000)
 ParOldGen       total 68608K, used 720K [0x00000000c0000000, 0x00000000c4300000, 0x00000000eab00000)
  object space 68608K, 1% used [0x00000000c0000000,0x00000000c00b4370,0x00000000c4300000)
 Metaspace       used 20117K, committed 20416K, reserved 1073152K
  class space    used 2063K, committed 2176K, reserved 1048576K
}
Event: 1.230 GC heap after
{Heap after GC invocations=3 (full 0):
 PSYoungGen      total 29696K, used 4088K [0x00000000eab00000, 0x00000000ecc00000, 0x0000000100000000)
  eden space 25600K, 0% used [0x00000000eab00000,0x00000000eab00000,0x00000000ec400000)
  from space 4096K, 99% used [0x00000000ec400000,0x00000000ec7fe290,0x00000000ec800000)
  to   space 4096K, 0% used [0x00000000ec800000,0x00000000ec800000,0x00000000ecc00000)
 ParOldGen       total 68608K, used 2653K [0x00000000c0000000, 0x00000000c4300000, 0x00000000eab00000)
  object space 68608K, 3% used [0x00000000c0000000,0x00000000c02975f0,0x00000000c4300000)
 Metaspace       used 20117K, committed 20416K, reserved 1073152K
  class space    used 2063K, committed 2176K, reserved 1048576K
}
Event: 1.272 GC heap before
{Heap before GC invocations=4 (full 0):
 PSYoungGen      total 29696K, used 9899K [0x00000000eab00000, 0x00000000ecc00000, 0x0000000100000000)
  eden space 25600K, 22% used [0x00000000eab00000,0x00000000eb0acb28,0x00000000ec400000)
  from space 4096K, 99% used [0x00000000ec400000,0x00000000ec7fe290,0x00000000ec800000)
  to   space 4096K, 0% used [0x00000000ec800000,0x00000000ec800000,0x00000000ecc00000)
 ParOldGen       total 68608K, used 2653K [0x00000000c0000000, 0x00000000c4300000, 0x00000000eab00000)
  object space 68608K, 3% used [0x00000000c0000000,0x00000000c02975f0,0x00000000c4300000)
 Metaspace       used 21131K, committed 21504K, reserved 1073152K
  class space    used 2155K, committed 2368K, reserved 1048576K
}
Event: 1.275 GC heap after
{Heap after GC invocations=4 (full 0):
 PSYoungGen      total 29696K, used 4089K [0x00000000eab00000, 0x00000000ecc00000, 0x0000000100000000)
  eden space 25600K, 0% used [0x00000000eab00000,0x00000000eab00000,0x00000000ec400000)
  from space 4096K, 99% used [0x00000000ec800000,0x00000000ecbfe4a0,0x00000000ecc00000)
  to   space 4096K, 0% used [0x00000000ec400000,0x00000000ec400000,0x00000000ec800000)
 ParOldGen       total 68608K, used 3209K [0x00000000c0000000, 0x00000000c4300000, 0x00000000eab00000)
  object space 68608K, 4% used [0x00000000c0000000,0x00000000c03227e8,0x00000000c4300000)
 Metaspace       used 21131K, committed 21504K, reserved 1073152K
  class space    used 2155K, committed 2368K, reserved 1048576K
}
Event: 1.275 GC heap before
{Heap before GC invocations=5 (full 1):
 PSYoungGen      total 29696K, used 4089K [0x00000000eab00000, 0x00000000ecc00000, 0x0000000100000000)
  eden space 25600K, 0% used [0x00000000eab00000,0x00000000eab00000,0x00000000ec400000)
  from space 4096K, 99% used [0x00000000ec800000,0x00000000ecbfe4a0,0x00000000ecc00000)
  to   space 4096K, 0% used [0x00000000ec400000,0x00000000ec400000,0x00000000ec800000)
 ParOldGen       total 68608K, used 3209K [0x00000000c0000000, 0x00000000c4300000, 0x00000000eab00000)
  object space 68608K, 4% used [0x00000000c0000000,0x00000000c03227e8,0x00000000c4300000)
 Metaspace       used 21131K, committed 21504K, reserved 1073152K
  class space    used 2155K, committed 2368K, reserved 1048576K
}
Event: 1.296 GC heap after
{Heap after GC invocations=5 (full 1):
 PSYoungGen      total 29696K, used 0K [0x00000000eab00000, 0x00000000ecc00000, 0x0000000100000000)
  eden space 25600K, 0% used [0x00000000eab00000,0x00000000eab00000,0x00000000ec400000)
  from space 4096K, 0% used [0x00000000ec800000,0x00000000ec800000,0x00000000ecc00000)
  to   space 4096K, 0% used [0x00000000ec400000,0x00000000ec400000,0x00000000ec800000)
 ParOldGen       total 68608K, used 7159K [0x00000000c0000000, 0x00000000c4300000, 0x00000000eab00000)
  object space 68608K, 10% used [0x00000000c0000000,0x00000000c06fdf20,0x00000000c4300000)
 Metaspace       used 21118K, committed 21504K, reserved 1073152K
  class space    used 2152K, committed 2368K, reserved 1048576K
}
Event: 1.454 GC heap before
{Heap before GC invocations=6 (full 1):
 PSYoungGen      total 29696K, used 25600K [0x00000000eab00000, 0x00000000ecc00000, 0x0000000100000000)
  eden space 25600K, 100% used [0x00000000eab00000,0x00000000ec400000,0x00000000ec400000)
  from space 4096K, 0% used [0x00000000ec800000,0x00000000ec800000,0x00000000ecc00000)
  to   space 4096K, 0% used [0x00000000ec400000,0x00000000ec400000,0x00000000ec800000)
 ParOldGen       total 68608K, used 7159K [0x00000000c0000000, 0x00000000c4300000, 0x00000000eab00000)
  object space 68608K, 10% used [0x00000000c0000000,0x00000000c06fdf20,0x00000000c4300000)
 Metaspace       used 24606K, committed 25024K, reserved 1073152K
  class space    used 2411K, committed 2624K, reserved 1048576K
}
Event: 1.455 GC heap after
{Heap after GC invocations=6 (full 1):
 PSYoungGen      total 26112K, used 819K [0x00000000eab00000, 0x00000000ec880000, 0x0000000100000000)
  eden space 25088K, 0% used [0x00000000eab00000,0x00000000eab00000,0x00000000ec380000)
  from space 1024K, 80% used [0x00000000ec400000,0x00000000ec4ccd88,0x00000000ec500000)
  to   space 2560K, 0% used [0x00000000ec600000,0x00000000ec600000,0x00000000ec880000)
 ParOldGen       total 68608K, used 7167K [0x00000000c0000000, 0x00000000c4300000, 0x00000000eab00000)
  object space 68608K, 10% used [0x00000000c0000000,0x00000000c06fff20,0x00000000c4300000)
 Metaspace       used 24606K, committed 25024K, reserved 1073152K
  class space    used 2411K, committed 2624K, reserved 1048576K
}

Deoptimization events (20 events):
Event: 1.523 Thread 0x00000254a42295b0 Uncommon trap: trap_request=0xffffff45 fr.pc=0x0000025498738a28 relative=0x0000000000000f68
Event: 1.523 Thread 0x00000254a42295b0 Uncommon trap: reason=unstable_if action=reinterpret pc=0x0000025498738a28 method=java.util.Properties.loadConvert([CIILjava/lang/StringBuilder;)Ljava/lang/String; @ 463 c2
Event: 1.523 Thread 0x00000254a42295b0 DEOPT PACKING pc=0x0000025498738a28 sp=0x000000afa30f7f90
Event: 1.523 Thread 0x00000254a42295b0 DEOPT UNPACKING pc=0x0000025490c020a3 sp=0x000000afa30f7f80 mode 2
Event: 1.545 Thread 0x00000254a42295b0 Uncommon trap: trap_request=0xffffffc6 fr.pc=0x00000254986f87d4 relative=0x0000000000000994
Event: 1.545 Thread 0x00000254a42295b0 Uncommon trap: reason=bimorphic_or_optimized_type_check action=maybe_recompile pc=0x00000254986f87d4 method=java.util.HashMap.putVal(ILjava/lang/Object;Ljava/lang/Object;ZZ)Ljava/lang/Object; @ 56 c2
Event: 1.545 Thread 0x00000254a42295b0 DEOPT PACKING pc=0x00000254986f87d4 sp=0x000000afa30fdc30
Event: 1.545 Thread 0x00000254a42295b0 DEOPT UNPACKING pc=0x0000025490c020a3 sp=0x000000afa30fdb88 mode 2
Event: 1.545 Thread 0x00000254a42295b0 Uncommon trap: trap_request=0xffffffc6 fr.pc=0x00000254986f87d4 relative=0x0000000000000994
Event: 1.545 Thread 0x00000254a42295b0 Uncommon trap: reason=bimorphic_or_optimized_type_check action=maybe_recompile pc=0x00000254986f87d4 method=java.util.HashMap.putVal(ILjava/lang/Object;Ljava/lang/Object;ZZ)Ljava/lang/Object; @ 56 c2
Event: 1.545 Thread 0x00000254a42295b0 DEOPT PACKING pc=0x00000254986f87d4 sp=0x000000afa30fdc30
Event: 1.545 Thread 0x00000254a42295b0 DEOPT UNPACKING pc=0x0000025490c020a3 sp=0x000000afa30fdb88 mode 2
Event: 1.545 Thread 0x00000254a42295b0 Uncommon trap: trap_request=0xffffffc6 fr.pc=0x00000254986f87d4 relative=0x0000000000000994
Event: 1.545 Thread 0x00000254a42295b0 Uncommon trap: reason=bimorphic_or_optimized_type_check action=maybe_recompile pc=0x00000254986f87d4 method=java.util.HashMap.putVal(ILjava/lang/Object;Ljava/lang/Object;ZZ)Ljava/lang/Object; @ 56 c2
Event: 1.545 Thread 0x00000254a42295b0 DEOPT PACKING pc=0x00000254986f87d4 sp=0x000000afa30fdc30
Event: 1.545 Thread 0x00000254a42295b0 DEOPT UNPACKING pc=0x0000025490c020a3 sp=0x000000afa30fdb88 mode 2
Event: 1.545 Thread 0x00000254a42295b0 Uncommon trap: trap_request=0xffffffc6 fr.pc=0x00000254986f87d4 relative=0x0000000000000994
Event: 1.545 Thread 0x00000254a42295b0 Uncommon trap: reason=bimorphic_or_optimized_type_check action=maybe_recompile pc=0x00000254986f87d4 method=java.util.HashMap.putVal(ILjava/lang/Object;Ljava/lang/Object;ZZ)Ljava/lang/Object; @ 56 c2
Event: 1.545 Thread 0x00000254a42295b0 DEOPT PACKING pc=0x00000254986f87d4 sp=0x000000afa30fdc30
Event: 1.545 Thread 0x00000254a42295b0 DEOPT UNPACKING pc=0x0000025490c020a3 sp=0x000000afa30fdb88 mode 2

Classes unloaded (7 events):
Event: 1.280 Thread 0x00000254a1d39960 Unloading class 0x0000000100210800 'java/lang/invoke/LambdaForm$MH+0x0000000100210800'
Event: 1.280 Thread 0x00000254a1d39960 Unloading class 0x0000000100210400 'java/lang/invoke/LambdaForm$MH+0x0000000100210400'
Event: 1.280 Thread 0x00000254a1d39960 Unloading class 0x0000000100210000 'java/lang/invoke/LambdaForm$MH+0x0000000100210000'
Event: 1.280 Thread 0x00000254a1d39960 Unloading class 0x000000010020fc00 'java/lang/invoke/LambdaForm$MH+0x000000010020fc00'
Event: 1.280 Thread 0x00000254a1d39960 Unloading class 0x000000010020f400 'java/lang/invoke/LambdaForm$BMH+0x000000010020f400'
Event: 1.280 Thread 0x00000254a1d39960 Unloading class 0x000000010020f000 'java/lang/invoke/LambdaForm$DMH+0x000000010020f000'
Event: 1.280 Thread 0x00000254a1d39960 Unloading class 0x000000010020c400 'java/lang/invoke/LambdaForm$DMH+0x000000010020c400'

Classes redefined (0 events):
No events

Internal exceptions (20 events):
Event: 1.072 Thread 0x00000254a42295b0 Exception <a 'java/lang/NoSuchMethodError'{0x00000000eb8f19a8}: 'void java.lang.invoke.DirectMethodHandle$Holder.invokeInterface(java.lang.Object, java.lang.Object, java.lang.Object)'> (0x00000000eb8f19a8) 
thrown [s\src\hotspot\share\interpreter\linkResolver.cpp, line 759]
Event: 1.119 Thread 0x00000254a42295b0 Exception <a 'java/lang/NoSuchMethodError'{0x00000000ebc13f80}: 'java.lang.Object java.lang.invoke.Invokers$Holder.invokeExact_MT(java.lang.Object, java.lang.Object, java.lang.Object, java.lang.Object, java.lang.Object, java.lang.Object)'> (0x00000000ebc13f80) 
thrown [s\src\hotspot\share\interpreter\linkResolver.cpp, line 759]
Event: 1.131 Thread 0x00000254a42295b0 Exception <a 'java/lang/NoSuchMethodError'{0x00000000ebcfe5f8}: 'java.lang.Object java.lang.invoke.DirectMethodHandle$Holder.invokeStatic(java.lang.Object, java.lang.Object, int)'> (0x00000000ebcfe5f8) 
thrown [s\src\hotspot\share\interpreter\linkResolver.cpp, line 759]
Event: 1.132 Thread 0x00000254a42295b0 Exception <a 'java/lang/NoSuchMethodError'{0x00000000ebd031a8}: 'void java.lang.invoke.DirectMethodHandle$Holder.invokeStatic(java.lang.Object, java.lang.Object, int, java.lang.Object)'> (0x00000000ebd031a8) 
thrown [s\src\hotspot\share\interpreter\linkResolver.cpp, line 759]
Event: 1.132 Thread 0x00000254a42295b0 Exception <a 'java/lang/NoSuchMethodError'{0x00000000ebd0a8d8}: 'void java.lang.invoke.DelegatingMethodHandle$Holder.delegate(java.lang.Object, java.lang.Object, int, java.lang.Object)'> (0x00000000ebd0a8d8) 
thrown [s\src\hotspot\share\interpreter\linkResolver.cpp, line 759]
Event: 1.133 Thread 0x00000254a42295b0 Exception <a 'java/lang/NoSuchMethodError'{0x00000000ebd0ecc0}: 'int java.lang.invoke.DirectMethodHandle$Holder.invokeSpecial(java.lang.Object, java.lang.Object, java.lang.Object)'> (0x00000000ebd0ecc0) 
thrown [s\src\hotspot\share\interpreter\linkResolver.cpp, line 759]
Event: 1.134 Thread 0x00000254a42295b0 Exception <a 'java/lang/NoSuchMethodError'{0x00000000ebd20510}: 'int java.lang.invoke.DirectMethodHandle$Holder.invokeStatic(java.lang.Object, java.lang.Object, int)'> (0x00000000ebd20510) 
thrown [s\src\hotspot\share\interpreter\linkResolver.cpp, line 759]
Event: 1.134 Thread 0x00000254a42295b0 Exception <a 'java/lang/NoSuchMethodError'{0x00000000ebd24538}: 'int java.lang.invoke.DirectMethodHandle$Holder.invokeSpecial(java.lang.Object, java.lang.Object, java.lang.Object, int)'> (0x00000000ebd24538) 
thrown [s\src\hotspot\share\interpreter\linkResolver.cpp, line 759]
Event: 1.135 Thread 0x00000254a42295b0 Exception <a 'java/lang/NoSuchMethodError'{0x00000000ebd3ffd8}: 'java.lang.Object java.lang.invoke.DirectMethodHandle$Holder.invokeStatic(java.lang.Object, java.lang.Object, java.lang.Object, java.lang.Object, int)'> (0x00000000ebd3ffd8) 
thrown [s\src\hotspot\share\interpreter\linkResolver.cpp, line 759]
Event: 1.136 Thread 0x00000254a42295b0 Exception <a 'java/lang/NoSuchMethodError'{0x00000000ebd4c378}: 'java.lang.Object java.lang.invoke.DelegatingMethodHandle$Holder.reinvoke_L(java.lang.Object, java.lang.Object, java.lang.Object, java.lang.Object, int, int)'> (0x00000000ebd4c378) 
thrown [s\src\hotspot\share\interpreter\linkResolver.cpp, line 759]
Event: 1.138 Thread 0x00000254a42295b0 Exception <a 'java/lang/NoSuchMethodError'{0x00000000ebd642d0}: 'java.lang.Object java.lang.invoke.Invokers$Holder.invokeExact_MT(java.lang.Object, java.lang.Object, java.lang.Object, java.lang.Object)'> (0x00000000ebd642d0) 
thrown [s\src\hotspot\share\interpreter\linkResolver.cpp, line 759]
Event: 1.158 Thread 0x00000254a42295b0 Exception <a 'java/io/FileNotFoundException'{0x00000000ebe7c538}> (0x00000000ebe7c538) 
thrown [s\src\hotspot\share\prims\jni.cpp, line 516]
Event: 1.216 Thread 0x00000254a42295b0 Exception <a 'java/lang/IncompatibleClassChangeError'{0x00000000ec31c6a8}: Found class java.lang.Object, but interface was expected> (0x00000000ec31c6a8) 
thrown [s\src\hotspot\share\interpreter\linkResolver.cpp, line 826]
Event: 1.347 Thread 0x00000254a42295b0 Exception <a 'java/io/FileNotFoundException'{0x00000000eb67a328}> (0x00000000eb67a328) 
thrown [s\src\hotspot\share\prims\jni.cpp, line 516]
Event: 1.347 Thread 0x00000254a42295b0 Exception <a 'java/io/FileNotFoundException'{0x00000000eb67b168}> (0x00000000eb67b168) 
thrown [s\src\hotspot\share\prims\jni.cpp, line 516]
Event: 1.347 Thread 0x00000254a42295b0 Exception <a 'java/io/FileNotFoundException'{0x00000000eb67bfb8}> (0x00000000eb67bfb8) 
thrown [s\src\hotspot\share\prims\jni.cpp, line 516]
Event: 1.418 Thread 0x00000254a42295b0 Exception <a 'java/lang/NoSuchMethodError'{0x00000000ebf15728}: 'int java.lang.invoke.DirectMethodHandle$Holder.invokeStaticInit(java.lang.Object, java.lang.Object, java.lang.Object)'> (0x00000000ebf15728) 
thrown [s\src\hotspot\share\interpreter\linkResolver.cpp, line 759]
Event: 1.491 Thread 0x00000254a42295b0 Exception <a 'java/io/FileNotFoundException'{0x00000000eb04f578}> (0x00000000eb04f578) 
thrown [s\src\hotspot\share\prims\jni.cpp, line 516]
Event: 1.518 Thread 0x00000254a42295b0 Exception <a 'java/io/FileNotFoundException'{0x00000000eba427c8}> (0x00000000eba427c8) 
thrown [s\src\hotspot\share\prims\jni.cpp, line 516]
Event: 1.541 Thread 0x00000254a42295b0 Exception <a 'java/io/FileNotFoundException'{0x00000000ebba5b28}> (0x00000000ebba5b28) 
thrown [s\src\hotspot\share\prims\jni.cpp, line 516]

VM Operations (20 events):
Event: 0.831 Executing VM operation: HandshakeAllThreads
Event: 0.831 Executing VM operation: HandshakeAllThreads done
Event: 0.883 Executing VM operation: ParallelGCFailedAllocation
Event: 0.887 Executing VM operation: ParallelGCFailedAllocation done
Event: 1.055 Executing VM operation: HandshakeAllThreads
Event: 1.055 Executing VM operation: HandshakeAllThreads done
Event: 1.057 Executing VM operation: HandshakeAllThreads
Event: 1.057 Executing VM operation: HandshakeAllThreads done
Event: 1.131 Executing VM operation: HandshakeAllThreads
Event: 1.131 Executing VM operation: HandshakeAllThreads done
Event: 1.224 Executing VM operation: ParallelGCFailedAllocation
Event: 1.230 Executing VM operation: ParallelGCFailedAllocation done
Event: 1.230 Executing VM operation: HandshakeAllThreads
Event: 1.231 Executing VM operation: HandshakeAllThreads done
Event: 1.272 Executing VM operation: CollectForMetadataAllocation
Event: 1.296 Executing VM operation: CollectForMetadataAllocation done
Event: 1.454 Executing VM operation: ParallelGCFailedAllocation
Event: 1.455 Executing VM operation: ParallelGCFailedAllocation done
Event: 1.544 Executing VM operation: HandshakeAllThreads
Event: 1.544 Executing VM operation: HandshakeAllThreads done

Events (20 events):
Event: 1.267 loading class java/net/UnknownHostException done
Event: 1.267 loading class java/net/ProtocolException
Event: 1.267 loading class java/net/ProtocolException done
Event: 1.307 loading class java/io/FileWriter
Event: 1.307 loading class java/io/FileWriter done
Event: 1.345 loading class java/lang/NegativeArraySizeException
Event: 1.345 loading class java/lang/NegativeArraySizeException done
Event: 1.534 Thread 0x00000254a4224090 Thread added: 0x00000254a4224090
Event: 1.543 loading class java/lang/ProcessEnvironment
Event: 1.544 loading class java/lang/ProcessEnvironment done
Event: 1.544 loading class java/lang/ProcessEnvironment$NameComparator
Event: 1.544 loading class java/lang/ProcessEnvironment$NameComparator done
Event: 1.544 loading class java/lang/ProcessEnvironment$EntryComparator
Event: 1.545 loading class java/lang/ProcessEnvironment$EntryComparator done
Event: 1.545 loading class java/lang/ProcessEnvironment$CheckedEntrySet
Event: 1.545 loading class java/lang/ProcessEnvironment$CheckedEntrySet done
Event: 1.545 loading class java/lang/ProcessEnvironment$CheckedEntrySet$1
Event: 1.545 loading class java/lang/ProcessEnvironment$CheckedEntrySet$1 done
Event: 1.545 loading class java/lang/ProcessEnvironment$CheckedEntry
Event: 1.545 loading class java/lang/ProcessEnvironment$CheckedEntry done


Dynamic libraries:
0x00007ff626310000 - 0x00007ff62631e000 	c:\Users\DELL\.vscode\extensions\redhat.java-1.11.0-win32-x64\jre\17.0.4.1-win32-x86_64\bin\java.exe
0x00007ffaedf30000 - 0x00007ffaee110000 	C:\Windows\SYSTEM32\ntdll.dll
0x00007ffaede50000 - 0x00007ffaedefe000 	C:\Windows\System32\KERNEL32.DLL
0x00007ffaeb190000 - 0x00007ffaeb3f6000 	C:\Windows\System32\KERNELBASE.dll
0x00007ffaeafb0000 - 0x00007ffaeb0a6000 	C:\Windows\System32\ucrtbase.dll
0x00007ffadec20000 - 0x00007ffadec39000 	c:\Users\DELL\.vscode\extensions\redhat.java-1.11.0-win32-x64\jre\17.0.4.1-win32-x86_64\bin\VCRUNTIME140.dll
0x00007ffae6f40000 - 0x00007ffae6f58000 	c:\Users\DELL\.vscode\extensions\redhat.java-1.11.0-win32-x64\jre\17.0.4.1-win32-x86_64\bin\jli.dll
0x00007ffaeda90000 - 0x00007ffaedc1f000 	C:\Windows\System32\USER32.dll
0x00007ffaeaad0000 - 0x00007ffaeaaf0000 	C:\Windows\System32\win32u.dll
0x00007ffacaa00000 - 0x00007ffacac69000 	C:\Windows\WinSxS\amd64_microsoft.windows.common-controls_6595b64144ccf1df_6.0.16299.125_none_15cbcf8893620c09\COMCTL32.dll
0x00007ffaeb490000 - 0x00007ffaeb4b8000 	C:\Windows\System32\GDI32.dll
0x00007ffaed1d0000 - 0x00007ffaed26d000 	C:\Windows\System32\msvcrt.dll
0x00007ffaeae10000 - 0x00007ffaeafa3000 	C:\Windows\System32\gdi32full.dll
0x00007ffaeaba0000 - 0x00007ffaeac3b000 	C:\Windows\System32\msvcp_win.dll
0x00007ffaeccb0000 - 0x00007ffaecfb8000 	C:\Windows\System32\combase.dll
0x00007ffaeb580000 - 0x00007ffaeb69f000 	C:\Windows\System32\RPCRT4.dll
0x00007ffaeb0b0000 - 0x00007ffaeb122000 	C:\Windows\System32\bcryptPrimitives.dll
0x00007ffaeb840000 - 0x00007ffaeb86d000 	C:\Windows\System32\IMM32.DLL
0x00007ffae6f30000 - 0x00007ffae6f3c000 	c:\Users\DELL\.vscode\extensions\redhat.java-1.11.0-win32-x64\jre\17.0.4.1-win32-x86_64\bin\vcruntime140_1.dll
0x00007ffaa3e70000 - 0x00007ffaa3f01000 	c:\Users\DELL\.vscode\extensions\redhat.java-1.11.0-win32-x64\jre\17.0.4.1-win32-x86_64\bin\msvcp140.dll
0x00007ffa94f00000 - 0x00007ffa95b46000 	c:\Users\DELL\.vscode\extensions\redhat.java-1.11.0-win32-x64\jre\17.0.4.1-win32-x86_64\bin\server\jvm.dll
0x00007ffaed450000 - 0x00007ffaed4f1000 	C:\Windows\System32\ADVAPI32.dll
0x00007ffaed500000 - 0x00007ffaed55b000 	C:\Windows\System32\sechost.dll
0x00007ffaeb480000 - 0x00007ffaeb488000 	C:\Windows\System32\PSAPI.DLL
0x00007ffae8620000 - 0x00007ffae8643000 	C:\Windows\SYSTEM32\WINMM.dll
0x00007ffad33f0000 - 0x00007ffad33f9000 	C:\Windows\SYSTEM32\WSOCK32.dll
0x00007ffade580000 - 0x00007ffade58a000 	C:\Windows\SYSTEM32\VERSION.dll
0x00007ffaed270000 - 0x00007ffaed2dc000 	C:\Windows\System32\WS2_32.dll
0x00007ffae85c0000 - 0x00007ffae85ea000 	C:\Windows\SYSTEM32\WINMMBASE.dll
0x00007ffaeaa80000 - 0x00007ffaeaaca000 	C:\Windows\System32\cfgmgr32.dll
0x00007ffaea2d0000 - 0x00007ffaea2e1000 	C:\Windows\System32\kernel.appcore.dll
0x00007ffae1890000 - 0x00007ffae189a000 	c:\Users\DELL\.vscode\extensions\redhat.java-1.11.0-win32-x64\jre\17.0.4.1-win32-x86_64\bin\jimage.dll
0x00007ffadda30000 - 0x00007ffaddbf8000 	C:\Windows\SYSTEM32\DBGHELP.DLL
0x00007ffadd9e0000 - 0x00007ffadda09000 	C:\Windows\SYSTEM32\dbgcore.DLL
0x00007ffae16a0000 - 0x00007ffae16ae000 	c:\Users\DELL\.vscode\extensions\redhat.java-1.11.0-win32-x64\jre\17.0.4.1-win32-x86_64\bin\instrument.dll
0x00007ffadeac0000 - 0x00007ffadeae5000 	c:\Users\DELL\.vscode\extensions\redhat.java-1.11.0-win32-x64\jre\17.0.4.1-win32-x86_64\bin\java.dll
0x00007ffad33a0000 - 0x00007ffad33b8000 	c:\Users\DELL\.vscode\extensions\redhat.java-1.11.0-win32-x64\jre\17.0.4.1-win32-x86_64\bin\zip.dll
0x00007ffaeb870000 - 0x00007ffaecca6000 	C:\Windows\System32\SHELL32.dll
0x00007ffaedda0000 - 0x00007ffaede46000 	C:\Windows\System32\shcore.dll
0x00007ffaea330000 - 0x00007ffaeaa77000 	C:\Windows\System32\windows.storage.dll
0x00007ffaedd40000 - 0x00007ffaedd91000 	C:\Windows\System32\shlwapi.dll
0x00007ffaea280000 - 0x00007ffaea2cc000 	C:\Windows\System32\powrprof.dll
0x00007ffaea310000 - 0x00007ffaea32b000 	C:\Windows\System32\profapi.dll
0x00007ffacaeb0000 - 0x00007ffacaec9000 	C:\Users\DELL\.vscode\extensions\redhat.java-1.11.0-win32-x64\jre\17.0.4.1-win32-x86_64\bin\net.dll
0x00007ffadf600000 - 0x00007ffadf6de000 	C:\Windows\SYSTEM32\WINHTTP.dll
0x00007ffae9b10000 - 0x00007ffae9b76000 	C:\Windows\system32\mswsock.dll
0x00007ffacae50000 - 0x00007ffacae65000 	C:\Users\DELL\.vscode\extensions\redhat.java-1.11.0-win32-x64\jre\17.0.4.1-win32-x86_64\bin\nio.dll
0x00007ffae1660000 - 0x00007ffae1670000 	c:\Users\DELL\.vscode\extensions\redhat.java-1.11.0-win32-x64\jre\17.0.4.1-win32-x86_64\bin\verify.dll
0x00007ffaca020000 - 0x00007ffaca05e000 	C:\Users\DELL\AppData\Roaming\Code\User\globalStorage\redhat.java\1.11.0\config_ss_win\org.eclipse.equinox.launcher\org.eclipse.equinox.launcher.win32.win32.x86_64_1.2.600.v20220720-1916\eclipse_11700.dll
0x00007ffaed300000 - 0x00007ffaed449000 	C:\Windows\System32\ole32.dll

dbghelp: loaded successfully - version: 4.0.5 - missing functions: none
symbol engine: initialized successfully - sym options: 0x614 - pdb path: .;c:\Users\DELL\.vscode\extensions\redhat.java-1.11.0-win32-x64\jre\17.0.4.1-win32-x86_64\bin;C:\Windows\SYSTEM32;C:\Windows\WinSxS\amd64_microsoft.windows.common-controls_6595b64144ccf1df_6.0.16299.125_none_15cbcf8893620c09;c:\Users\DELL\.vscode\extensions\redhat.java-1.11.0-win32-x64\jre\17.0.4.1-win32-x86_64\bin\server;C:\Users\DELL\AppData\Roaming\Code\User\globalStorage\redhat.java\1.11.0\config_ss_win\org.eclipse.equinox.launcher\org.eclipse.equinox.launcher.win32.win32.x86_64_1.2.600.v20220720-1916

VM Arguments:
jvm_args: --add-modules=ALL-SYSTEM --add-opens=java.base/java.util=ALL-UNNAMED --add-opens=java.base/java.lang=ALL-UNNAMED --add-opens=java.base/sun.nio.fs=ALL-UNNAMED -Declipse.application=org.eclipse.jdt.ls.core.id1 -Dosgi.bundles.defaultStartLevel=4 -Declipse.product=org.eclipse.jdt.ls.core.product -Djava.import.generatesMetadataFilesAtProjectRoot=false -Dfile.encoding=utf8 -DwatchParentProcess=false -XX:+UseParallelGC -XX:GCTimeRatio=4 -XX:AdaptiveSizePolicyWeight=90 -Dsun.zip.disableMemoryMapping=true -Xmx1G -Xms100m -Xlog:disable -javaagent:c:\Users\DELL\.vscode\extensions\redhat.java-1.11.0-win32-x64\lombok\lombok-1.18.24.jar 
java_command: c:\Users\DELL\.vscode\extensions\redhat.java-1.11.0-win32-x64\server\plugins\org.eclipse.equinox.launcher_1.6.400.v20210924-0641.jar -configuration c:\Users\DELL\AppData\Roaming\Code\User\globalStorage\redhat.java\1.11.0\config_ss_win -data c:\Users\DELL\AppData\Roaming\Code\User\workspaceStorage\33bd1648870debec2126c90b78d4fd85\redhat.java\ss_ws
java_class_path (initial): c:\Users\DELL\.vscode\extensions\redhat.java-1.11.0-win32-x64\server\plugins\org.eclipse.equinox.launcher_1.6.400.v20210924-0641.jar
Launcher Type: SUN_STANDARD

[Global flags]
    uintx AdaptiveSizePolicyWeight                 = 90                                        {product} {command line}
     intx CICompilerCount                          = 3                                         {product} {ergonomic}
    uintx GCTimeRatio                              = 4                                         {product} {command line}
   size_t InitialHeapSize                          = 104857600                                 {product} {command line}
   size_t MaxHeapSize                              = 1073741824                                {product} {command line}
   size_t MaxNewSize                               = 357564416                                 {product} {ergonomic}
   size_t MinHeapDeltaBytes                        = 524288                                    {product} {ergonomic}
   size_t MinHeapSize                              = 104857600                                 {product} {command line}
   size_t NewSize                                  = 34603008                                  {product} {ergonomic}
    uintx NonNMethodCodeHeapSize                   = 5832780                                {pd product} {ergonomic}
    uintx NonProfiledCodeHeapSize                  = 122912730                              {pd product} {ergonomic}
   size_t OldSize                                  = 70254592                                  {product} {ergonomic}
    uintx ProfiledCodeHeapSize                     = 122912730                              {pd product} {ergonomic}
    uintx ReservedCodeCacheSize                    = 251658240                              {pd product} {ergonomic}
     bool SegmentedCodeCache                       = true                                      {product} {ergonomic}
   size_t SoftMaxHeapSize                          = 1073741824                             {manageable} {ergonomic}
     bool UseCompressedClassPointers               = true                           {product lp64_product} {ergonomic}
     bool UseCompressedOops                        = true                           {product lp64_product} {ergonomic}
     bool UseLargePagesIndividualAllocation        = false                                  {pd product} {ergonomic}
     bool UseParallelGC                            = true                                      {product} {command line}

Logging:
Log output configuration:
 #0: stdout all=off uptime,level,tags
 #1: stderr all=off uptime,level,tags

Environment Variables:
JAVA_HOME=C:\Program Files\Java\jdk1.8.0_211
CLASSPATH=.;
PATH=C:\Users\DELL\bin;C:\Program Files\Git\mingw64\bin;C:\Program Files\Git\usr\local\bin;C:\Program Files\Git\usr\bin;C:\Program Files\Git\usr\bin;C:\Program Files\Git\mingw64\bin;C:\Program Files\Git\usr\bin;C:\Users\DELL\bin;C:\Program Files\Common Files\Oracle\Java\javapath;C:\Program Files (x86)\Common Files\Oracle\Java\javapath;C:\Python39\Scripts;C:\Python39;C:\ProgramData\Oracle\Java\javapath;C:\Program Files (x86)\Intel\iCLS Client;C:\Program Files\Intel\iCLS Client;C:\Windows\system32;C:\Windows;C:\Windows\System32\Wbem;C:\Windows\System32\WindowsPowerShell\v1.0;C:\Program Files\Intel\Intel(R) Management Engine Components\DAL;C:\Program Files\Intel\Intel(R) Management Engine Components\IPT;C:\Program Files (x86)\Intel\Intel(R) Management Engine Components\DAL;C:\Program Files (x86)\Intel\Intel(R) Management Engine Components\IPT;C:\Program Files\Microsoft SQL Server\Client SDK\ODBC\170\Tools\Binn;C:\Program Files\Microsoft VS Code\bin;C:\ProgramData\chocolatey\bin;C:\Program Files\Java\jdk1.8.0_211\bin;C:\Program Files\dotnet;C:\Program Files\Microsoft SQL Server\130\Tools\Binn;C:\Program Files (x86)\Microsoft SQL Server\150\Tools\Binn;C:\Program Files\Microsoft SQL Server\150\Tools\Binn;C:\Program Files\Microsoft SQL Server\150\DTS\Binn;C:\Program Files (x86)\Microsoft SQL Server\150\DTS\Binn;C:\Program Files\Git\cmd;C:\Program Files (x86)\dotnet;C:\Program Files\MySQL\MySQL Shell 8.0\bin;C:\Users\DELL\AppData\Local\Programs\Python\Python310\Scripts;C:\Users\DELL\AppData\Local\Programs\Python\Python310;C:\Windows\System32;C:\Users\DELL\AppData\Local\Microsoft\WindowsApps;C:\Program Files\Azure Data Studio\bin;C:\Users\DELL\.dotnet\tools;C:\Program Files\Azure Data Studio\bin;C:\Program Files\Git\usr\bin\vendor_perl;C:\Program Files\Git\usr\bin\core_perl
USERNAME=DELL
SHELL=C:\Program Files\Git\usr\bin\bash.exe
DISPLAY=needs-to-be-defined
LC_CTYPE=pt_BR.UTF-8
TERM=xterm
TMPDIR=C:\Windows\TEMP
OS=Windows_NT
PROCESSOR_IDENTIFIER=Intel64 Family 6 Model 94 Stepping 3, GenuineIntel
TMP=C:\Windows\TEMP
TEMP=C:\Windows\TEMP



---------------  S Y S T E M  ---------------

OS:
 Windows 10 , 64 bit Build 16299 (10.0.16299.15)
OS uptime: 0 days 8:32 hours

CPU: total 4 (initial active 4) (4 cores per cpu, 1 threads per core) family 6 model 94 stepping 3 microcode 0xba, cx8, cmov, fxsr, mmx, 3dnowpref, sse, sse2, sse3, ssse3, sse4.1, sse4.2, popcnt, lzcnt, tsc, tscinvbit, avx, avx2, aes, erms, clmul, bmi1, bmi2, rtm, adx, fma, vzeroupper, clflush, clflushopt

Memory: 4k page, system-wide physical 8094M (1287M free)
TotalPageFile size 8094M (AvailPageFile size 5M)
current process WorkingSet (physical memory assigned to process): 122M, peak: 122M
current process commit charge ("private bytes"): 217M, peak: 219M

vm_info: OpenJDK 64-Bit Server VM (17.0.4.1+1) for windows-amd64 JRE (17.0.4.1+1), built on Aug 17 2022 07:42:43 by "temurin" with MS VC++ 16.7 (VS2019)

END.
