#
# There is insufficient memory for the Java Runtime Environment to continue.
# Native memory allocation (malloc) failed to allocate 2085088 bytes for Chunk::new
# Possible reasons:
#   The system is out of physical RAM or swap space
#   The process is running with CompressedOops enabled, and the Java Heap may be blocking the growth of the native heap
# Possible solutions:
#   Reduce memory load on the system
#   Increase physical memory or swap space
#   Check if swap backing store is full
#   Decrease Java heap size (-Xmx/-Xms)
#   Decrease number of Java threads
#   Decrease Java thread stack sizes (-Xss)
#   Set larger code cache with -XX:ReservedCodeCacheSize=
#   JVM is running with Unscaled Compressed Oops mode in which the Java heap is
#     placed in the first 4GB address space. The Java Heap base address is the
#     maximum limit for the native heap growth. Please use -XX:HeapBaseMinAddress
#     to set the Java Heap base and to place the Java Heap above 4GB virtual address.
# This output file may be truncated or incomplete.
#
#  Out of Memory Error (arena.cpp:189), pid=2732, tid=9016
#
# JRE version: OpenJDK Runtime Environment Temurin-17.0.4.1+1 (17.0.4.1+1) (build 17.0.4.1+1)
# Java VM: OpenJDK 64-Bit Server VM Temurin-17.0.4.1+1 (17.0.4.1+1, mixed mode, tiered, compressed oops, compressed class ptrs, parallel gc, windows-amd64)
# No core dump will be written. Minidumps are not enabled by default on client versions of Windows
#

---------------  S U M M A R Y ------------

Command Line: --add-modules=ALL-SYSTEM --add-opens=java.base/java.util=ALL-UNNAMED --add-opens=java.base/java.lang=ALL-UNNAMED --add-opens=java.base/sun.nio.fs=ALL-UNNAMED -Declipse.application=org.eclipse.jdt.ls.core.id1 -Dosgi.bundles.defaultStartLevel=4 -Declipse.product=org.eclipse.jdt.ls.core.product -Djava.import.generatesMetadataFilesAtProjectRoot=false -Dfile.encoding=utf8 -DwatchParentProcess=false -XX:+UseParallelGC -XX:GCTimeRatio=4 -XX:AdaptiveSizePolicyWeight=90 -Dsun.zip.disableMemoryMapping=true -Xmx1G -Xms100m -Xlog:disable -javaagent:c:\Users\DELL\.vscode\extensions\redhat.java-1.11.0-win32-x64\lombok\lombok-1.18.24.jar c:\Users\DELL\.vscode\extensions\redhat.java-1.11.0-win32-x64\server\plugins\org.eclipse.equinox.launcher_1.6.400.v20210924-0641.jar -configuration c:\Users\DELL\AppData\Roaming\Code\User\globalStorage\redhat.java\1.11.0\config_ss_win -data c:\Users\DELL\AppData\Roaming\Code\User\workspaceStorage\33bd1648870debec2126c90b78d4fd85\redhat.java\ss_ws

Host: Intel(R) Core(TM) i5-6500 CPU @ 3.20GHz, 4 cores, 7G,  Windows 10 , 64 bit Build 16299 (10.0.16299.15)
Time: Sun Oct  2 19:52:19 2022 Hora oficial do Brasil elapsed time: 1.674054 seconds (0d 0h 0m 1s)

---------------  T H R E A D  ---------------

Current thread (0x0000024d2298b210):  JavaThread "C2 CompilerThread1" daemon [_thread_in_native, id=9016, stack(0x000000e500b00000,0x000000e500c00000)]


Current CompileTask:
C2:   1675 2178       4       org.objectweb.asm.ClassReader::readMethod (1066 bytes)

Stack: [0x000000e500b00000,0x000000e500c00000]
Native frames: (J=compiled Java code, j=interpreted, Vv=VM code, C=native code)
V  [jvm.dll+0x67731a]
V  [jvm.dll+0x832284]
V  [jvm.dll+0x833a2e]
V  [jvm.dll+0x834093]
V  [jvm.dll+0x245775]
V  [jvm.dll+0xabd7b]
V  [jvm.dll+0xac30c]
V  [jvm.dll+0x363a97]
V  [jvm.dll+0x1bbd52]
V  [jvm.dll+0x2187d9]
V  [jvm.dll+0x217aa1]
V  [jvm.dll+0x1a3f8d]
V  [jvm.dll+0x227498]
V  [jvm.dll+0x2255e5]
V  [jvm.dll+0x7e7e9b]
V  [jvm.dll+0x7e240a]
V  [jvm.dll+0x6761a5]
C  [ucrtbase.dll+0x1d885]
C  [KERNEL32.DLL+0x11fe4]
C  [ntdll.dll+0x6ef91]


---------------  P R O C E S S  ---------------

Threads class SMR info:
_java_thread_list=0x0000024d249e2220, length=22, elements={
0x0000024d0afc4560, 0x0000024d20d3fb40, 0x0000024d20d41480, 0x0000024d20d80940,
0x0000024d20d835d0, 0x0000024d20d85160, 0x0000024d20d86a30, 0x0000024d20d8a2a0,
0x0000024d20d8b810, 0x0000024d20d8e450, 0x0000024d227e0db0, 0x0000024d2298d1f0,
0x0000024d2298b210, 0x0000024d22f276e0, 0x0000024d230f21b0, 0x0000024d230f2680,
0x0000024d241f68f0, 0x0000024d23fdf420, 0x0000024d2404de20, 0x0000024d241bf980,
0x0000024d241befe0, 0x0000024d241bd7d0
}

Java Threads: ( => current thread )
  0x0000024d0afc4560 JavaThread "main" [_thread_blocked, id=5724, stack(0x000000e57fb00000,0x000000e57fc00000)]
  0x0000024d20d3fb40 JavaThread "Reference Handler" daemon [_thread_blocked, id=1200, stack(0x000000e57fe00000,0x000000e57ff00000)]
  0x0000024d20d41480 JavaThread "Finalizer" daemon [_thread_blocked, id=5788, stack(0x000000e57ff00000,0x000000e580000000)]
  0x0000024d20d80940 JavaThread "Signal Dispatcher" daemon [_thread_blocked, id=7512, stack(0x000000e500100000,0x000000e500200000)]
  0x0000024d20d835d0 JavaThread "Attach Listener" daemon [_thread_blocked, id=1288, stack(0x000000e500200000,0x000000e500300000)]
  0x0000024d20d85160 JavaThread "Service Thread" daemon [_thread_blocked, id=7216, stack(0x000000e500300000,0x000000e500400000)]
  0x0000024d20d86a30 JavaThread "Monitor Deflation Thread" daemon [_thread_blocked, id=5088, stack(0x000000e500400000,0x000000e500500000)]
  0x0000024d20d8a2a0 JavaThread "C2 CompilerThread0" daemon [_thread_in_native, id=10456, stack(0x000000e500500000,0x000000e500600000)]
  0x0000024d20d8b810 JavaThread "C1 CompilerThread0" daemon [_thread_blocked, id=9300, stack(0x000000e500600000,0x000000e500700000)]
  0x0000024d20d8e450 JavaThread "Sweeper thread" daemon [_thread_blocked, id=9328, stack(0x000000e500700000,0x000000e500800000)]
  0x0000024d227e0db0 JavaThread "Common-Cleaner" daemon [_thread_blocked, id=5996, stack(0x000000e500800000,0x000000e500900000)]
  0x0000024d2298d1f0 JavaThread "Notification Thread" daemon [_thread_blocked, id=9820, stack(0x000000e500900000,0x000000e500a00000)]
=>0x0000024d2298b210 JavaThread "C2 CompilerThread1" daemon [_thread_in_native, id=9016, stack(0x000000e500b00000,0x000000e500c00000)]
  0x0000024d22f276e0 JavaThread "Active Thread: Equinox Container: bcc60bfe-284f-4959-a531-3327dc910efc" [_thread_blocked, id=308, stack(0x000000e500f00000,0x000000e501000000)]
  0x0000024d230f21b0 JavaThread "Framework Event Dispatcher: Equinox Container: bcc60bfe-284f-4959-a531-3327dc910efc" daemon [_thread_blocked, id=7696, stack(0x000000e501000000,0x000000e501100000)]
  0x0000024d230f2680 JavaThread "Start Level: Equinox Container: bcc60bfe-284f-4959-a531-3327dc910efc" daemon [_thread_blocked, id=7488, stack(0x000000e501100000,0x000000e501200000)]
  0x0000024d241f68f0 JavaThread "SCR Component Actor" daemon [_thread_blocked, id=10284, stack(0x000000e501200000,0x000000e501300000)]
  0x0000024d23fdf420 JavaThread "SCR Component Registry" daemon [_thread_blocked, id=8412, stack(0x000000e501300000,0x000000e501400000)]
  0x0000024d2404de20 JavaThread "Worker-JM" [_thread_blocked, id=10440, stack(0x000000e501400000,0x000000e501500000)]
  0x0000024d241bf980 JavaThread "Worker-0" [_thread_blocked, id=10536, stack(0x000000e501500000,0x000000e501600000)]
  0x0000024d241befe0 JavaThread "Worker-1" [_thread_blocked, id=10468, stack(0x000000e501600000,0x000000e501700000)]
  0x0000024d241bd7d0 JavaThread "Java indexing" daemon [_thread_blocked, id=6292, stack(0x000000e501700000,0x000000e501800000)]

Other Threads:
  0x0000024d20d29a80 VMThread "VM Thread" [stack: 0x000000e57fd00000,0x000000e57fe00000] [id=10364]
  0x0000024d2298c400 WatcherThread [stack: 0x000000e500a00000,0x000000e500b00000] [id=9616]
  0x0000024d0afdf7b0 GCTaskThread "GC Thread#0" [stack: 0x000000e57fc00000,0x000000e57fd00000] [id=5780]
  0x0000024d22ea0f90 GCTaskThread "GC Thread#1" [stack: 0x000000e500c00000,0x000000e500d00000] [id=9444]
  0x0000024d23fa08a0 GCTaskThread "GC Thread#2" [stack: 0x000000e500d00000,0x000000e500e00000] [id=4296]
  0x0000024d23fa0b50 GCTaskThread "GC Thread#3" [stack: 0x000000e500e00000,0x000000e500f00000] [id=6248]

Threads with active compile tasks:
C2 CompilerThread0     1689 2251       4       java.util.HashSet::add (20 bytes)
C2 CompilerThread1     1689 2178       4       org.objectweb.asm.ClassReader::readMethod (1066 bytes)

VM state: not at safepoint (normal execution)

VM Mutex/Monitor currently owned by a thread: None

Heap address: 0x00000000c0000000, size: 1024 MB, Compressed Oops mode: 32-bit

CDS archive(s) not mapped
Compressed class space mapped at: 0x0000000100000000-0x0000000140000000, reserved size: 1073741824
Narrow klass base: 0x0000000000000000, Narrow klass shift: 3, Narrow klass range: 0x140000000

GC Precious Log:
 CPUs: 4 total, 4 available
 Memory: 8094M
 Large Page Support: Disabled
 NUMA Support: Disabled
 Compressed Oops: Enabled (32-bit)
 Alignments: Space 512K, Generation 512K, Heap 2M
 Heap Min Capacity: 100M
 Heap Initial Capacity: 100M
 Heap Max Capacity: 1G
 Pre-touch: Disabled
 Parallel Workers: 4

Heap:
 PSYoungGen      total 26624K, used 18747K [0x00000000eab00000, 0x00000000ec880000, 0x0000000100000000)
  eden space 25088K, 70% used [0x00000000eab00000,0x00000000ebc485c0,0x00000000ec380000)
  from space 1536K, 68% used [0x00000000ec400000,0x00000000ec5068f8,0x00000000ec580000)
  to   space 2560K, 0% used [0x00000000ec600000,0x00000000ec600000,0x00000000ec880000)
 ParOldGen       total 68608K, used 7147K [0x00000000c0000000, 0x00000000c4300000, 0x00000000eab00000)
  object space 68608K, 10% used [0x00000000c0000000,0x00000000c06faf20,0x00000000c4300000)
 Metaspace       used 25931K, committed 26432K, reserved 1073152K
  class space    used 2504K, committed 2688K, reserved 1048576K

Card table byte_map: [0x0000024d1e620000,0x0000024d1e830000] _byte_map_base: 0x0000024d1e020000

Marking Bits: (ParMarkBitMap*) 0x00007ffa95a82cc0
 Begin Bits: [0x0000024d1e990000, 0x0000024d1f990000)
 End Bits:   [0x0000024d1f990000, 0x0000024d20990000)

Polling page: 0x0000024d0b090000

Metaspace:

Usage:
  Non-class:     22.88 MB used.
      Class:      2.45 MB used.
       Both:     25.32 MB used.

Virtual space:
  Non-class space:       24.00 MB reserved,      23.19 MB ( 97%) committed,  3 nodes.
      Class space:        1.00 GB reserved,       2.63 MB ( <1%) committed,  1 nodes.
             Both:        1.02 GB reserved,      25.81 MB (  2%) committed. 

Chunk freelists:
   Non-Class:  189.00 KB
       Class:  1.41 MB
        Both:  1.59 MB

MaxMetaspaceSize: unlimited
CompressedClassSpaceSize: 1.00 GB
Initial GC threshold: 21.00 MB
Current GC threshold: 35.00 MB
CDS: off
MetaspaceReclaimPolicy: balanced
 - commit_granule_bytes: 65536.
 - commit_granule_words: 8192.
 - virtual_space_node_default_size: 1048576.
 - enlarge_chunks_in_place: 1.
 - new_chunks_are_fully_committed: 0.
 - uncommit_free_chunks: 1.
 - use_allocation_guard: 0.
 - handle_deallocations: 1.


Internal statistics:

num_allocs_failed_limit: 3.
num_arena_births: 170.
num_arena_deaths: 14.
num_vsnodes_births: 4.
num_vsnodes_deaths: 0.
num_space_committed: 413.
num_space_uncommitted: 0.
num_chunks_returned_to_freelist: 17.
num_chunks_taken_from_freelist: 825.
num_chunk_merges: 7.
num_chunk_splits: 576.
num_chunks_enlarged: 425.
num_purges: 2.
num_inconsistent_stats: 0.

CodeHeap 'non-profiled nmethods': size=120000Kb used=845Kb max_used=845Kb free=119154Kb
 bounds [0x0000024d16f10000, 0x0000024d17180000, 0x0000024d1e440000]
CodeHeap 'profiled nmethods': size=120000Kb used=4460Kb max_used=4460Kb free=115539Kb
 bounds [0x0000024d0f9e0000, 0x0000024d0fe40000, 0x0000024d16f10000]
CodeHeap 'non-nmethods': size=5760Kb used=1220Kb max_used=1241Kb free=4539Kb
 bounds [0x0000024d0f440000, 0x0000024d0f6b0000, 0x0000024d0f9e0000]
 total_blobs=2777 nmethods=2245 adapters=446
 compilation: enabled
              stopped_count=0, restarted_count=0
 full_count=0

Compilation events (20 events):
Event: 1.535 Thread 0x0000024d20d8b810 nmethod 2242 0x0000024d0fe37510 code [0x0000024d0fe376a0, 0x0000024d0fe37818]
Event: 1.536 Thread 0x0000024d20d8b810 2243       3       java.lang.Character::toUpperCase (6 bytes)
Event: 1.536 Thread 0x0000024d20d8b810 nmethod 2243 0x0000024d0fe37910 code [0x0000024d0fe37ac0, 0x0000024d0fe37d18]
Event: 1.536 Thread 0x0000024d20d8b810 2244       3       java.lang.Character::toUpperCase (9 bytes)
Event: 1.537 Thread 0x0000024d20d8b810 nmethod 2244 0x0000024d0fe37e10 code [0x0000024d0fe37fc0, 0x0000024d0fe381b8]
Event: 1.537 Thread 0x0000024d20d8b810 2245       3       java.util.TreeMap::setColor (10 bytes)
Event: 1.537 Thread 0x0000024d20d8b810 nmethod 2245 0x0000024d0fe38290 code [0x0000024d0fe38420, 0x0000024d0fe38558]
Event: 1.537 Thread 0x0000024d20d8b810 2247       3       java.lang.ProcessEnvironment$NameComparator::compare (90 bytes)
Event: 1.538 Thread 0x0000024d20d8b810 nmethod 2247 0x0000024d0fe38610 code [0x0000024d0fe38920, 0x0000024d0fe39b38]
Event: 1.538 Thread 0x0000024d20d8b810 2248       3       java.util.HashSet::contains (9 bytes)
Event: 1.538 Thread 0x0000024d20d8b810 nmethod 2248 0x0000024d0fe3a410 code [0x0000024d0fe3a5c0, 0x0000024d0fe3a788]
Event: 1.538 Thread 0x0000024d20d8b810 2246       3       java.lang.ProcessEnvironment$NameComparator::compare (13 bytes)
Event: 1.538 Thread 0x0000024d20d8b810 nmethod 2246 0x0000024d0fe3a890 code [0x0000024d0fe3aa40, 0x0000024d0fe3ad48]
Event: 1.550 Thread 0x0000024d20d8a2a0 nmethod 2228 0x0000024d16fe0f90 code [0x0000024d16fe11c0, 0x0000024d16fe2300]
Event: 1.550 Thread 0x0000024d20d8a2a0 2241       4       java.util.ArrayList$SubList$1::next (85 bytes)
Event: 1.552 Thread 0x0000024d20d8a2a0 nmethod 2241 0x0000024d16fe2e90 code [0x0000024d16fe3020, 0x0000024d16fe3178]
Event: 1.555 Thread 0x0000024d20d8b810 2249       3       jdk.internal.reflect.ClassFileAssembler::setStack (25 bytes)
Event: 1.555 Thread 0x0000024d20d8b810 nmethod 2249 0x0000024d0fe3ae10 code [0x0000024d0fe3afa0, 0x0000024d0fe3b0f8]
Event: 1.555 Thread 0x0000024d20d8b810 2250       1       jdk.internal.reflect.NativeConstructorAccessorImpl::setParent (6 bytes)
Event: 1.555 Thread 0x0000024d20d8b810 nmethod 2250 0x0000024d16fe3310 code [0x0000024d16fe34a0, 0x0000024d16fe3578]

GC Heap History (12 events):
Event: 0.513 GC heap before
{Heap before GC invocations=1 (full 0):
 PSYoungGen      total 29696K, used 25600K [0x00000000eab00000, 0x00000000ecc00000, 0x0000000100000000)
  eden space 25600K, 100% used [0x00000000eab00000,0x00000000ec400000,0x00000000ec400000)
  from space 4096K, 0% used [0x00000000ec800000,0x00000000ec800000,0x00000000ecc00000)
  to   space 4096K, 0% used [0x00000000ec400000,0x00000000ec400000,0x00000000ec800000)
 ParOldGen       total 68608K, used 0K [0x00000000c0000000, 0x00000000c4300000, 0x00000000eab00000)
  object space 68608K, 0% used [0x00000000c0000000,0x00000000c0000000,0x00000000c4300000)
 Metaspace       used 10824K, committed 11008K, reserved 1064960K
  class space    used 1089K, committed 1152K, reserved 1048576K
}
Event: 0.518 GC heap after
{Heap after GC invocations=1 (full 0):
 PSYoungGen      total 29696K, used 3240K [0x00000000eab00000, 0x00000000ecc00000, 0x0000000100000000)
  eden space 25600K, 0% used [0x00000000eab00000,0x00000000eab00000,0x00000000ec400000)
  from space 4096K, 79% used [0x00000000ec400000,0x00000000ec72a208,0x00000000ec800000)
  to   space 4096K, 0% used [0x00000000ec800000,0x00000000ec800000,0x00000000ecc00000)
 ParOldGen       total 68608K, used 16K [0x00000000c0000000, 0x00000000c4300000, 0x00000000eab00000)
  object space 68608K, 0% used [0x00000000c0000000,0x00000000c0004000,0x00000000c4300000)
 Metaspace       used 10824K, committed 11008K, reserved 1064960K
  class space    used 1089K, committed 1152K, reserved 1048576K
}
Event: 0.877 GC heap before
{Heap before GC invocations=2 (full 0):
 PSYoungGen      total 29696K, used 28840K [0x00000000eab00000, 0x00000000ecc00000, 0x0000000100000000)
  eden space 25600K, 100% used [0x00000000eab00000,0x00000000ec400000,0x00000000ec400000)
  from space 4096K, 79% used [0x00000000ec400000,0x00000000ec72a208,0x00000000ec800000)
  to   space 4096K, 0% used [0x00000000ec800000,0x00000000ec800000,0x00000000ecc00000)
 ParOldGen       total 68608K, used 16K [0x00000000c0000000, 0x00000000c4300000, 0x00000000eab00000)
  object space 68608K, 0% used [0x00000000c0000000,0x00000000c0004000,0x00000000c4300000)
 Metaspace       used 15088K, committed 15360K, reserved 1064960K
  class space    used 1547K, committed 1664K, reserved 1048576K
}
Event: 0.880 GC heap after
{Heap after GC invocations=2 (full 0):
 PSYoungGen      total 29696K, used 4071K [0x00000000eab00000, 0x00000000ecc00000, 0x0000000100000000)
  eden space 25600K, 0% used [0x00000000eab00000,0x00000000eab00000,0x00000000ec400000)
  from space 4096K, 99% used [0x00000000ec800000,0x00000000ecbf9ed8,0x00000000ecc00000)
  to   space 4096K, 0% used [0x00000000ec400000,0x00000000ec400000,0x00000000ec800000)
 ParOldGen       total 68608K, used 684K [0x00000000c0000000, 0x00000000c4300000, 0x00000000eab00000)
  object space 68608K, 0% used [0x00000000c0000000,0x00000000c00ab360,0x00000000c4300000)
 Metaspace       used 15088K, committed 15360K, reserved 1064960K
  class space    used 1547K, committed 1664K, reserved 1048576K
}
Event: 1.231 GC heap before
{Heap before GC invocations=3 (full 0):
 PSYoungGen      total 29696K, used 29671K [0x00000000eab00000, 0x00000000ecc00000, 0x0000000100000000)
  eden space 25600K, 100% used [0x00000000eab00000,0x00000000ec400000,0x00000000ec400000)
  from space 4096K, 99% used [0x00000000ec800000,0x00000000ecbf9ed8,0x00000000ecc00000)
  to   space 4096K, 0% used [0x00000000ec400000,0x00000000ec400000,0x00000000ec800000)
 ParOldGen       total 68608K, used 684K [0x00000000c0000000, 0x00000000c4300000, 0x00000000eab00000)
  object space 68608K, 0% used [0x00000000c0000000,0x00000000c00ab360,0x00000000c4300000)
 Metaspace       used 20198K, committed 20608K, reserved 1073152K
  class space    used 2070K, committed 2240K, reserved 1048576K
}
Event: 1.237 GC heap after
{Heap after GC invocations=3 (full 0):
 PSYoungGen      total 29696K, used 4079K [0x00000000eab00000, 0x00000000ecc00000, 0x0000000100000000)
  eden space 25600K, 0% used [0x00000000eab00000,0x00000000eab00000,0x00000000ec400000)
  from space 4096K, 99% used [0x00000000ec400000,0x00000000ec7fbe38,0x00000000ec800000)
  to   space 4096K, 0% used [0x00000000ec800000,0x00000000ec800000,0x00000000ecc00000)
 ParOldGen       total 68608K, used 2645K [0x00000000c0000000, 0x00000000c4300000, 0x00000000eab00000)
  object space 68608K, 3% used [0x00000000c0000000,0x00000000c0295600,0x00000000c4300000)
 Metaspace       used 20198K, committed 20608K, reserved 1073152K
  class space    used 2070K, committed 2240K, reserved 1048576K
}
Event: 1.279 GC heap before
{Heap before GC invocations=4 (full 0):
 PSYoungGen      total 29696K, used 9641K [0x00000000eab00000, 0x00000000ecc00000, 0x0000000100000000)
  eden space 25600K, 21% used [0x00000000eab00000,0x00000000eb06e630,0x00000000ec400000)
  from space 4096K, 99% used [0x00000000ec400000,0x00000000ec7fbe38,0x00000000ec800000)
  to   space 4096K, 0% used [0x00000000ec800000,0x00000000ec800000,0x00000000ecc00000)
 ParOldGen       total 68608K, used 2645K [0x00000000c0000000, 0x00000000c4300000, 0x00000000eab00000)
  object space 68608K, 3% used [0x00000000c0000000,0x00000000c0295600,0x00000000c4300000)
 Metaspace       used 21111K, committed 21504K, reserved 1073152K
  class space    used 2155K, committed 2368K, reserved 1048576K
}
Event: 1.283 GC heap after
{Heap after GC invocations=4 (full 0):
 PSYoungGen      total 29696K, used 4072K [0x00000000eab00000, 0x00000000ecc00000, 0x0000000100000000)
  eden space 25600K, 0% used [0x00000000eab00000,0x00000000eab00000,0x00000000ec400000)
  from space 4096K, 99% used [0x00000000ec800000,0x00000000ecbfa1b0,0x00000000ecc00000)
  to   space 4096K, 0% used [0x00000000ec400000,0x00000000ec400000,0x00000000ec800000)
 ParOldGen       total 68608K, used 3177K [0x00000000c0000000, 0x00000000c4300000, 0x00000000eab00000)
  object space 68608K, 4% used [0x00000000c0000000,0x00000000c031a620,0x00000000c4300000)
 Metaspace       used 21111K, committed 21504K, reserved 1073152K
  class space    used 2155K, committed 2368K, reserved 1048576K
}
Event: 1.283 GC heap before
{Heap before GC invocations=5 (full 1):
 PSYoungGen      total 29696K, used 4072K [0x00000000eab00000, 0x00000000ecc00000, 0x0000000100000000)
  eden space 25600K, 0% used [0x00000000eab00000,0x00000000eab00000,0x00000000ec400000)
  from space 4096K, 99% used [0x00000000ec800000,0x00000000ecbfa1b0,0x00000000ecc00000)
  to   space 4096K, 0% used [0x00000000ec400000,0x00000000ec400000,0x00000000ec800000)
 ParOldGen       total 68608K, used 3177K [0x00000000c0000000, 0x00000000c4300000, 0x00000000eab00000)
  object space 68608K, 4% used [0x00000000c0000000,0x00000000c031a620,0x00000000c4300000)
 Metaspace       used 21111K, committed 21504K, reserved 1073152K
  class space    used 2155K, committed 2368K, reserved 1048576K
}
Event: 1.303 GC heap after
{Heap after GC invocations=5 (full 1):
 PSYoungGen      total 29696K, used 0K [0x00000000eab00000, 0x00000000ecc00000, 0x0000000100000000)
  eden space 25600K, 0% used [0x00000000eab00000,0x00000000eab00000,0x00000000ec400000)
  from space 4096K, 0% used [0x00000000ec800000,0x00000000ec800000,0x00000000ecc00000)
  to   space 4096K, 0% used [0x00000000ec400000,0x00000000ec400000,0x00000000ec800000)
 ParOldGen       total 68608K, used 7147K [0x00000000c0000000, 0x00000000c4300000, 0x00000000eab00000)
  object space 68608K, 10% used [0x00000000c0000000,0x00000000c06faf20,0x00000000c4300000)
 Metaspace       used 21097K, committed 21504K, reserved 1073152K
  class space    used 2152K, committed 2368K, reserved 1048576K
}
Event: 1.457 GC heap before
{Heap before GC invocations=6 (full 1):
 PSYoungGen      total 29696K, used 25600K [0x00000000eab00000, 0x00000000ecc00000, 0x0000000100000000)
  eden space 25600K, 100% used [0x00000000eab00000,0x00000000ec400000,0x00000000ec400000)
  from space 4096K, 0% used [0x00000000ec800000,0x00000000ec800000,0x00000000ecc00000)
  to   space 4096K, 0% used [0x00000000ec400000,0x00000000ec400000,0x00000000ec800000)
 ParOldGen       total 68608K, used 7147K [0x00000000c0000000, 0x00000000c4300000, 0x00000000eab00000)
  object space 68608K, 10% used [0x00000000c0000000,0x00000000c06faf20,0x00000000c4300000)
 Metaspace       used 24538K, committed 24896K, reserved 1073152K
  class space    used 2406K, committed 2560K, reserved 1048576K
}
Event: 1.458 GC heap after
{Heap after GC invocations=6 (full 1):
 PSYoungGen      total 26624K, used 1050K [0x00000000eab00000, 0x00000000ec880000, 0x0000000100000000)
  eden space 25088K, 0% used [0x00000000eab00000,0x00000000eab00000,0x00000000ec380000)
  from space 1536K, 68% used [0x00000000ec400000,0x00000000ec5068f8,0x00000000ec580000)
  to   space 2560K, 0% used [0x00000000ec600000,0x00000000ec600000,0x00000000ec880000)
 ParOldGen       total 68608K, used 7147K [0x00000000c0000000, 0x00000000c4300000, 0x00000000eab00000)
  object space 68608K, 10% used [0x00000000c0000000,0x00000000c06faf20,0x00000000c4300000)
 Metaspace       used 24538K, committed 24896K, reserved 1073152K
  class space    used 2406K, committed 2560K, reserved 1048576K
}

Deoptimization events (20 events):
Event: 1.173 Thread 0x0000024d230f2680 Uncommon trap: trap_request=0xffffff45 fr.pc=0x0000024d16fc79c8 relative=0x0000000000000f08
Event: 1.173 Thread 0x0000024d230f2680 Uncommon trap: reason=unstable_if action=reinterpret pc=0x0000024d16fc79c8 method=java.util.Properties.loadConvert([CIILjava/lang/StringBuilder;)Ljava/lang/String; @ 491 c2
Event: 1.173 Thread 0x0000024d230f2680 DEOPT PACKING pc=0x0000024d16fc79c8 sp=0x000000e5011f7a80
Event: 1.173 Thread 0x0000024d230f2680 DEOPT UNPACKING pc=0x0000024d0f4920a3 sp=0x000000e5011f7a70 mode 2
Event: 1.534 Thread 0x0000024d230f2680 Uncommon trap: trap_request=0xffffffc6 fr.pc=0x0000024d16f8aad0 relative=0x0000000000000990
Event: 1.534 Thread 0x0000024d230f2680 Uncommon trap: reason=bimorphic_or_optimized_type_check action=maybe_recompile pc=0x0000024d16f8aad0 method=java.util.HashMap.putVal(ILjava/lang/Object;Ljava/lang/Object;ZZ)Ljava/lang/Object; @ 56 c2
Event: 1.534 Thread 0x0000024d230f2680 DEOPT PACKING pc=0x0000024d16f8aad0 sp=0x000000e5011fdac0
Event: 1.534 Thread 0x0000024d230f2680 DEOPT UNPACKING pc=0x0000024d0f4920a3 sp=0x000000e5011fda18 mode 2
Event: 1.534 Thread 0x0000024d230f2680 Uncommon trap: trap_request=0xffffffc6 fr.pc=0x0000024d16f8aad0 relative=0x0000000000000990
Event: 1.534 Thread 0x0000024d230f2680 Uncommon trap: reason=bimorphic_or_optimized_type_check action=maybe_recompile pc=0x0000024d16f8aad0 method=java.util.HashMap.putVal(ILjava/lang/Object;Ljava/lang/Object;ZZ)Ljava/lang/Object; @ 56 c2
Event: 1.534 Thread 0x0000024d230f2680 DEOPT PACKING pc=0x0000024d16f8aad0 sp=0x000000e5011fdac0
Event: 1.534 Thread 0x0000024d230f2680 DEOPT UNPACKING pc=0x0000024d0f4920a3 sp=0x000000e5011fda18 mode 2
Event: 1.534 Thread 0x0000024d230f2680 Uncommon trap: trap_request=0xffffffc6 fr.pc=0x0000024d16f8aad0 relative=0x0000000000000990
Event: 1.534 Thread 0x0000024d230f2680 Uncommon trap: reason=bimorphic_or_optimized_type_check action=maybe_recompile pc=0x0000024d16f8aad0 method=java.util.HashMap.putVal(ILjava/lang/Object;Ljava/lang/Object;ZZ)Ljava/lang/Object; @ 56 c2
Event: 1.534 Thread 0x0000024d230f2680 DEOPT PACKING pc=0x0000024d16f8aad0 sp=0x000000e5011fdac0
Event: 1.534 Thread 0x0000024d230f2680 DEOPT UNPACKING pc=0x0000024d0f4920a3 sp=0x000000e5011fda18 mode 2
Event: 1.534 Thread 0x0000024d230f2680 Uncommon trap: trap_request=0xffffffc6 fr.pc=0x0000024d16f8aad0 relative=0x0000000000000990
Event: 1.534 Thread 0x0000024d230f2680 Uncommon trap: reason=bimorphic_or_optimized_type_check action=maybe_recompile pc=0x0000024d16f8aad0 method=java.util.HashMap.putVal(ILjava/lang/Object;Ljava/lang/Object;ZZ)Ljava/lang/Object; @ 56 c2
Event: 1.534 Thread 0x0000024d230f2680 DEOPT PACKING pc=0x0000024d16f8aad0 sp=0x000000e5011fdac0
Event: 1.534 Thread 0x0000024d230f2680 DEOPT UNPACKING pc=0x0000024d0f4920a3 sp=0x000000e5011fda18 mode 2

Classes unloaded (7 events):
Event: 1.287 Thread 0x0000024d20d29a80 Unloading class 0x0000000100210800 'java/lang/invoke/LambdaForm$MH+0x0000000100210800'
Event: 1.287 Thread 0x0000024d20d29a80 Unloading class 0x0000000100210400 'java/lang/invoke/LambdaForm$MH+0x0000000100210400'
Event: 1.287 Thread 0x0000024d20d29a80 Unloading class 0x0000000100210000 'java/lang/invoke/LambdaForm$MH+0x0000000100210000'
Event: 1.287 Thread 0x0000024d20d29a80 Unloading class 0x000000010020f800 'java/lang/invoke/LambdaForm$MH+0x000000010020f800'
Event: 1.287 Thread 0x0000024d20d29a80 Unloading class 0x000000010020f400 'java/lang/invoke/LambdaForm$BMH+0x000000010020f400'
Event: 1.287 Thread 0x0000024d20d29a80 Unloading class 0x000000010020f000 'java/lang/invoke/LambdaForm$DMH+0x000000010020f000'
Event: 1.287 Thread 0x0000024d20d29a80 Unloading class 0x000000010020c400 'java/lang/invoke/LambdaForm$DMH+0x000000010020c400'

Classes redefined (0 events):
No events

Internal exceptions (20 events):
Event: 1.078 Thread 0x0000024d230f2680 Exception <a 'java/lang/NoSuchMethodError'{0x00000000eb9196c8}: 'void java.lang.invoke.DirectMethodHandle$Holder.invokeInterface(java.lang.Object, java.lang.Object, java.lang.Object)'> (0x00000000eb9196c8) 
thrown [s\src\hotspot\share\interpreter\linkResolver.cpp, line 759]
Event: 1.126 Thread 0x0000024d230f2680 Exception <a 'java/lang/NoSuchMethodError'{0x00000000ebc3b6f8}: 'java.lang.Object java.lang.invoke.Invokers$Holder.invokeExact_MT(java.lang.Object, java.lang.Object, java.lang.Object, java.lang.Object, java.lang.Object, java.lang.Object)'> (0x00000000ebc3b6f8) 
thrown [s\src\hotspot\share\interpreter\linkResolver.cpp, line 759]
Event: 1.140 Thread 0x0000024d230f2680 Exception <a 'java/lang/NoSuchMethodError'{0x00000000ebd1d828}: 'java.lang.Object java.lang.invoke.DirectMethodHandle$Holder.invokeStatic(java.lang.Object, java.lang.Object, int)'> (0x00000000ebd1d828) 
thrown [s\src\hotspot\share\interpreter\linkResolver.cpp, line 759]
Event: 1.141 Thread 0x0000024d230f2680 Exception <a 'java/lang/NoSuchMethodError'{0x00000000ebd223d8}: 'void java.lang.invoke.DirectMethodHandle$Holder.invokeStatic(java.lang.Object, java.lang.Object, int, java.lang.Object)'> (0x00000000ebd223d8) 
thrown [s\src\hotspot\share\interpreter\linkResolver.cpp, line 759]
Event: 1.141 Thread 0x0000024d230f2680 Exception <a 'java/lang/NoSuchMethodError'{0x00000000ebd29b08}: 'void java.lang.invoke.DelegatingMethodHandle$Holder.delegate(java.lang.Object, java.lang.Object, int, java.lang.Object)'> (0x00000000ebd29b08) 
thrown [s\src\hotspot\share\interpreter\linkResolver.cpp, line 759]
Event: 1.142 Thread 0x0000024d230f2680 Exception <a 'java/lang/NoSuchMethodError'{0x00000000ebd2def0}: 'int java.lang.invoke.DirectMethodHandle$Holder.invokeSpecial(java.lang.Object, java.lang.Object, java.lang.Object)'> (0x00000000ebd2def0) 
thrown [s\src\hotspot\share\interpreter\linkResolver.cpp, line 759]
Event: 1.143 Thread 0x0000024d230f2680 Exception <a 'java/lang/NoSuchMethodError'{0x00000000ebd3e4e0}: 'int java.lang.invoke.DirectMethodHandle$Holder.invokeStatic(java.lang.Object, java.lang.Object, int)'> (0x00000000ebd3e4e0) 
thrown [s\src\hotspot\share\interpreter\linkResolver.cpp, line 759]
Event: 1.143 Thread 0x0000024d230f2680 Exception <a 'java/lang/NoSuchMethodError'{0x00000000ebd42a50}: 'int java.lang.invoke.DirectMethodHandle$Holder.invokeSpecial(java.lang.Object, java.lang.Object, java.lang.Object, int)'> (0x00000000ebd42a50) 
thrown [s\src\hotspot\share\interpreter\linkResolver.cpp, line 759]
Event: 1.144 Thread 0x0000024d230f2680 Exception <a 'java/lang/NoSuchMethodError'{0x00000000ebd5d4d0}: 'java.lang.Object java.lang.invoke.DirectMethodHandle$Holder.invokeStatic(java.lang.Object, java.lang.Object, java.lang.Object, java.lang.Object, int)'> (0x00000000ebd5d4d0) 
thrown [s\src\hotspot\share\interpreter\linkResolver.cpp, line 759]
Event: 1.145 Thread 0x0000024d230f2680 Exception <a 'java/lang/NoSuchMethodError'{0x00000000ebd698c8}: 'java.lang.Object java.lang.invoke.DelegatingMethodHandle$Holder.reinvoke_L(java.lang.Object, java.lang.Object, java.lang.Object, java.lang.Object, int, int)'> (0x00000000ebd698c8) 
thrown [s\src\hotspot\share\interpreter\linkResolver.cpp, line 759]
Event: 1.147 Thread 0x0000024d230f2680 Exception <a 'java/lang/NoSuchMethodError'{0x00000000ebd818e8}: 'java.lang.Object java.lang.invoke.Invokers$Holder.invokeExact_MT(java.lang.Object, java.lang.Object, java.lang.Object, java.lang.Object)'> (0x00000000ebd818e8) 
thrown [s\src\hotspot\share\interpreter\linkResolver.cpp, line 759]
Event: 1.167 Thread 0x0000024d230f2680 Exception <a 'java/io/FileNotFoundException'{0x00000000ebe92f40}> (0x00000000ebe92f40) 
thrown [s\src\hotspot\share\prims\jni.cpp, line 516]
Event: 1.221 Thread 0x0000024d230f2680 Exception <a 'java/lang/IncompatibleClassChangeError'{0x00000000ec300e78}: Found class java.lang.Object, but interface was expected> (0x00000000ec300e78) 
thrown [s\src\hotspot\share\interpreter\linkResolver.cpp, line 826]
Event: 1.350 Thread 0x0000024d230f2680 Exception <a 'java/io/FileNotFoundException'{0x00000000eb653698}> (0x00000000eb653698) 
thrown [s\src\hotspot\share\prims\jni.cpp, line 516]
Event: 1.350 Thread 0x0000024d230f2680 Exception <a 'java/io/FileNotFoundException'{0x00000000eb6544d8}> (0x00000000eb6544d8) 
thrown [s\src\hotspot\share\prims\jni.cpp, line 516]
Event: 1.350 Thread 0x0000024d230f2680 Exception <a 'java/io/FileNotFoundException'{0x00000000eb655328}> (0x00000000eb655328) 
thrown [s\src\hotspot\share\prims\jni.cpp, line 516]
Event: 1.421 Thread 0x0000024d230f2680 Exception <a 'java/lang/NoSuchMethodError'{0x00000000ebeec610}: 'int java.lang.invoke.DirectMethodHandle$Holder.invokeStaticInit(java.lang.Object, java.lang.Object, java.lang.Object)'> (0x00000000ebeec610) 
thrown [s\src\hotspot\share\interpreter\linkResolver.cpp, line 759]
Event: 1.491 Thread 0x0000024d230f2680 Exception <a 'java/io/FileNotFoundException'{0x00000000eb012760}> (0x00000000eb012760) 
thrown [s\src\hotspot\share\prims\jni.cpp, line 516]
Event: 1.512 Thread 0x0000024d230f2680 Exception <a 'java/io/FileNotFoundException'{0x00000000eba0c568}> (0x00000000eba0c568) 
thrown [s\src\hotspot\share\prims\jni.cpp, line 516]
Event: 1.533 Thread 0x0000024d230f2680 Exception <a 'java/io/FileNotFoundException'{0x00000000ebbc3af0}> (0x00000000ebbc3af0) 
thrown [s\src\hotspot\share\prims\jni.cpp, line 516]

VM Operations (20 events):
Event: 0.825 Executing VM operation: HandshakeAllThreads
Event: 0.825 Executing VM operation: HandshakeAllThreads done
Event: 0.877 Executing VM operation: ParallelGCFailedAllocation
Event: 0.880 Executing VM operation: ParallelGCFailedAllocation done
Event: 1.061 Executing VM operation: HandshakeAllThreads
Event: 1.062 Executing VM operation: HandshakeAllThreads done
Event: 1.064 Executing VM operation: HandshakeAllThreads
Event: 1.064 Executing VM operation: HandshakeAllThreads done
Event: 1.140 Executing VM operation: HandshakeAllThreads
Event: 1.140 Executing VM operation: HandshakeAllThreads done
Event: 1.230 Executing VM operation: HandshakeAllThreads
Event: 1.230 Executing VM operation: HandshakeAllThreads done
Event: 1.231 Executing VM operation: ParallelGCFailedAllocation
Event: 1.237 Executing VM operation: ParallelGCFailedAllocation done
Event: 1.279 Executing VM operation: CollectForMetadataAllocation
Event: 1.303 Executing VM operation: CollectForMetadataAllocation done
Event: 1.457 Executing VM operation: ParallelGCFailedAllocation
Event: 1.458 Executing VM operation: ParallelGCFailedAllocation done
Event: 1.534 Executing VM operation: HandshakeAllThreads
Event: 1.534 Executing VM operation: HandshakeAllThreads done

Events (20 events):
Event: 1.529 loading class java/net/SocketAddress
Event: 1.529 loading class java/net/SocketAddress done
Event: 1.529 loading class java/net/InetSocketAddress
Event: 1.529 loading class java/net/InetSocketAddress done
Event: 1.529 loading class java/nio/channels/AsynchronousByteChannel
Event: 1.529 loading class java/nio/channels/AsynchronousChannel
Event: 1.529 loading class java/nio/channels/AsynchronousChannel done
Event: 1.529 loading class java/nio/channels/AsynchronousByteChannel done
Event: 1.533 loading class java/lang/ProcessEnvironment
Event: 1.534 loading class java/lang/ProcessEnvironment done
Event: 1.534 loading class java/lang/ProcessEnvironment$NameComparator
Event: 1.534 loading class java/lang/ProcessEnvironment$NameComparator done
Event: 1.534 loading class java/lang/ProcessEnvironment$EntryComparator
Event: 1.534 loading class java/lang/ProcessEnvironment$EntryComparator done
Event: 1.534 loading class java/lang/ProcessEnvironment$CheckedEntrySet
Event: 1.535 loading class java/lang/ProcessEnvironment$CheckedEntrySet done
Event: 1.535 loading class java/lang/ProcessEnvironment$CheckedEntrySet$1
Event: 1.535 loading class java/lang/ProcessEnvironment$CheckedEntrySet$1 done
Event: 1.535 loading class java/lang/ProcessEnvironment$CheckedEntry
Event: 1.535 loading class java/lang/ProcessEnvironment$CheckedEntry done


Dynamic libraries:
0x00007ff626310000 - 0x00007ff62631e000 	c:\Users\DELL\.vscode\extensions\redhat.java-1.11.0-win32-x64\jre\17.0.4.1-win32-x86_64\bin\java.exe
0x00007ffaedf30000 - 0x00007ffaee110000 	C:\Windows\SYSTEM32\ntdll.dll
0x00007ffaede50000 - 0x00007ffaedefe000 	C:\Windows\System32\KERNEL32.DLL
0x00007ffaeb190000 - 0x00007ffaeb3f6000 	C:\Windows\System32\KERNELBASE.dll
0x00007ffaeafb0000 - 0x00007ffaeb0a6000 	C:\Windows\System32\ucrtbase.dll
0x00007ffae6f40000 - 0x00007ffae6f58000 	c:\Users\DELL\.vscode\extensions\redhat.java-1.11.0-win32-x64\jre\17.0.4.1-win32-x86_64\bin\jli.dll
0x00007ffadec20000 - 0x00007ffadec39000 	c:\Users\DELL\.vscode\extensions\redhat.java-1.11.0-win32-x64\jre\17.0.4.1-win32-x86_64\bin\VCRUNTIME140.dll
0x00007ffaeda90000 - 0x00007ffaedc1f000 	C:\Windows\System32\USER32.dll
0x00007ffaeaad0000 - 0x00007ffaeaaf0000 	C:\Windows\System32\win32u.dll
0x00007ffacaa00000 - 0x00007ffacac69000 	C:\Windows\WinSxS\amd64_microsoft.windows.common-controls_6595b64144ccf1df_6.0.16299.125_none_15cbcf8893620c09\COMCTL32.dll
0x00007ffaeb490000 - 0x00007ffaeb4b8000 	C:\Windows\System32\GDI32.dll
0x00007ffaed1d0000 - 0x00007ffaed26d000 	C:\Windows\System32\msvcrt.dll
0x00007ffaeae10000 - 0x00007ffaeafa3000 	C:\Windows\System32\gdi32full.dll
0x00007ffaeaba0000 - 0x00007ffaeac3b000 	C:\Windows\System32\msvcp_win.dll
0x00007ffaeccb0000 - 0x00007ffaecfb8000 	C:\Windows\System32\combase.dll
0x00007ffaeb580000 - 0x00007ffaeb69f000 	C:\Windows\System32\RPCRT4.dll
0x00007ffaeb0b0000 - 0x00007ffaeb122000 	C:\Windows\System32\bcryptPrimitives.dll
0x00007ffaeb840000 - 0x00007ffaeb86d000 	C:\Windows\System32\IMM32.DLL
0x00007ffae6f30000 - 0x00007ffae6f3c000 	c:\Users\DELL\.vscode\extensions\redhat.java-1.11.0-win32-x64\jre\17.0.4.1-win32-x86_64\bin\vcruntime140_1.dll
0x00007ffaa3e70000 - 0x00007ffaa3f01000 	c:\Users\DELL\.vscode\extensions\redhat.java-1.11.0-win32-x64\jre\17.0.4.1-win32-x86_64\bin\msvcp140.dll
0x00007ffa94f00000 - 0x00007ffa95b46000 	c:\Users\DELL\.vscode\extensions\redhat.java-1.11.0-win32-x64\jre\17.0.4.1-win32-x86_64\bin\server\jvm.dll
0x00007ffaed450000 - 0x00007ffaed4f1000 	C:\Windows\System32\ADVAPI32.dll
0x00007ffaed500000 - 0x00007ffaed55b000 	C:\Windows\System32\sechost.dll
0x00007ffaeb480000 - 0x00007ffaeb488000 	C:\Windows\System32\PSAPI.DLL
0x00007ffad33f0000 - 0x00007ffad33f9000 	C:\Windows\SYSTEM32\WSOCK32.dll
0x00007ffae8620000 - 0x00007ffae8643000 	C:\Windows\SYSTEM32\WINMM.dll
0x00007ffade580000 - 0x00007ffade58a000 	C:\Windows\SYSTEM32\VERSION.dll
0x00007ffaed270000 - 0x00007ffaed2dc000 	C:\Windows\System32\WS2_32.dll
0x00007ffae85c0000 - 0x00007ffae85ea000 	C:\Windows\SYSTEM32\WINMMBASE.dll
0x00007ffaeaa80000 - 0x00007ffaeaaca000 	C:\Windows\System32\cfgmgr32.dll
0x00007ffaea2d0000 - 0x00007ffaea2e1000 	C:\Windows\System32\kernel.appcore.dll
0x00007ffae1890000 - 0x00007ffae189a000 	c:\Users\DELL\.vscode\extensions\redhat.java-1.11.0-win32-x64\jre\17.0.4.1-win32-x86_64\bin\jimage.dll
0x00007ffadda30000 - 0x00007ffaddbf8000 	C:\Windows\SYSTEM32\DBGHELP.DLL
0x00007ffadd9e0000 - 0x00007ffadda09000 	C:\Windows\SYSTEM32\dbgcore.DLL
0x00007ffae16a0000 - 0x00007ffae16ae000 	c:\Users\DELL\.vscode\extensions\redhat.java-1.11.0-win32-x64\jre\17.0.4.1-win32-x86_64\bin\instrument.dll
0x00007ffadeac0000 - 0x00007ffadeae5000 	c:\Users\DELL\.vscode\extensions\redhat.java-1.11.0-win32-x64\jre\17.0.4.1-win32-x86_64\bin\java.dll
0x00007ffad33a0000 - 0x00007ffad33b8000 	c:\Users\DELL\.vscode\extensions\redhat.java-1.11.0-win32-x64\jre\17.0.4.1-win32-x86_64\bin\zip.dll
0x00007ffaeb870000 - 0x00007ffaecca6000 	C:\Windows\System32\SHELL32.dll
0x00007ffaedda0000 - 0x00007ffaede46000 	C:\Windows\System32\shcore.dll
0x00007ffaea330000 - 0x00007ffaeaa77000 	C:\Windows\System32\windows.storage.dll
0x00007ffaedd40000 - 0x00007ffaedd91000 	C:\Windows\System32\shlwapi.dll
0x00007ffaea280000 - 0x00007ffaea2cc000 	C:\Windows\System32\powrprof.dll
0x00007ffaea310000 - 0x00007ffaea32b000 	C:\Windows\System32\profapi.dll
0x00007ffacaeb0000 - 0x00007ffacaec9000 	C:\Users\DELL\.vscode\extensions\redhat.java-1.11.0-win32-x64\jre\17.0.4.1-win32-x86_64\bin\net.dll
0x00007ffadf600000 - 0x00007ffadf6de000 	C:\Windows\SYSTEM32\WINHTTP.dll
0x00007ffae9b10000 - 0x00007ffae9b76000 	C:\Windows\system32\mswsock.dll
0x00007ffacae50000 - 0x00007ffacae65000 	C:\Users\DELL\.vscode\extensions\redhat.java-1.11.0-win32-x64\jre\17.0.4.1-win32-x86_64\bin\nio.dll
0x00007ffae1660000 - 0x00007ffae1670000 	c:\Users\DELL\.vscode\extensions\redhat.java-1.11.0-win32-x64\jre\17.0.4.1-win32-x86_64\bin\verify.dll
0x00007ffaca020000 - 0x00007ffaca05e000 	C:\Users\DELL\AppData\Roaming\Code\User\globalStorage\redhat.java\1.11.0\config_ss_win\org.eclipse.equinox.launcher\org.eclipse.equinox.launcher.win32.win32.x86_64_1.2.600.v20220720-1916\eclipse_11700.dll
0x00007ffaed300000 - 0x00007ffaed449000 	C:\Windows\System32\ole32.dll

dbghelp: loaded successfully - version: 4.0.5 - missing functions: none
symbol engine: initialized successfully - sym options: 0x614 - pdb path: .;c:\Users\DELL\.vscode\extensions\redhat.java-1.11.0-win32-x64\jre\17.0.4.1-win32-x86_64\bin;C:\Windows\SYSTEM32;C:\Windows\WinSxS\amd64_microsoft.windows.common-controls_6595b64144ccf1df_6.0.16299.125_none_15cbcf8893620c09;c:\Users\DELL\.vscode\extensions\redhat.java-1.11.0-win32-x64\jre\17.0.4.1-win32-x86_64\bin\server;C:\Users\DELL\AppData\Roaming\Code\User\globalStorage\redhat.java\1.11.0\config_ss_win\org.eclipse.equinox.launcher\org.eclipse.equinox.launcher.win32.win32.x86_64_1.2.600.v20220720-1916

VM Arguments:
jvm_args: --add-modules=ALL-SYSTEM --add-opens=java.base/java.util=ALL-UNNAMED --add-opens=java.base/java.lang=ALL-UNNAMED --add-opens=java.base/sun.nio.fs=ALL-UNNAMED -Declipse.application=org.eclipse.jdt.ls.core.id1 -Dosgi.bundles.defaultStartLevel=4 -Declipse.product=org.eclipse.jdt.ls.core.product -Djava.import.generatesMetadataFilesAtProjectRoot=false -Dfile.encoding=utf8 -DwatchParentProcess=false -XX:+UseParallelGC -XX:GCTimeRatio=4 -XX:AdaptiveSizePolicyWeight=90 -Dsun.zip.disableMemoryMapping=true -Xmx1G -Xms100m -Xlog:disable -javaagent:c:\Users\DELL\.vscode\extensions\redhat.java-1.11.0-win32-x64\lombok\lombok-1.18.24.jar 
java_command: c:\Users\DELL\.vscode\extensions\redhat.java-1.11.0-win32-x64\server\plugins\org.eclipse.equinox.launcher_1.6.400.v20210924-0641.jar -configuration c:\Users\DELL\AppData\Roaming\Code\User\globalStorage\redhat.java\1.11.0\config_ss_win -data c:\Users\DELL\AppData\Roaming\Code\User\workspaceStorage\33bd1648870debec2126c90b78d4fd85\redhat.java\ss_ws
java_class_path (initial): c:\Users\DELL\.vscode\extensions\redhat.java-1.11.0-win32-x64\server\plugins\org.eclipse.equinox.launcher_1.6.400.v20210924-0641.jar
Launcher Type: SUN_STANDARD

[Global flags]
    uintx AdaptiveSizePolicyWeight                 = 90                                        {product} {command line}
     intx CICompilerCount                          = 3                                         {product} {ergonomic}
    uintx GCTimeRatio                              = 4                                         {product} {command line}
   size_t InitialHeapSize                          = 104857600                                 {product} {command line}
   size_t MaxHeapSize                              = 1073741824                                {product} {command line}
   size_t MaxNewSize                               = 357564416                                 {product} {ergonomic}
   size_t MinHeapDeltaBytes                        = 524288                                    {product} {ergonomic}
   size_t MinHeapSize                              = 104857600                                 {product} {command line}
   size_t NewSize                                  = 34603008                                  {product} {ergonomic}
    uintx NonNMethodCodeHeapSize                   = 5832780                                {pd product} {ergonomic}
    uintx NonProfiledCodeHeapSize                  = 122912730                              {pd product} {ergonomic}
   size_t OldSize                                  = 70254592                                  {product} {ergonomic}
    uintx ProfiledCodeHeapSize                     = 122912730                              {pd product} {ergonomic}
    uintx ReservedCodeCacheSize                    = 251658240                              {pd product} {ergonomic}
     bool SegmentedCodeCache                       = true                                      {product} {ergonomic}
   size_t SoftMaxHeapSize                          = 1073741824                             {manageable} {ergonomic}
     bool UseCompressedClassPointers               = true                           {product lp64_product} {ergonomic}
     bool UseCompressedOops                        = true                           {product lp64_product} {ergonomic}
     bool UseLargePagesIndividualAllocation        = false                                  {pd product} {ergonomic}
     bool UseParallelGC                            = true                                      {product} {command line}

Logging:
Log output configuration:
 #0: stdout all=off uptime,level,tags
 #1: stderr all=off uptime,level,tags

Environment Variables:
JAVA_HOME=C:\Program Files\Java\jdk1.8.0_211
CLASSPATH=.;
PATH=C:\Users\DELL\bin;C:\Program Files\Git\mingw64\bin;C:\Program Files\Git\usr\local\bin;C:\Program Files\Git\usr\bin;C:\Program Files\Git\usr\bin;C:\Program Files\Git\mingw64\bin;C:\Program Files\Git\usr\bin;C:\Users\DELL\bin;C:\Program Files\Common Files\Oracle\Java\javapath;C:\Program Files (x86)\Common Files\Oracle\Java\javapath;C:\Python39\Scripts;C:\Python39;C:\ProgramData\Oracle\Java\javapath;C:\Program Files (x86)\Intel\iCLS Client;C:\Program Files\Intel\iCLS Client;C:\Windows\system32;C:\Windows;C:\Windows\System32\Wbem;C:\Windows\System32\WindowsPowerShell\v1.0;C:\Program Files\Intel\Intel(R) Management Engine Components\DAL;C:\Program Files\Intel\Intel(R) Management Engine Components\IPT;C:\Program Files (x86)\Intel\Intel(R) Management Engine Components\DAL;C:\Program Files (x86)\Intel\Intel(R) Management Engine Components\IPT;C:\Program Files\Microsoft SQL Server\Client SDK\ODBC\170\Tools\Binn;C:\Program Files\Microsoft VS Code\bin;C:\ProgramData\chocolatey\bin;C:\Program Files\Java\jdk1.8.0_211\bin;C:\Program Files\dotnet;C:\Program Files\Microsoft SQL Server\130\Tools\Binn;C:\Program Files (x86)\Microsoft SQL Server\150\Tools\Binn;C:\Program Files\Microsoft SQL Server\150\Tools\Binn;C:\Program Files\Microsoft SQL Server\150\DTS\Binn;C:\Program Files (x86)\Microsoft SQL Server\150\DTS\Binn;C:\Program Files\Git\cmd;C:\Program Files (x86)\dotnet;C:\Program Files\MySQL\MySQL Shell 8.0\bin;C:\Users\DELL\AppData\Local\Programs\Python\Python310\Scripts;C:\Users\DELL\AppData\Local\Programs\Python\Python310;C:\Windows\System32;C:\Users\DELL\AppData\Local\Microsoft\WindowsApps;C:\Program Files\Azure Data Studio\bin;C:\Users\DELL\.dotnet\tools;C:\Program Files\Azure Data Studio\bin;C:\Program Files\Git\usr\bin\vendor_perl;C:\Program Files\Git\usr\bin\core_perl
USERNAME=DELL
SHELL=C:\Program Files\Git\usr\bin\bash.exe
DISPLAY=needs-to-be-defined
LC_CTYPE=pt_BR.UTF-8
TERM=xterm
TMPDIR=C:\Windows\TEMP
OS=Windows_NT
PROCESSOR_IDENTIFIER=Intel64 Family 6 Model 94 Stepping 3, GenuineIntel
TMP=C:\Windows\TEMP
TEMP=C:\Windows\TEMP



---------------  S Y S T E M  ---------------

OS:
 Windows 10 , 64 bit Build 16299 (10.0.16299.15)
OS uptime: 0 days 8:32 hours

CPU: total 4 (initial active 4) (4 cores per cpu, 1 threads per core) family 6 model 94 stepping 3 microcode 0xba, cx8, cmov, fxsr, mmx, 3dnowpref, sse, sse2, sse3, ssse3, sse4.1, sse4.2, popcnt, lzcnt, tsc, tscinvbit, avx, avx2, aes, erms, clmul, bmi1, bmi2, rtm, adx, fma, vzeroupper, clflush, clflushopt

Memory: 4k page, system-wide physical 8094M (1289M free)
TotalPageFile size 8094M (AvailPageFile size 4M)
current process WorkingSet (physical memory assigned to process): 124M, peak: 126M
current process commit charge ("private bytes"): 222M, peak: 223M

vm_info: OpenJDK 64-Bit Server VM (17.0.4.1+1) for windows-amd64 JRE (17.0.4.1+1), built on Aug 17 2022 07:42:43 by "temurin" with MS VC++ 16.7 (VS2019)

END.
